[ Jul 19 2012 13:02:29 ] [var/ezdemo_site/cache/template/compiled/ezmusubitemscontextmenu-c94621efc86d05fd6de219ce7922b407.php]
[ Jul 19 2012 13:02:29 ] [var/ezdemo_site/cache/template/compiled/popup_class_menu-c1b3805ab6ea5cd1fe93ff4db126fb90.php]
[ Jul 19 2012 13:02:29 ] [var/ezdemo_site/cache/template/compiled/popup_bookmark_menu-105ee30163c5f8c461c06b9d0dee0709.php]
[ Jul 19 2012 13:02:29 ] [var/ezdemo_site/cache/template/compiled/ezflcontextsubmenu-8c11aace0efc60cfa96d95948f6b45e3.php]
[ Jul 19 2012 13:02:29 ] [var/ezdemo_site/cache/template/compiled/popup_tag_menu-56c7eac920f759543dccf72bcad510e2.php]
[ Jul 19 2012 13:02:29 ] [var/ezdemo_site/cache/template/compiled/oocontextsubmenu-d62d1c4890669300f0a6a372633494d0.php]
[ Jul 19 2012 13:02:29 ] [var/ezdemo_site/cache/template/compiled/popup_sub_createhere_menu-5fbe81a8fbb248700306f33efae36b6a.php]
[ Jul 19 2012 13:02:29 ] [var/ezdemo_site/cache/template/compiled/popup_sub_edit_menu-aca9da06c0a912eda72c2d7cfe9566cb.php]
[ Jul 19 2012 13:02:29 ] [var/ezdemo_site/cache/template/compiled/popup_sub_advance_menu-bd26db51ae8b8db105933741bab5aebd.php]
[ Jul 19 2012 13:02:29 ] [var/ezdemo_site/cache/template/compiled/popup_sub_editclass_menu-4e633a8f65c4a69ce960e0638844ec28.php]
[ Jul 19 2012 13:02:30 ] [var/ezdemo_site/cache/template/compiled/popup_sub_siteaccess_menus-e9f40e7f019447fa1ea0156644d1b1c6.php]
[ Jul 19 2012 13:02:41 ] [var/cache/ini/site-c1623af31c16fc3ffee5a05097e95dd6.php]
[ Jul 19 2012 13:02:41 ] [var/cache/ini/i18n-678d2accc237fa9079b9b3abc491748f.php]
[ Jul 19 2012 13:02:41 ] [var/cache/ini/i18n-f7061ade0fe840d15a8c81f654b48eb1.php]
[ Jul 19 2012 13:02:41 ] [var/cache/ini/template-c6ee29cf29032e5b4d98caef606d8fbd.php]
[ Jul 19 2012 13:02:41 ] [var/cache/ini/file-33c0d0b2750379ea6bbc0a7c3b47cab4.php]
[ Jul 19 2012 13:02:41 ] [var/cache/ini/debug-30b58d57277a91a861853a35747eb10e.php]
[ Jul 19 2012 13:02:41 ] [var/cache/ini/site-808e6bdba55911a5b0281c32d55b9de1.php]
[ Jul 19 2012 13:02:41 ] [var/cache/ini/site-e8bb5e5af26f4f69b6f690dedc4addae.php]
[ Jul 19 2012 13:02:42 ] [var/cache/ini/module-0f91058937f7b577abe0e05b7d5c4bf6.php]
[ Jul 19 2012 13:02:42 ] [var/cache/ini/eng-GB-d8be836272004af9bb6304496b9b3e39.php]
[ Jul 19 2012 13:02:42 ] [var/cache/ini/template-31fd1ffa4a81159a3f998d0efea5a878.php]
[ Jul 19 2012 13:02:42 ] [var/cache/ini/file-6acb14e76d2e83ede2604fe8712d1a5e.php]
[ Jul 19 2012 13:02:42 ] [var/cache/ini/debug-5fe6a184a1d7c0dab6b47993bcd24814.php]
[ Jul 19 2012 13:02:42 ] [var/ezdemo_site/cache/classidentifiers_425ec47d2558cb164c497c87da685f1e.php]
[ Jul 19 2012 13:02:42 ] [var/cache/ini/override-9683f41c98c746e52f6c2b5f2d92af02.php]
[ Jul 19 2012 13:02:42 ] [var/cache/ini/design-387315484c704813cc2e2643cf5601bd.php]
[ Jul 19 2012 13:02:47 ] [var/ezdemo_site/cache/override/override_417d05267127758a3d45c38a4eb4feca.php]
[ Jul 19 2012 13:02:47 ] [var/ezdemo_site/cache/template/compiled/members-0f53bfbce8cf5269e76f055a26983735.php]
[ Jul 19 2012 13:02:47 ] [var/cache/ini/menu-21db6c3d6997940e312f6cf18ada1445.php]
[ Jul 19 2012 13:02:47 ] [var/ezdemo_site/cache/template/compiled/pagelayout-674970a215cf6b5e8f304abba51df072.php]
[ Jul 19 2012 13:02:47 ] [var/cache/ini/ezjscore-6e52fb82ae24532b2f08e78eed8496fe.php]
[ Jul 19 2012 13:02:47 ] [var/cache/ini/content-2d048b24188d8defd4e0a9b8d98ccaa4.php]
[ Jul 19 2012 13:02:47 ] [var/cache/ini/ezjscore-f58e8f456ebac6ed6768b35d52a296e5.php]
[ Jul 19 2012 13:02:48 ] [var/cache/ini/design-9b004ab1c6116aaff235d4cd04e69924.php]
[ Jul 19 2012 13:02:49 ] [var/ezdemo_site/cache/template/compiled/member-9ab8eb16dc0f42f359cee2f5008bce52.php]
[ Jul 19 2012 13:02:49 ] [var/cache/ini/content-1cbc2720b7655bdf22de92d4f3543a8a.php]
[ Jul 19 2012 13:02:49 ] [var/ezdemo_site/cache/template/compiled/ezimage-cd8b07f3d5cd32bf6e1b16bcc2510134.php]
[ Jul 19 2012 13:02:50 ] [var/cache/ini/image-d9cb5b4ce1e283ffbada0fa34c92297a.php]
[ Jul 19 2012 13:02:50 ] [var/cache/ini/mime-5f4c325b50528a6fbc65c074fbe2486d.php]
[ Jul 19 2012 13:03:12 ] [var/cache/ini/extendedattributefilter-cbb4e8f7377b03c5fd2d12aefedd0afa.php]
[ Jul 19 2012 13:03:12 ] [var/ezdemo_site/cache/classattributeidentifiers_425ec47d2558cb164c497c87da685f1e.php]
[ Jul 19 2012 13:03:25 ] [var/cache/ini/site-73b4e83ef75379b95b76a1400609248a.php]
[ Jul 19 2012 13:03:25 ] [var/cache/ini/module-517f8cdc3250531862d1d48a2d1db96b.php]
[ Jul 19 2012 13:03:25 ] [var/cache/ini/file-cfc417b6e06929c0a2694abc744defe5.php]
[ Jul 19 2012 13:03:25 ] [var/cache/ini/debug-921795099ca4a2bbf75679aa24e61d8b.php]
[ Jul 19 2012 13:03:25 ] [var/cache/ini/eng-GB-d72b4edadc8a3d8bdd6b74c61c6702b7.php]
[ Jul 19 2012 13:03:25 ] [var/ezdemo_site/cache/statelimitations_425ec47d2558cb164c497c87da685f1e.php]
[ Jul 19 2012 13:03:25 ] [var/cache/ini/template-1153250f0b99205519c265b225a74fe5.php]
[ Jul 19 2012 13:03:25 ] [var/cache/ini/content-5b95cca10fda2aaa08ffd5552f7f184b.php]
[ Jul 19 2012 13:03:25 ] [var/cache/ini/workflow-03b44f6125d07382a78238edc4146b1a.php]
[ Jul 19 2012 13:03:25 ] [var/cache/ini/design-7c178d83975444f9aed4c741e3a4d904.php]
[ Jul 19 2012 13:03:25 ] [var/ezdemo_site/cache/template/compiled/full-354ceb2f88826afea71c781b6bc0d014.php]
[ Jul 19 2012 13:03:25 ] [var/ezdemo_site/cache/template/compiled/infocollection_validation-542f577defa0d628a9e5eed787ffee76.php]
[ Jul 19 2012 13:03:25 ] [var/cache/ini/icon-46abe2ae68edcdd68dc10076cd3a3e7a.php]
[ Jul 19 2012 13:03:25 ] [var/cache/ini/icon-7039a46922b34a8a37f947088f283ea4.php]
[ Jul 19 2012 13:03:25 ] [var/cache/ini/icon-de8810ed61ab2240f006772200080167.php]
[ Jul 19 2012 13:03:25 ] [var/cache/ini/admininterface-0a81a072f98ab489974bb19a27cc3727.php]
[ Jul 19 2012 13:03:25 ] [var/ezdemo_site/cache/template/compiled/window_controls-71d9824664767d7f0896392b60be12b5.php]
[ Jul 19 2012 13:03:25 ] [var/ezdemo_site/cache/template/compiled/window_controls_extratabs-49c5356d045966b902b359e87a537dae.php]
[ Jul 19 2012 13:03:25 ] [var/ezdemo_site/cache/template/compiled/roles_header-57eec7c50385f722e182aa151ed2578a.php]
[ Jul 19 2012 13:03:25 ] [var/ezdemo_site/cache/template/compiled/policies_header-af64561d39db744f6e02d1c9e1eb09a6.php]
[ Jul 19 2012 13:03:25 ] [var/ezdemo_site/cache/template/compiled/windows-7cee762ae170ea072384b044d4704767.php]
[ Jul 19 2012 13:03:26 ] [var/ezdemo_site/cache/template/compiled/preview-95f13d8bf72f31102bb36d5ddbe30808.php]
[ Jul 19 2012 13:03:26 ] [var/ezdemo_site/cache/template/compiled/admin_preview-b131ae28626460e4505cdbba0fbc2407.php]
[ Jul 19 2012 13:03:26 ] [var/cache/ini/datatype-090b05e23a91707d9b78e4ee08568161.php]
[ Jul 19 2012 13:03:26 ] [var/ezdemo_site/cache/template/compiled/ezstring-3fdb56c104be6fe02b480000ed79dca9.php]
[ Jul 19 2012 13:03:26 ] [var/ezdemo_site/cache/template/compiled/details-18c56ec47ef22af565ba513991ded885.php]
[ Jul 19 2012 13:03:26 ] [var/ezdemo_site/cache/template/compiled/translations-32538f8a34dc83140c59bfeef43e7c77.php]
[ Jul 19 2012 13:03:26 ] [var/ezdemo_site/cache/template/compiled/locations-246c9bd462d6f3899f771d73795f133b.php]
[ Jul 19 2012 13:03:26 ] [var/ezdemo_site/cache/template/compiled/relations-091c6577d3b356a24fb12c1b8bb4deb0.php]
[ Jul 19 2012 13:03:26 ] [var/ezdemo_site/cache/template/compiled/google-af4e7585df2e1d34c59536cc6ec90f82.php]
[ Jul 19 2012 13:03:26 ] [var/ezdemo_site/cache/template/compiled/ordering-ac03f2164cfedcef3e80fa189ae79e06.php]
[ Jul 19 2012 13:03:26 ] [var/ezdemo_site/cache/template/compiled/windows_extratabs-793e915c7f608857c621bc72989e70b2.php]
[ Jul 19 2012 13:03:26 ] [var/ezdemo_site/cache/template/compiled/roles-0da4762a97359759fa913d29663bf1d0.php]
[ Jul 19 2012 13:03:26 ] [var/ezdemo_site/cache/template/compiled/policies-b3ecdee0687d581c397eb1b82ab63418.php]
[ Jul 19 2012 13:03:26 ] [var/ezdemo_site/cache/template/compiled/children-f54f18fd4cff24e759b6133c7893cf65.php]
[ Jul 19 2012 13:03:26 ] [var/ezdemo_site/cache/template/compiled/children_detailed-9117af1d16f2089991c8dd4472cb4c4b.php]
[ Jul 19 2012 13:03:26 ] [var/cache/ini/contentstructuremenu-14680ff539fdb870cfab316cbf1bc1c1.php]
[ Jul 19 2012 13:03:26 ] [var/ezdemo_site/cache/template/compiled/alphabetical-55fb2e0754ffebdf99e49d723d90ddf8.php]
[ Jul 19 2012 13:03:26 ] [var/cache/ini/menu-3fb8819694d7d3e2ab372755259a698e.php]
[ Jul 19 2012 13:03:26 ] [var/cache/ini/ezjscore-fab086e0711bcc53353de314d52ba4ba.php]
[ Jul 19 2012 13:03:27 ] [var/ezdemo_site/cache/template/compiled/menu-328b320f85fe99324b7feed844ad2855.php]
[ Jul 19 2012 13:03:27 ] [var/ezdemo_site/cache/template/compiled/content_structure_menu_dynamic-5707cc15821ca4290fda3bd9b0101848.php]
[ Jul 19 2012 13:03:28 ] [var/cache/ini/image-c87d094a63c994878f0b5d0e438405e9.php]
[ Jul 19 2012 13:03:33 ] [var/cache/ini/mime-cee20bc6a5e17b507b30076805403580.php]
[ Jul 19 2012 13:03:41 ] [var/cache/ini/transform-ad5a6221d191ba9b395113f32b98c4e1.php]
[ Jul 19 2012 13:03:41 ] [var/ezdemo_site/cache/codepages/36e48c5d322c489dd3ee4e51ffda1494.php]
[ Jul 19 2012 13:03:41 ] [var/ezdemo_site/cache/trans/g-lowercase-635518252-utf-8.ctt.php]
[ Jul 19 2012 13:03:42 ] [var/ezdemo_site/cache/template/compiled/edit-c27e26df23fcfe5d095be5c501c49607.php]
[ Jul 19 2012 13:03:42 ] [var/ezdemo_site/cache/template/compiled/edit_menu-182098e631152af7b9f61a20f6cb00d2.php]
[ Jul 19 2012 13:03:42 ] [var/ezdemo_site/cache/template/compiled/add_to_block-810eb092dc9bf2982778d8e27cc154b5.php]
[ Jul 19 2012 13:03:42 ] [var/ezdemo_site/cache/template/compiled/object_information-e7f0289c2081cbdd50323ed7091b41e9.php]
[ Jul 19 2012 13:03:42 ] [var/ezdemo_site/cache/template/compiled/edit_sections-979ad9b397c918c83ba78a09d97460cd.php]
[ Jul 19 2012 13:03:42 ] [var/ezdemo_site/cache/template/compiled/edit_states-d473229cbf9c32e2967136f92fb282e4.php]
[ Jul 19 2012 13:03:42 ] [var/ezdemo_site/cache/template/compiled/edit_validation-c040ff80d988b2037c7360982af085f0.php]
[ Jul 19 2012 13:03:42 ] [var/cache/ini/autosave-f9fe3fa782042483fe77a780c420ccc9.php]
[ Jul 19 2012 13:03:42 ] [var/ezdemo_site/cache/template/compiled/autosave-f897e93b5baf117d2a9ee60d19a350e1.php]
[ Jul 19 2012 13:03:42 ] [var/ezdemo_site/cache/template/compiled/edit_attribute-70832532111dbd6ada254224e708c421.php]
[ Jul 19 2012 13:03:42 ] [var/ezdemo_site/cache/template/compiled/ezstring-38c58c6dd3349b56dad19ef53b299b0f.php]
[ Jul 19 2012 13:03:42 ] [var/ezdemo_site/cache/template/compiled/ezuser-7f02e43a2b44021a8a59326494ddf4e6.php]
[ Jul 19 2012 13:03:42 ] [var/cache/ini/units-ac753815c8cf50ed4ccbc5feb16608c5.php]
[ Jul 19 2012 13:03:42 ] [var/ezdemo_site/cache/template/compiled/ezimage-1d6b7d476f4ee60736dddea7aaf8a922.php]
[ Jul 19 2012 13:03:42 ] [var/ezdemo_site/cache/template/compiled/gui-d40d9962cd2ca4d8e44b198cbcf39ef6.php]
[ Jul 19 2012 13:03:42 ] [var/ezdemo_site/cache/template/compiled/ezimage-025bac27284f89042858bf28b6b4ab8b.php]
[ Jul 19 2012 13:03:42 ] [var/ezdemo_site/cache/template/compiled/ezurl-b3118afa4631c0c9334319dab104bb1b.php]
[ Jul 19 2012 13:03:42 ] [var/ezdemo_site/cache/template/compiled/ezselection-9f6430dc6b2f5bd67984350f60c00f35.php]
[ Jul 19 2012 13:03:43 ] [var/ezdemo_site/cache/template/compiled/eztags-fd34e100aea9121f3278914b16edcced.php]
[ Jul 19 2012 13:03:43 ] [var/ezdemo_site/cache/template/compiled/modal_dialog-a3f57e222a5588d4019a689a2d2a507a.php]
[ Jul 19 2012 13:03:43 ] [var/cache/ini/eztags-02e5f18fdd0780adc93033c9087dcd82.php]
[ Jul 19 2012 13:03:43 ] [var/ezdemo_site/cache/template/compiled/tree_menu_script-d170932dd0c892b98a0c94311514dcc3.php]
[ Jul 19 2012 13:03:43 ] [var/ezdemo_site/cache/template/compiled/tree_menu-12104659fcca115f2d4bbfc6b4858bc3.php]
[ Jul 19 2012 13:03:43 ] [var/ezdemo_site/cache/template/compiled/ezobjectrelationlist-fa7fab151a3e83c7b74718acbbf4ab5f.php]
[ Jul 19 2012 13:03:44 ] [var/ezdemo_site/cache/template/compiled/edit_relations-350b9b1453839c51cfe946a103ed27d8.php]
[ Jul 19 2012 13:03:53 ] [var/ezdemo_site/cache/template/compiled/ajax_preview-821bbcbc96f7c03c00b2e6ced815a2d5.php]
[ Jul 19 2012 13:03:56 ] [var/ezdemo_site/cache/template/compiled/full-2e49bb6c06fa67d355c9682f70472faf.php]
[ Jul 19 2012 13:03:56 ] [var/ezdemo_site/cache/template/compiled/ezstring-de6662358a7124eba5e9cfdc273b8985.php]
[ Jul 19 2012 13:03:56 ] [var/ezdemo_site/cache/template/compiled/ezuser-5eadd908193f07336b5834bd4a574e3b.php]
[ Jul 19 2012 13:03:56 ] [var/ezdemo_site/cache/template/compiled/ezimage-609f029484a44df2ace2f29d7d61d9ee.php]
[ Jul 19 2012 13:03:56 ] [var/ezdemo_site/cache/template/compiled/ezurl-599118f9dc386556a52f40efd46dce93.php]
[ Jul 19 2012 13:03:56 ] [var/ezdemo_site/cache/template/compiled/ezselection-4003021bd00b035c5ce6c7d254474200.php]
[ Jul 19 2012 13:03:56 ] [var/ezdemo_site/cache/template/compiled/eztags-6e6382a4f5f03b468ebbec4d45527cf9.php]
[ Jul 19 2012 13:03:56 ] [var/cache/ini/eztags-34d00a1218785c78cecfa89f45d5584a.php]
[ Jul 19 2012 13:03:56 ] [var/ezdemo_site/cache/template/compiled/ezobjectrelationlist-ee04a7d71691fbc56e765950f20c5b30.php]
[ Jul 19 2012 13:03:56 ] [var/cache/ini/menu-ae1429a6202fcaab122bfd2ff6740737.php]
[ Jul 19 2012 13:03:56 ] [var/ezdemo_site/cache/template/compiled/pagelayout-c71cc30e33e1d70089566fb2af10c2c2.php]
[ Jul 19 2012 13:04:23 ] [var/ezdemo_site/cache/trans/g-urlalias-1350215278-utf-8.ctt.php]
[ Jul 19 2012 13:04:23 ] [var/ezdemo_site/cache/trans/g-urlalias_compat-289587731-utf-8.ctt.php]
[ Jul 19 2012 13:04:23 ] [var/cache/ini/viewcache-fe56ffe99e01bc33d32f0106bd1e604b.php]
[ Jul 19 2012 13:04:24 ] [var/ezdemo_site/cache/trans/g-search-1924056142-utf-8.ctt.php]
[ Jul 19 2012 13:04:24 ] [var/cache/ini/notification-86fef672800cd9c3a8ef3e8bddf9d2e7.php]
[ Jul 19 2012 13:06:17 ] [var/cache/ini/workflow-4bcd07936b0473e59eb6262e5c14741a.php]
[ Jul 19 2012 13:06:17 ] [var/ezdemo_site/cache/template/compiled/full-9570c968536a3b550ec8cd4b92c5c7c3.php]
[ Jul 19 2012 13:06:17 ] [var/ezdemo_site/cache/template/compiled/collectedinfo_validation-cbfec3525060bfad93a6cc36e180f06c.php]
[ Jul 19 2012 13:06:17 ] [var/ezdemo_site/cache/template/compiled/ezstring-e669d62f8a047177d8e388d687fdcdfa.php]
[ Jul 19 2012 13:06:18 ] [var/cache/ini/ezxml-0e514c7907f7aa71579a9658f13a4baa.php]
[ Jul 19 2012 13:06:18 ] [var/ezdemo_site/cache/template/compiled/ezxmltext-87227d8ee5b087575c9d575870e18caf.php]
[ Jul 19 2012 13:06:18 ] [var/ezdemo_site/cache/template/compiled/paragraph-524f6a733a0b96cebd01a9bb175c8939.php]
[ Jul 19 2012 13:07:06 ] [var/ezdemo_site/cache/sortkey_425ec47d2558cb164c497c87da685f1e.php]
[ Jul 19 2012 14:52:01 ] [var/cache/ini/error-8286c5c61e3961077195697f49279bd9.php]
[ Jul 19 2012 14:52:03 ] [var/ezdemo_site/cache/template/compiled/login-dc5bd1103d42fe0879e00b007de83bfa.php]
[ Jul 19 2012 14:52:03 ] [var/ezdemo_site/cache/template/compiled/1-6fdfc7ecc51f06a1e692496bf22f2cae.php]
[ Jul 19 2012 14:52:13 ] [var/cache/ini/audit-3157fdfa8659b7cbb025276b5500d4d9.php]
[ Jul 20 2012 16:45:04 ] [var/ezdemo_site/cache/template/compiled/login-b883126ffa174eed66c6fb2726ac1406.php]
[ Jul 20 2012 16:45:05 ] [var/ezdemo_site/cache/template/compiled/loginpagelayout-1e92b2e6de5ef9a7764a2426f27ec277.php]
[ Jul 20 2012 16:45:05 ] [var/ezdemo_site/cache/template/compiled/page_head-96efea6488e8a2717fcbddb6b39cf05a.php]
[ Jul 20 2012 16:45:05 ] [var/ezdemo_site/cache/template/compiled/link-f296cf7fb361f3641e2a68e650840470.php]
[ Jul 20 2012 16:45:05 ] [var/ezdemo_site/cache/template/compiled/page_head_style-2d0314a6cc174e2291a187d9e0989e6f.php]
[ Jul 20 2012 16:45:05 ] [var/ezdemo_site/cache/template/compiled/page_head_style_inline-3302ebef2c2b8291117938bddfc091da.php]
[ Jul 20 2012 16:45:05 ] [var/ezdemo_site/cache/template/compiled/page_head_script-35f24ee9c9eb210b2c58c0add75fb739.php]
[ Jul 20 2012 16:45:05 ] [var/ezdemo_site/cache/template/compiled/page_mainarea-dcd0c289f64ffc36d67567562a0996dd.php]
[ Jul 20 2012 16:45:05 ] [var/ezdemo_site/cache/template/compiled/page_warning-9b12c231f3258f63b469a0970c3b03b1.php]
[ Jul 20 2012 16:45:05 ] [var/ezdemo_site/cache/template/compiled/page_copyright-1be8f3efaef33d39ee77a80b8bf8c2d4.php]
[ Jul 20 2012 16:45:12 ] [var/cache/ini/audit-3c57935114e6eece57159a75965c4810.php]
[ Jul 20 2012 16:45:13 ] [var/cache/ini/dashboard-85183da20e61d914428811a8d72de4cf.php]
[ Jul 20 2012 16:45:13 ] [var/ezdemo_site/cache/template/compiled/dashboard-21e51bc3e7992d4ab900943eb26fe914.php]
[ Jul 20 2012 16:45:13 ] [var/ezdemo_site/cache/template/compiled/pending_list-83eae2897e172867cbbab343f22bc796.php]
[ Jul 20 2012 16:45:13 ] [var/ezdemo_site/cache/template/compiled/maintenance-58ec7c23b19876e93458541589e968ee.php]
[ Jul 20 2012 16:45:13 ] [var/ezdemo_site/cache/template/compiled/drafts-976a2ea30982f2bc84f955677e3d9c11.php]
[ Jul 20 2012 16:45:14 ] [var/ezdemo_site/cache/template/compiled/latest_content-258bd38534955ecc7ecc32ca9aeb3f05.php]
[ Jul 20 2012 16:45:14 ] [var/ezdemo_site/cache/template/compiled/all_latest_content-fc310ed8e0e308376a7130806c95cfad.php]
[ Jul 20 2012 16:45:15 ] [var/ezdemo_site/cache/template/compiled/menu-d47727a673e32bfc55bacab7f9a4d42d.php]
[ Jul 20 2012 16:45:27 ] [var/cache/ini/texttoimage-1b28b970a05ea5cff4f11a09b2070beb.php]
[ Jul 20 2012 16:45:29 ] [var/ezdemo_site/cache/template/compiled/grouplist-8d6072ddd03be81e3ea98e1c7ce8a20f.php]
[ Jul 25 2012 17:34:47 ] [var/ezdemo_site/storage/images-versioned/413/1-eng-GB/Miranda-Tate2.jpg]
[ Jul 25 2012 17:36:07 ] [var/ezdemo_site/storage/images-versioned/429/1-eng-GB/Bruce-Wayne2.jpg]
[ Jul 25 2012 17:36:40 ] [var/ezdemo_site/cache/template/compiled/embed-54a5c30ffdde7d5efa376226b373b3bf.php]
[ Jul 25 2012 17:39:36 ] [var/ezdemo_site/storage/images-versioned/445/1-eng-GB/Bane2.jpg]
[ Jul 25 2012 17:40:25 ] [var/cache/ini/site-c1623af31c16fc3ffee5a05097e95dd6.php]
[ Jul 25 2012 17:40:25 ] [var/cache/ini/site-808e6bdba55911a5b0281c32d55b9de1.php]
[ Jul 25 2012 17:40:25 ] [var/cache/ini/site-73b4e83ef75379b95b76a1400609248a.php]
[ Jul 25 2012 17:40:30 ] [var/cache//active_extensions_fff47e7fa1f73598429936b0d3825ef4.php]
[ Jul 25 2012 17:40:30 ] [var/cache/ini/override-00fa6f60e439d08c4ea5a9b471b7504e.php]
[ Jul 25 2012 17:40:30 ] [var/cache/ini/design-db5036185f9d10b83900f415966962ee.php]
[ Jul 25 2012 17:40:30 ] [var/cache/ini/menu-edb59e27be4c195ed5cf637295c686d1.php]
[ Jul 25 2012 17:40:31 ] [var/cache/ini/ezjscore-d27d2ebb99ab9b99d87338c70af2c21b.php]
[ Jul 25 2012 17:40:32 ] [var/cache/ini/admininterface-ad9b7a004d1681acf9c0b90a9a1230cb.php]
[ Jul 25 2012 17:40:35 ] [var/cache/ini/site-c1623af31c16fc3ffee5a05097e95dd6.php]
[ Jul 25 2012 17:40:35 ] [var/cache/ini/i18n-678d2accc237fa9079b9b3abc491748f.php]
[ Jul 25 2012 17:40:35 ] [var/cache/ini/i18n-f7061ade0fe840d15a8c81f654b48eb1.php]
[ Jul 25 2012 17:40:35 ] [var/cache/ini/template-c6ee29cf29032e5b4d98caef606d8fbd.php]
[ Jul 25 2012 17:40:35 ] [var/cache/ini/file-33c0d0b2750379ea6bbc0a7c3b47cab4.php]
[ Jul 25 2012 17:40:35 ] [var/cache/ini/debug-30b58d57277a91a861853a35747eb10e.php]
[ Jul 25 2012 17:40:35 ] [var/cache/ini/site-808e6bdba55911a5b0281c32d55b9de1.php]
[ Jul 25 2012 17:40:35 ] [var/cache/ini/site-e8bb5e5af26f4f69b6f690dedc4addae.php]
[ Jul 25 2012 17:40:35 ] [var/cache/ini/module-0f91058937f7b577abe0e05b7d5c4bf6.php]
[ Jul 25 2012 17:40:35 ] [var/cache/ini/eng-GB-d8be836272004af9bb6304496b9b3e39.php]
[ Jul 25 2012 17:40:35 ] [var/cache/ini/template-31fd1ffa4a81159a3f998d0efea5a878.php]
[ Jul 25 2012 17:40:35 ] [var/cache/ini/file-6acb14e76d2e83ede2604fe8712d1a5e.php]
[ Jul 25 2012 17:40:35 ] [var/cache/ini/debug-5fe6a184a1d7c0dab6b47993bcd24814.php]
[ Jul 25 2012 17:40:35 ] [var/ezdemo_site/cache/classidentifiers_425ec47d2558cb164c497c87da685f1e.php]
[ Jul 25 2012 17:40:35 ] [var/cache/ini/override-9683f41c98c746e52f6c2b5f2d92af02.php]
[ Jul 25 2012 17:40:35 ] [var/cache/ini/design-387315484c704813cc2e2643cf5601bd.php]
[ Jul 25 2012 17:40:35 ] [var/cache/ini/menu-21db6c3d6997940e312f6cf18ada1445.php]
[ Jul 25 2012 17:40:36 ] [var/cache/ini/ezjscore-6e52fb82ae24532b2f08e78eed8496fe.php]
[ Jul 25 2012 17:40:36 ] [var/cache/ini/content-2d048b24188d8defd4e0a9b8d98ccaa4.php]
[ Jul 25 2012 17:40:36 ] [var/cache/ini/ezjscore-f58e8f456ebac6ed6768b35d52a296e5.php]
[ Jul 25 2012 17:40:36 ] [var/cache/ini/design-9b004ab1c6116aaff235d4cd04e69924.php]
[ Jul 25 2012 17:40:36 ] [var/cache/ini/content-1cbc2720b7655bdf22de92d4f3543a8a.php]
[ Jul 25 2012 17:40:37 ] [var/cache/ini/image-d9cb5b4ce1e283ffbada0fa34c92297a.php]
[ Jul 25 2012 17:40:37 ] [var/cache/ini/mime-5f4c325b50528a6fbc65c074fbe2486d.php]
[ Jul 25 2012 17:40:41 ] [var/ezdemo_site/cache/classattributeidentifiers_425ec47d2558cb164c497c87da685f1e.php]
[ Jul 25 2012 17:40:42 ] [var/ezdemo_site/cache/sortkey_425ec47d2558cb164c497c87da685f1e.php]
[ Jul 25 2012 17:41:58 ] [var/cache/ini/menu-ae1429a6202fcaab122bfd2ff6740737.php]
[ Jul 25 2012 18:17:49 ] [var/ezdemo_site/cache/statelimitations_425ec47d2558cb164c497c87da685f1e.php]
[ Jul 25 2012 18:17:49 ] [var/cache/ini/workflow-4bcd07936b0473e59eb6262e5c14741a.php]
[ Jul 25 2012 18:17:49 ] [var/cache/ini/ezxml-0e514c7907f7aa71579a9658f13a4baa.php]
[ Jul 25 2012 18:39:19 ] [var/cache/ini/extendedattributefilter-cbb4e8f7377b03c5fd2d12aefedd0afa.php]
[ Jul 25 2012 19:34:10 ] [var/cache/ini/site-73b4e83ef75379b95b76a1400609248a.php]
[ Jul 25 2012 19:34:10 ] [var/cache/ini/module-517f8cdc3250531862d1d48a2d1db96b.php]
[ Jul 25 2012 19:34:10 ] [var/cache/ini/file-cfc417b6e06929c0a2694abc744defe5.php]
[ Jul 25 2012 19:34:10 ] [var/cache/ini/debug-921795099ca4a2bbf75679aa24e61d8b.php]
[ Jul 25 2012 19:34:10 ] [var/cache/ini/eng-GB-d72b4edadc8a3d8bdd6b74c61c6702b7.php]
[ Jul 25 2012 19:34:10 ] [var/cache/ini/template-1153250f0b99205519c265b225a74fe5.php]
[ Jul 25 2012 19:34:11 ] [var/cache/ini/content-5b95cca10fda2aaa08ffd5552f7f184b.php]
[ Jul 25 2012 19:34:11 ] [var/cache/ini/workflow-03b44f6125d07382a78238edc4146b1a.php]
[ Jul 25 2012 19:34:11 ] [var/cache/ini/design-7c178d83975444f9aed4c741e3a4d904.php]
[ Jul 25 2012 19:34:12 ] [var/cache/ini/icon-46abe2ae68edcdd68dc10076cd3a3e7a.php]
[ Jul 25 2012 19:34:12 ] [var/cache/ini/icon-7039a46922b34a8a37f947088f283ea4.php]
[ Jul 25 2012 19:34:12 ] [var/cache/ini/icon-de8810ed61ab2240f006772200080167.php]
[ Jul 25 2012 19:34:12 ] [var/cache/ini/admininterface-0a81a072f98ab489974bb19a27cc3727.php]
[ Jul 25 2012 19:34:13 ] [var/cache/ini/datatype-090b05e23a91707d9b78e4ee08568161.php]
[ Jul 25 2012 19:34:13 ] [var/cache/ini/ezxml-3e995b461f7ae5fb6e7cab20e728819e.php]
[ Jul 25 2012 19:34:13 ] [var/cache/ini/contentstructuremenu-14680ff539fdb870cfab316cbf1bc1c1.php]
[ Jul 25 2012 19:34:14 ] [var/cache/ini/menu-3fb8819694d7d3e2ab372755259a698e.php]
[ Jul 25 2012 19:34:14 ] [var/cache/ini/ezjscore-fab086e0711bcc53353de314d52ba4ba.php]
[ Jul 25 2012 19:34:19 ] [var/cache/ini/image-c87d094a63c994878f0b5d0e438405e9.php]
[ Jul 25 2012 19:34:43 ] [var/cache/ini/autosave-f9fe3fa782042483fe77a780c420ccc9.php]
[ Jul 25 2012 19:34:43 ] [var/cache/ini/ezoe-ace41baa48978fb546b3e19c48a0882a.php]
[ Jul 25 2012 19:34:47 ] [var/cache/ini/transform-ad5a6221d191ba9b395113f32b98c4e1.php]
[ Jul 25 2012 19:34:47 ] [var/ezdemo_site/cache/codepages/36e48c5d322c489dd3ee4e51ffda1494.php]
[ Jul 25 2012 19:34:47 ] [var/ezdemo_site/cache/trans/g-lowercase-635518252-utf-8.ctt.php]
[ Jul 25 2012 19:34:47 ] [var/cache/ini/site-082067df72cf47d8921016a9a88beda0.php]
[ Jul 25 2012 19:34:51 ] [var/cache/ini/browse-d78194798a1ca770c067f500d721a9c7.php]
[ Jul 25 2012 19:34:51 ] [var/ezdemo_site/cache/trans/g-urlalias-1350215278-utf-8.ctt.php]
[ Jul 25 2012 19:34:51 ] [var/ezdemo_site/cache/trans/g-urlalias_compat-289587731-utf-8.ctt.php]
[ Jul 25 2012 19:34:52 ] [var/cache/ini/notification-86fef672800cd9c3a8ef3e8bddf9d2e7.php]
[ Jul 25 2012 19:35:24 ] [var/cache/ini/audit-3c57935114e6eece57159a75965c4810.php]
[ Jul 25 2012 19:35:30 ] [var/cache/ini/mime-cee20bc6a5e17b507b30076805403580.php]
[ Jul 25 2012 19:35:41 ] [var/cache/ini/dashboard-85183da20e61d914428811a8d72de4cf.php]
[ Jul 25 2012 19:37:00 ] [var/cache/ini/error-8286c5c61e3961077195697f49279bd9.php]
[ Jul 25 2012 19:44:32 ] [var/cache/ini/texttoimage-1b28b970a05ea5cff4f11a09b2070beb.php]
[ Jul 25 2012 19:45:58 ] [var/cache/ini/i18n-627dcefbb4415381a17df5d7ce758d0c.php]
[ Jul 25 2012 19:49:43 ] [var/cache/ini/audit-3157fdfa8659b7cbb025276b5500d4d9.php]
[ Jul 25 2012 19:49:43 ] [var/cache/ini/paymentgateways-5d34914456fb42477bf651bba4b69d4d.php]
[ Aug 09 2012 20:30:19 ] [var/cache/ini/paymentgateways-4fd50fe8655a71b37ab438237a737317.php]
[ Aug 09 2012 20:31:12 ] [var/cache/ini/site-53c19d8cbc45c95cb9691a0ab46993db.php]
[ Aug 09 2012 20:31:12 ] [var/cache/ini/site-c1623af31c16fc3ffee5a05097e95dd6.php]
[ Aug 09 2012 20:31:12 ] [var/cache//active_extensions_41a151376841aa7b351e4dd290b9cc31.php]
[ Aug 09 2012 20:31:12 ] [var/cache/ini/site-15127b87e9cffd3858532cecc2331a50.php]
[ Aug 09 2012 20:31:12 ] [var/cache/ini/site-6ad3050722a09cede60a12a067bb5d20.php]
[ Aug 09 2012 20:31:13 ] [var/cache/ini/debug-198f1bb2860b522894a99b001766eeca.php]
[ Aug 09 2012 20:31:13 ] [var/cache/ini/module-ace987d035a1ae7e1848bbf5d92339cf.php]
[ Aug 09 2012 20:31:24 ] [var/cache/ini/override-0b6ce03037500b539fe6628c4e139c27.php]
[ Aug 09 2012 20:31:24 ] [var/cache/ini/design-445ff763d115ff515ee9c4c88461892d.php]
[ Aug 09 2012 20:31:24 ] [var/cache/ini/file-cb8b70c64eb20ba6ff9123aec848af8c.php]
[ Aug 09 2012 20:31:24 ] [var/cache/ini/template-b4043440761a11123145d44bd7a7765d.php]
[ Aug 09 2012 20:31:24 ] [var/cache/ini/menu-5cd67309a363225803a96b32d2f1ae7d.php]
[ Aug 09 2012 20:31:24 ] [var/cache/ini/ezjscore-aa6f11e9a63b1a4baa917fd89fb8598a.php]
[ Aug 09 2012 20:31:24 ] [var/cache/ini/admininterface-b38d7a85c5b2bfeddd94b912802f4e0d.php]
[ Aug 09 2012 20:31:52 ] [var/cache/ini/i18n-678d2accc237fa9079b9b3abc491748f.php]
[ Aug 09 2012 20:31:52 ] [var/cache/ini/i18n-f7061ade0fe840d15a8c81f654b48eb1.php]
[ Aug 09 2012 20:31:52 ] [var/cache/ini/template-c6ee29cf29032e5b4d98caef606d8fbd.php]
[ Aug 09 2012 20:31:52 ] [var/cache/ini/file-33c0d0b2750379ea6bbc0a7c3b47cab4.php]
[ Aug 09 2012 20:31:52 ] [var/cache/ini/debug-30b58d57277a91a861853a35747eb10e.php]
[ Aug 09 2012 20:31:52 ] [var/cache/ini/file-6705dce1d2db0a92b909d2e8cd28aa27.php]
[ Aug 09 2012 20:31:52 ] [var/cache/ini/eng-GB-a3623739fccc0723ffcb00cc86f0f04a.php]
[ Aug 09 2012 20:31:52 ] [var/cache/ini/template-a8176cdd4aa7335c16d57072b91252e1.php]
[ Aug 09 2012 20:31:52 ] [var/cache/ini/site-53c19d8cbc45c95cb9691a0ab46993db.php]
[ Aug 09 2012 20:31:52 ] [var/cache/ini/texttoimage-9ebe1ee86ad01b95d43e68bb8078cc28.php]
[ Aug 09 2012 20:31:52 ] [var/cache/ini/site-c1623af31c16fc3ffee5a05097e95dd6.php]
[ Aug 09 2012 20:31:52 ] [var/cache//active_extensions_92a65647ac70f146d2bafa3f1115fa74.php]
[ Aug 09 2012 20:31:52 ] [var/cache/ini/site-433f7cc242d470975e768398162cf7d0.php]
[ Aug 09 2012 20:31:52 ] [var/cache/ini/site-24f86389383c85d124010124c5ecb431.php]
[ Aug 09 2012 20:31:52 ] [var/cache/ini/debug-8be5e556adf7646316354c4f3bf6a80e.php]
[ Aug 09 2012 20:31:52 ] [var/cache/ini/module-86710f4cb9d7a3fdcd3719a0803da829.php]
[ Aug 09 2012 20:31:54 ] [var/cache/ini/override-ccbd7225624dbcf1ce9c5b1e333eca9b.php]
[ Aug 09 2012 20:31:54 ] [var/cache/ini/design-161ddcab182717e49775384337773f2e.php]
[ Aug 09 2012 20:31:54 ] [var/cache/ini/file-a74ed112d6cd4480af9293248d268376.php]
[ Aug 09 2012 20:31:54 ] [var/cache/ini/template-94ac64550c8e8de1750c04d3d89bc8ee.php]
[ Aug 09 2012 20:31:54 ] [var/cache/ini/menu-4031bc91b376949825088033a916284a.php]
[ Aug 09 2012 20:31:54 ] [var/cache/ini/ezjscore-739980d85580326d074c667467a59721.php]
[ Aug 09 2012 20:31:54 ] [var/cache/ini/admininterface-81bb32ab8cf0d98dd91ea1ccc514e2f2.php]
[ Aug 09 2012 20:32:51 ] [var/cache/ini/i18n-678d2accc237fa9079b9b3abc491748f.php]
[ Aug 09 2012 20:32:51 ] [var/cache/ini/i18n-f7061ade0fe840d15a8c81f654b48eb1.php]
[ Aug 09 2012 20:32:51 ] [var/cache/ini/template-c6ee29cf29032e5b4d98caef606d8fbd.php]
[ Aug 09 2012 20:32:51 ] [var/cache/ini/file-33c0d0b2750379ea6bbc0a7c3b47cab4.php]
[ Aug 09 2012 20:32:51 ] [var/cache/ini/debug-30b58d57277a91a861853a35747eb10e.php]
[ Aug 09 2012 20:32:51 ] [var/cache/ini/site-9a0259b6b5dd633fbcff2375bdc9c850.php]
[ Aug 09 2012 20:32:51 ] [var/cache/ini/module-d75726b2c7483d5716c7b82862f0f2f0.php]
[ Aug 09 2012 20:32:51 ] [var/cache/ini/eng-GB-46df80d28661cfa2ca59bdb2c937dcd5.php]
[ Aug 09 2012 20:32:51 ] [var/cache/ini/file-8fdf26d6b6e099b5f85fb10d810b2b6b.php]
[ Aug 09 2012 20:32:51 ] [var/cache/ini/debug-32a845f52f9f673ad43b7ade9d0a687e.php]
[ Aug 09 2012 20:32:51 ] [var/cache/ini/template-ba272eb09636064c58e9a53fc8e9db74.php]
[ Aug 09 2012 20:32:52 ] [var/cache/ini/content-9c0e5324c617cda49f459825819ee75a.php]
[ Aug 09 2012 20:32:52 ] [var/cache/ini/override-102112121a0ee80c4508a26fafbda326.php]
[ Aug 09 2012 20:32:52 ] [var/cache/ini/design-dc0c8b17f6f3dbdb28c6940059280d26.php]
[ Aug 09 2012 20:32:52 ] [var/cache/ini/image-bc644ed9391eff7bf0c9c9bb99f665bc.php]
[ Aug 09 2012 20:32:52 ] [var/cache/ini/menu-6cb4bbb31e2307c4af2723df56e771ac.php]
[ Aug 09 2012 20:32:52 ] [var/cache/ini/ezjscore-92c7b57fc564e2a74555b6bd039e45ab.php]
[ Aug 09 2012 20:33:02 ] [var/cache/ini/design-9867b280dffd90a38e1822d046eaf15f.php]
[ Aug 09 2012 20:33:02 ] [var/cache/ini/image-21edb77ed2e14bbc9692e4020ac13c63.php]
[ Aug 09 2012 20:33:02 ] [var/cache/ini/menu-fb62bc0071cd1bdf128ff76d4d26f435.php]
[ Aug 09 2012 20:33:02 ] [var/cache/ini/ezjscore-6cc9c0d8b233d5bf2533d15c38f306a4.php]
[ Aug 09 2012 20:33:06 ] [var/cache/ini/file-4bf5af1ffaab90c9c02dd1f7fda9ed46.php]
[ Aug 09 2012 20:33:06 ] [var/cache/ini/eng-GB-e6ec3caad877b3dd7e47ab9d7ed439f5.php]
[ Aug 09 2012 20:33:06 ] [var/cache/ini/template-a8854a74c4a96f6e8768ffcc4e1daf91.php]
[ Aug 09 2012 20:33:06 ] [var/cache/ini/texttoimage-37b8cc1b063db55a1b40351d2cd37bba.php]
[ Aug 09 2012 20:33:06 ] [var/cache/ini/design-6823af881748d12bf64b544e2f80153b.php]
[ Aug 09 2012 20:33:06 ] [var/cache/ini/menu-bb791c8dc1af5b2d904030143b2f79bd.php]
[ Aug 09 2012 20:33:06 ] [var/cache/ini/ezjscore-7ed3d57bc891c2267f66738668033c14.php]
[ Aug 09 2012 20:33:06 ] [var/cache/ini/admininterface-945464b28ab70510f6669004f6e6f7be.php]
[ Aug 09 2012 20:33:08 ] [var/cache//active_extensions_92a65647ac70f146d2bafa3f1115fa74.php]
[ Aug 09 2012 20:33:08 ] [var/cache/ini/override-ccbd7225624dbcf1ce9c5b1e333eca9b.php]
[ Aug 09 2012 20:33:08 ] [var/cache/ini/design-161ddcab182717e49775384337773f2e.php]
[ Aug 09 2012 20:33:08 ] [var/cache/ini/menu-4031bc91b376949825088033a916284a.php]
[ Aug 09 2012 20:33:08 ] [var/cache/ini/ezjscore-739980d85580326d074c667467a59721.php]
[ Aug 09 2012 20:33:09 ] [var/cache/ini/admininterface-81bb32ab8cf0d98dd91ea1ccc514e2f2.php]
[ Aug 09 2012 20:33:12 ] [var/cache/ini/site-c1623af31c16fc3ffee5a05097e95dd6.php]
[ Aug 09 2012 20:33:12 ] [var/cache/ini/i18n-678d2accc237fa9079b9b3abc491748f.php]
[ Aug 09 2012 20:33:12 ] [var/cache/ini/i18n-f7061ade0fe840d15a8c81f654b48eb1.php]
[ Aug 09 2012 20:33:12 ] [var/cache/ini/template-c6ee29cf29032e5b4d98caef606d8fbd.php]
[ Aug 09 2012 20:33:12 ] [var/cache/ini/file-33c0d0b2750379ea6bbc0a7c3b47cab4.php]
[ Aug 09 2012 20:33:12 ] [var/cache/ini/debug-30b58d57277a91a861853a35747eb10e.php]
[ Aug 09 2012 20:33:12 ] [var/cache/ini/site-433f7cc242d470975e768398162cf7d0.php]
[ Aug 09 2012 20:33:12 ] [var/cache/ini/site-9a0259b6b5dd633fbcff2375bdc9c850.php]
[ Aug 09 2012 20:33:12 ] [var/cache/ini/module-d75726b2c7483d5716c7b82862f0f2f0.php]
[ Aug 09 2012 20:33:12 ] [var/cache/ini/eng-GB-46df80d28661cfa2ca59bdb2c937dcd5.php]
[ Aug 09 2012 20:33:12 ] [var/cache/ini/file-8fdf26d6b6e099b5f85fb10d810b2b6b.php]
[ Aug 09 2012 20:33:12 ] [var/cache/ini/debug-32a845f52f9f673ad43b7ade9d0a687e.php]
[ Aug 09 2012 20:33:12 ] [var/cache/ini/template-ba272eb09636064c58e9a53fc8e9db74.php]
[ Aug 09 2012 20:33:12 ] [var/cache/ini/content-9c0e5324c617cda49f459825819ee75a.php]
[ Aug 09 2012 20:33:12 ] [var/cache/ini/override-102112121a0ee80c4508a26fafbda326.php]
[ Aug 09 2012 20:33:12 ] [var/cache/ini/design-dc0c8b17f6f3dbdb28c6940059280d26.php]
[ Aug 09 2012 20:33:13 ] [var/cache/ini/image-bc644ed9391eff7bf0c9c9bb99f665bc.php]
[ Aug 09 2012 20:33:13 ] [var/ezdemo_site/cache/classidentifiers_425ec47d2558cb164c497c87da685f1e.php]
[ Aug 09 2012 20:33:13 ] [var/cache/ini/menu-6cb4bbb31e2307c4af2723df56e771ac.php]
[ Aug 09 2012 20:33:13 ] [var/cache/ini/ezjscore-92c7b57fc564e2a74555b6bd039e45ab.php]
[ Aug 09 2012 20:38:51 ] [var/cache/ini/design-9867b280dffd90a38e1822d046eaf15f.php]
[ Aug 09 2012 20:38:53 ] [var/cache/ini/image-21edb77ed2e14bbc9692e4020ac13c63.php]
[ Aug 09 2012 20:38:53 ] [var/cache/ini/menu-fb62bc0071cd1bdf128ff76d4d26f435.php]
[ Aug 09 2012 20:38:54 ] [var/cache/ini/ezjscore-6cc9c0d8b233d5bf2533d15c38f306a4.php]
[ Aug 09 2012 20:47:49 ] [var/ezdemo_site/cache/statelimitations_425ec47d2558cb164c497c87da685f1e.php]
[ Aug 09 2012 20:47:49 ] [var/cache/ini/mime-bf61581099c7743e0f531e2d9752b65a.php]
[ Aug 09 2012 20:47:49 ] [var/ezdemo_site/cache/classattributeidentifiers_425ec47d2558cb164c497c87da685f1e.php]
[ Aug 09 2012 21:28:02 ] [var/cache/ini/audit-ae01fa69a5122554d56940e0210bcf79.php]
[ Aug 09 2012 21:28:02 ] [var/cache/ini/workflow-09e6c20c1ecfdb7b27f63cddb0cd3391.php]
[ Aug 09 2012 21:28:02 ] [var/cache/ini/paymentgateways-289a772e55f7a0bf7b239852992d35fe.php]
[ Aug 09 2012 21:28:20 ] [var/cache/ini/site-24f86389383c85d124010124c5ecb431.php]
[ Aug 09 2012 21:28:20 ] [var/cache/ini/module-86710f4cb9d7a3fdcd3719a0803da829.php]
[ Aug 09 2012 21:28:20 ] [var/cache/ini/file-4bf5af1ffaab90c9c02dd1f7fda9ed46.php]
[ Aug 09 2012 21:28:20 ] [var/cache/ini/debug-8be5e556adf7646316354c4f3bf6a80e.php]
[ Aug 09 2012 21:28:20 ] [var/cache/ini/eng-GB-e6ec3caad877b3dd7e47ab9d7ed439f5.php]
[ Aug 09 2012 21:28:21 ] [var/cache/ini/template-a8854a74c4a96f6e8768ffcc4e1daf91.php]
[ Aug 09 2012 21:28:21 ] [var/cache/ini/content-bb4793a7dbee4f055c973c15f9581599.php]
[ Aug 09 2012 21:28:21 ] [var/cache/ini/workflow-7ecc1ad3c04af860e3228083854858e5.php]
[ Aug 09 2012 21:28:21 ] [var/cache/ini/design-6823af881748d12bf64b544e2f80153b.php]
[ Aug 09 2012 21:28:22 ] [var/cache/ini/icon-eb440f6c7c190d11090c180661cf3123.php]
[ Aug 09 2012 21:28:22 ] [var/cache/ini/icon-e6b5fee054008bd4e03b40ac285e1038.php]
[ Aug 09 2012 21:28:22 ] [var/cache/ini/icon-43f9740f7191d0155d7b4eb10a12315c.php]
[ Aug 09 2012 21:28:23 ] [var/cache/ini/admininterface-945464b28ab70510f6669004f6e6f7be.php]
[ Aug 09 2012 21:28:24 ] [var/cache/ini/datatype-ddee2075d9a1d5f1ad74038b5ee8d1f4.php]
[ Aug 09 2012 21:28:24 ] [var/cache/ini/ezxml-45226a35e7f410b70c2a91b18e50ab06.php]
[ Aug 09 2012 21:28:26 ] [var/cache/ini/contentstructuremenu-b45646ca67121778d946c7cc8ffb1c14.php]
[ Aug 09 2012 21:28:26 ] [var/cache/ini/menu-bb791c8dc1af5b2d904030143b2f79bd.php]
[ Aug 09 2012 21:28:27 ] [var/cache/ini/ezjscore-7ed3d57bc891c2267f66738668033c14.php]
[ Aug 09 2012 21:28:28 ] [var/cache/ini/image-50678103c02322dc0c103136eef10824.php]
[ Aug 09 2012 21:28:40 ] [var/cache/ini/mime-ec5a38a15a4eec0c26aabd2a60d0c96f.php]
[ Aug 09 2012 21:28:41 ] [var/cache/ini/eztags-c4fc5a5fb5ae59f6b7493ad5049391a7.php]
[ Aug 09 2012 21:37:23 ] [var/cache/ini/site-d1530620db0ef3302af8192da5bb1797.php]
[ Aug 09 2012 21:37:23 ] [var/cache/ini/module-59da006e36eab0dd8d1d78d58da36131.php]
[ Aug 09 2012 21:37:23 ] [var/cache/ini/eng-GB-e9af8b994107fe956b0263bf088e19f0.php]
[ Aug 09 2012 21:37:23 ] [var/cache/ini/template-b23a0b961aa927abf5f2f7509f8d78db.php]
[ Aug 09 2012 21:37:23 ] [var/cache/ini/file-3bb478308184fc9aca045a1b521f223b.php]
[ Aug 09 2012 21:37:23 ] [var/cache/ini/debug-cbc2b3ee03276392d78a458ce1158b07.php]
[ Aug 09 2012 21:37:23 ] [var/cache/ini/content-473bf79cb3e7b40e35da571032c53ed2.php]
[ Aug 09 2012 21:37:23 ] [var/cache/ini/workflow-a4b2db30509441a08ce435e4f4e03de4.php]
[ Aug 09 2012 21:37:23 ] [var/cache/ini/override-a6076f0aa97a9a7a5755a2c2e2207ce5.php]
[ Aug 09 2012 21:37:23 ] [var/cache/ini/design-7cd0e443531b99ac257ea6b93ac95e61.php]
[ Aug 09 2012 21:37:23 ] [var/cache/ini/ezxml-98dec3534831480fabc84d1854186a98.php]
[ Aug 09 2012 21:37:23 ] [var/cache/ini/menu-b4d496ad42a600220d0921af2cb5f21f.php]
[ Aug 09 2012 21:37:23 ] [var/cache/ini/fetchalias-764d75685fe07611c465a7678179f61a.php]
[ Aug 09 2012 21:37:24 ] [var/cache/ini/toolbar-aed9db3bc635155934556fa22f09288c.php]
[ Aug 09 2012 21:37:24 ] [var/cache/ini/error-df1df90d198e823602ac661bc166be5b.php]
[ Aug 09 2012 21:37:49 ] [var/cache/ini/design-9867b280dffd90a38e1822d046eaf15f.php]
[ Aug 10 2012 15:01:45 ] [var/cache/ini/design-5ef919ed69d5caaff06932b7702f34db.php]
[ Aug 10 2012 15:01:45 ] [var/cache/ini/ezxml-be0470a230348e3dcd3ff5d43b3794de.php]
[ Aug 10 2012 15:01:45 ] [var/cache/ini/menu-d1894c7c36de94711e3871cb855d9e8e.php]
[ Aug 10 2012 15:01:45 ] [var/cache/ini/fetchalias-e8bcada1c0aae69b59b16052875e3904.php]
[ Aug 10 2012 15:01:45 ] [var/cache/ini/toolbar-cbaa755e5928c398514cd8f10abde802.php]
[ Aug 10 2012 15:01:52 ] [var/cache/ini/image-516a07afa45988a9d40e830b18aef565.php]
[ Aug 10 2012 15:01:53 ] [var/cache/ini/error-006092453e2451e4016c06fe01f23f8f.php]
[ Aug 10 2012 15:03:18 ] [var/cache/ini/design-9867b280dffd90a38e1822d046eaf15f.php]
[ Aug 10 2012 15:03:47 ] [var/cache/ini/audit-8ebbf2574891543c3067ce3529c51201.php]
[ Aug 10 2012 15:03:48 ] [var/cache/ini/dashboard-339f1638dc9e6891422a26e853bb6116.php]
[ Aug 10 2012 15:04:00 ] [var/cache/ini/texttoimage-37b8cc1b063db55a1b40351d2cd37bba.php]
[ Aug 10 2012 15:05:06 ] [var/cache//active_extensions_92a65647ac70f146d2bafa3f1115fa74.php]
[ Aug 10 2012 15:05:07 ] [var/cache/ini/override-ccbd7225624dbcf1ce9c5b1e333eca9b.php]
[ Aug 10 2012 15:05:07 ] [var/cache/ini/design-161ddcab182717e49775384337773f2e.php]
[ Aug 10 2012 15:05:08 ] [var/cache/ini/menu-4031bc91b376949825088033a916284a.php]
[ Aug 10 2012 15:05:09 ] [var/cache/ini/ezjscore-739980d85580326d074c667467a59721.php]
[ Aug 10 2012 15:05:10 ] [var/cache/ini/image-21edb77ed2e14bbc9692e4020ac13c63.php]
[ Aug 10 2012 15:05:10 ] [var/cache/ini/admininterface-81bb32ab8cf0d98dd91ea1ccc514e2f2.php]
[ Aug 10 2012 15:05:11 ] [var/cache/ini/eztags-2bbef5d7cff40722196b6dc0b5fa75ce.php]
[ Aug 10 2012 15:05:11 ] [var/ezdemo_site/cache/classidentifiers_425ec47d2558cb164c497c87da685f1e.php]
[ Aug 10 2012 15:05:11 ] [var/cache/ini/menu-fb62bc0071cd1bdf128ff76d4d26f435.php]
[ Aug 10 2012 15:05:12 ] [var/cache/ini/ezjscore-6cc9c0d8b233d5bf2533d15c38f306a4.php]
[ Aug 10 2012 15:05:13 ] [var/cache/ini/site-c1623af31c16fc3ffee5a05097e95dd6.php]
[ Aug 10 2012 15:05:13 ] [var/cache/ini/i18n-678d2accc237fa9079b9b3abc491748f.php]
[ Aug 10 2012 15:05:13 ] [var/cache/ini/site-c1623af31c16fc3ffee5a05097e95dd6.php]
[ Aug 10 2012 15:05:13 ] [var/cache/ini/i18n-f7061ade0fe840d15a8c81f654b48eb1.php]
[ Aug 10 2012 15:05:13 ] [var/cache/ini/template-c6ee29cf29032e5b4d98caef606d8fbd.php]
[ Aug 10 2012 15:05:13 ] [var/cache/ini/template-c6ee29cf29032e5b4d98caef606d8fbd.php]
[ Aug 10 2012 15:05:13 ] [var/cache/ini/file-33c0d0b2750379ea6bbc0a7c3b47cab4.php]
[ Aug 10 2012 15:05:13 ] [var/cache/ini/debug-30b58d57277a91a861853a35747eb10e.php]
[ Aug 10 2012 15:05:13 ] [var/cache/ini/site-433f7cc242d470975e768398162cf7d0.php]
[ Aug 10 2012 15:05:13 ] [var/cache/ini/site-433f7cc242d470975e768398162cf7d0.php]
[ Aug 10 2012 15:05:14 ] [var/cache/ini/site-9a0259b6b5dd633fbcff2375bdc9c850.php]
[ Aug 10 2012 15:05:14 ] [var/cache/ini/site-9a0259b6b5dd633fbcff2375bdc9c850.php]
[ Aug 10 2012 15:05:14 ] [var/cache/ini/module-d75726b2c7483d5716c7b82862f0f2f0.php]
[ Aug 10 2012 15:05:14 ] [var/cache/ini/module-d75726b2c7483d5716c7b82862f0f2f0.php]
[ Aug 10 2012 15:05:14 ] [var/cache/ini/eng-GB-46df80d28661cfa2ca59bdb2c937dcd5.php]
[ Aug 10 2012 15:05:14 ] [var/cache/ini/file-8fdf26d6b6e099b5f85fb10d810b2b6b.php]
[ Aug 10 2012 15:05:14 ] [var/cache/ini/debug-32a845f52f9f673ad43b7ade9d0a687e.php]
[ Aug 10 2012 15:05:15 ] [var/cache/ini/template-ba272eb09636064c58e9a53fc8e9db74.php]
[ Aug 10 2012 15:05:15 ] [var/cache/ini/content-9c0e5324c617cda49f459825819ee75a.php]
[ Aug 10 2012 15:05:16 ] [var/cache/ini/override-102112121a0ee80c4508a26fafbda326.php]
[ Aug 10 2012 15:05:16 ] [var/cache/ini/design-dc0c8b17f6f3dbdb28c6940059280d26.php]
[ Aug 10 2012 15:05:20 ] [var/cache/ini/image-bc644ed9391eff7bf0c9c9bb99f665bc.php]
[ Aug 10 2012 15:05:20 ] [var/cache/ini/eztags-143974251d517fe350cc15fc6393783c.php]
[ Aug 10 2012 15:05:20 ] [var/cache/ini/menu-6cb4bbb31e2307c4af2723df56e771ac.php]
[ Aug 10 2012 15:05:20 ] [var/cache/ini/ezjscore-92c7b57fc564e2a74555b6bd039e45ab.php]
[ Aug 10 2012 15:06:07 ] [var/cache/ini/site-24f86389383c85d124010124c5ecb431.php]
[ Aug 10 2012 15:06:07 ] [var/cache/ini/module-86710f4cb9d7a3fdcd3719a0803da829.php]
[ Aug 10 2012 15:06:07 ] [var/cache/ini/file-4bf5af1ffaab90c9c02dd1f7fda9ed46.php]
[ Aug 10 2012 15:06:07 ] [var/cache/ini/debug-8be5e556adf7646316354c4f3bf6a80e.php]
[ Aug 10 2012 15:06:08 ] [var/cache/ini/eng-GB-e6ec3caad877b3dd7e47ab9d7ed439f5.php]
[ Aug 10 2012 15:06:08 ] [var/cache/ini/template-a8854a74c4a96f6e8768ffcc4e1daf91.php]
[ Aug 10 2012 15:06:08 ] [var/cache/ini/content-bb4793a7dbee4f055c973c15f9581599.php]
[ Aug 10 2012 15:06:09 ] [var/cache/ini/design-6823af881748d12bf64b544e2f80153b.php]
[ Aug 10 2012 15:06:09 ] [var/cache/ini/datatype-ddee2075d9a1d5f1ad74038b5ee8d1f4.php]
[ Aug 10 2012 15:06:10 ] [var/cache/ini/image-50678103c02322dc0c103136eef10824.php]
[ Aug 10 2012 15:06:10 ] [var/cache/ini/mime-ec5a38a15a4eec0c26aabd2a60d0c96f.php]
[ Aug 10 2012 15:06:10 ] [var/cache/ini/eztags-c4fc5a5fb5ae59f6b7493ad5049391a7.php]
[ Aug 10 2012 15:06:11 ] [var/cache/ini/menu-bb791c8dc1af5b2d904030143b2f79bd.php]
[ Aug 10 2012 15:06:12 ] [var/cache/ini/ezjscore-7ed3d57bc891c2267f66738668033c14.php]
[ Aug 10 2012 15:08:25 ] [var/cache/ini/design-9867b280dffd90a38e1822d046eaf15f.php]
[ Aug 10 2012 15:09:15 ] [var/cache/ini/site-c1623af31c16fc3ffee5a05097e95dd6.php]
[ Aug 10 2012 15:09:15 ] [var/cache/ini/site-433f7cc242d470975e768398162cf7d0.php]
[ Aug 10 2012 15:09:16 ] [var/cache/ini/site-9a0259b6b5dd633fbcff2375bdc9c850.php]
[ Aug 10 2012 15:09:21 ] [var/cache/ini/site-d157db4ba0758283b52a3cc535caa428.php]
[ Aug 10 2012 15:09:21 ] [var/cache/ini/site-9cb0e9631ed265dd09f7291efc783195.php]
[ Aug 10 2012 15:42:23 ] [var/cache/ini/override-102112121a0ee80c4508a26fafbda326.php]
[ Aug 10 2012 15:44:13 ] [var/cache/ini/site-24f86389383c85d124010124c5ecb431.php]
[ Aug 10 2012 15:44:15 ] [var/cache/ini/site-b82c8ea8d35a1c880f00aba9af3c504c.php]
[ Aug 10 2012 15:44:34 ] [var/cache/ini/audit-8ebbf2574891543c3067ce3529c51201.php]
[ Aug 10 2012 15:44:35 ] [var/cache/ini/icon-eb440f6c7c190d11090c180661cf3123.php]
[ Aug 10 2012 15:44:36 ] [var/cache/ini/icon-e6b5fee054008bd4e03b40ac285e1038.php]
[ Aug 10 2012 15:44:38 ] [var/cache/ini/admininterface-945464b28ab70510f6669004f6e6f7be.php]
[ Aug 10 2012 15:44:55 ] [var/cache/ini/icon-43f9740f7191d0155d7b4eb10a12315c.php]
[ Aug 10 2012 15:46:00 ] [var/cache/ini/texttoimage-37b8cc1b063db55a1b40351d2cd37bba.php]
[ Aug 10 2012 15:46:08 ] [var/cache//active_extensions_92a65647ac70f146d2bafa3f1115fa74.php]
[ Aug 10 2012 15:46:08 ] [var/cache/ini/override-ccbd7225624dbcf1ce9c5b1e333eca9b.php]
[ Aug 10 2012 15:46:08 ] [var/cache/ini/design-161ddcab182717e49775384337773f2e.php]
[ Aug 10 2012 15:46:08 ] [var/cache/ini/menu-4031bc91b376949825088033a916284a.php]
[ Aug 10 2012 15:46:09 ] [var/cache/ini/ezjscore-739980d85580326d074c667467a59721.php]
[ Aug 10 2012 15:46:09 ] [var/cache/ini/admininterface-81bb32ab8cf0d98dd91ea1ccc514e2f2.php]
[ Aug 10 2012 15:46:09 ] [var/cache/ini/site-b82c8ea8d35a1c880f00aba9af3c504c.php]
[ Aug 10 2012 15:46:09 ] [var/cache/ini/site-9cb0e9631ed265dd09f7291efc783195.php]
[ Aug 10 2012 15:46:14 ] [var/cache/ini/site-c1623af31c16fc3ffee5a05097e95dd6.php]
[ Aug 10 2012 15:46:14 ] [var/cache/ini/i18n-678d2accc237fa9079b9b3abc491748f.php]
[ Aug 10 2012 15:46:14 ] [var/cache/ini/i18n-f7061ade0fe840d15a8c81f654b48eb1.php]
[ Aug 10 2012 15:46:14 ] [var/cache/ini/template-c6ee29cf29032e5b4d98caef606d8fbd.php]
[ Aug 10 2012 15:46:14 ] [var/cache/ini/file-33c0d0b2750379ea6bbc0a7c3b47cab4.php]
[ Aug 10 2012 15:46:14 ] [var/cache/ini/debug-30b58d57277a91a861853a35747eb10e.php]
[ Aug 10 2012 15:46:14 ] [var/cache/ini/site-433f7cc242d470975e768398162cf7d0.php]
[ Aug 10 2012 15:46:14 ] [var/cache/ini/site-24f86389383c85d124010124c5ecb431.php]
[ Aug 10 2012 15:46:14 ] [var/cache/ini/module-86710f4cb9d7a3fdcd3719a0803da829.php]
[ Aug 10 2012 15:46:14 ] [var/cache/ini/file-4bf5af1ffaab90c9c02dd1f7fda9ed46.php]
[ Aug 10 2012 15:46:14 ] [var/cache/ini/debug-8be5e556adf7646316354c4f3bf6a80e.php]
[ Aug 10 2012 15:46:14 ] [var/cache/ini/eng-GB-e6ec3caad877b3dd7e47ab9d7ed439f5.php]
[ Aug 10 2012 15:46:14 ] [var/cache/ini/template-a8854a74c4a96f6e8768ffcc4e1daf91.php]
[ Aug 10 2012 15:46:14 ] [var/cache/ini/content-bb4793a7dbee4f055c973c15f9581599.php]
[ Aug 10 2012 15:46:15 ] [var/cache/ini/audit-8ebbf2574891543c3067ce3529c51201.php]
[ Aug 10 2012 15:46:16 ] [var/cache/ini/workflow-7ecc1ad3c04af860e3228083854858e5.php]
[ Aug 10 2012 15:46:16 ] [var/cache/ini/paymentgateways-f09cdc888b80526b8224068142980c4d.php]
[ Aug 10 2012 15:46:16 ] [var/cache/ini/design-6823af881748d12bf64b544e2f80153b.php]
[ Aug 10 2012 15:46:17 ] [var/cache/ini/icon-eb440f6c7c190d11090c180661cf3123.php]
[ Aug 10 2012 15:46:17 ] [var/cache/ini/icon-e6b5fee054008bd4e03b40ac285e1038.php]
[ Aug 10 2012 15:46:17 ] [var/cache/ini/icon-43f9740f7191d0155d7b4eb10a12315c.php]
[ Aug 10 2012 15:46:17 ] [var/cache/ini/site-9a0259b6b5dd633fbcff2375bdc9c850.php]
[ Aug 10 2012 15:46:17 ] [var/cache/ini/module-d75726b2c7483d5716c7b82862f0f2f0.php]
[ Aug 10 2012 15:46:17 ] [var/cache/ini/eng-GB-46df80d28661cfa2ca59bdb2c937dcd5.php]
[ Aug 10 2012 15:46:17 ] [var/cache/ini/menu-bb791c8dc1af5b2d904030143b2f79bd.php]
[ Aug 10 2012 15:46:17 ] [var/cache/ini/file-8fdf26d6b6e099b5f85fb10d810b2b6b.php]
[ Aug 10 2012 15:46:17 ] [var/cache/ini/debug-32a845f52f9f673ad43b7ade9d0a687e.php]
[ Aug 10 2012 15:46:17 ] [var/cache/ini/template-ba272eb09636064c58e9a53fc8e9db74.php]
[ Aug 10 2012 15:46:17 ] [var/cache/ini/ezjscore-7ed3d57bc891c2267f66738668033c14.php]
[ Aug 10 2012 15:46:17 ] [var/cache/ini/content-9c0e5324c617cda49f459825819ee75a.php]
[ Aug 10 2012 15:46:17 ] [var/cache/ini/override-102112121a0ee80c4508a26fafbda326.php]
[ Aug 10 2012 15:46:17 ] [var/cache/ini/design-dc0c8b17f6f3dbdb28c6940059280d26.php]
[ Aug 10 2012 15:46:17 ] [var/cache/ini/admininterface-945464b28ab70510f6669004f6e6f7be.php]
[ Aug 10 2012 15:46:17 ] [var/cache/ini/image-bc644ed9391eff7bf0c9c9bb99f665bc.php]
[ Aug 10 2012 15:46:18 ] [var/cache/ini/eztags-143974251d517fe350cc15fc6393783c.php]
[ Aug 10 2012 15:46:18 ] [var/ezdemo_site/cache/classidentifiers_425ec47d2558cb164c497c87da685f1e.php]
[ Aug 10 2012 15:46:18 ] [var/cache/ini/menu-6cb4bbb31e2307c4af2723df56e771ac.php]
[ Aug 10 2012 15:46:18 ] [var/cache/ini/ezjscore-92c7b57fc564e2a74555b6bd039e45ab.php]
[ Aug 10 2012 15:46:18 ] [var/cache/ini/site-d157db4ba0758283b52a3cc535caa428.php]
[ Aug 10 2012 15:46:19 ] [var/cache/ini/eztags-2bbef5d7cff40722196b6dc0b5fa75ce.php]
[ Aug 10 2012 15:56:08 ] [var/cache/ini/design-9867b280dffd90a38e1822d046eaf15f.php]
[ Aug 10 2012 15:56:08 ] [var/cache/ini/image-21edb77ed2e14bbc9692e4020ac13c63.php]
[ Aug 10 2012 15:56:08 ] [var/cache/ini/menu-fb62bc0071cd1bdf128ff76d4d26f435.php]
[ Aug 10 2012 15:56:08 ] [var/cache/ini/ezjscore-6cc9c0d8b233d5bf2533d15c38f306a4.php]
[ Aug 10 2012 16:12:00 ] [var/cache/ini/texttoimage-37b8cc1b063db55a1b40351d2cd37bba.php]
[ Aug 10 2012 16:12:00 ] [var/cache//active_extensions_92a65647ac70f146d2bafa3f1115fa74.php]
[ Aug 10 2012 16:12:00 ] [var/cache/ini/override-ccbd7225624dbcf1ce9c5b1e333eca9b.php]
[ Aug 10 2012 16:12:00 ] [var/cache/ini/design-161ddcab182717e49775384337773f2e.php]
[ Aug 10 2012 16:12:00 ] [var/cache/ini/menu-4031bc91b376949825088033a916284a.php]
[ Aug 10 2012 16:12:00 ] [var/cache/ini/ezjscore-739980d85580326d074c667467a59721.php]
[ Aug 10 2012 16:12:01 ] [var/cache/ini/admininterface-81bb32ab8cf0d98dd91ea1ccc514e2f2.php]
[ Aug 10 2012 16:12:01 ] [var/cache/ini/site-b82c8ea8d35a1c880f00aba9af3c504c.php]
[ Aug 10 2012 16:12:01 ] [var/cache/ini/site-9cb0e9631ed265dd09f7291efc783195.php]
[ Aug 10 2012 16:12:02 ] [var/cache/ini/site-c1623af31c16fc3ffee5a05097e95dd6.php]
[ Aug 10 2012 16:12:02 ] [var/cache/ini/i18n-678d2accc237fa9079b9b3abc491748f.php]
[ Aug 10 2012 16:12:02 ] [var/cache/ini/i18n-f7061ade0fe840d15a8c81f654b48eb1.php]
[ Aug 10 2012 16:12:02 ] [var/cache/ini/template-c6ee29cf29032e5b4d98caef606d8fbd.php]
[ Aug 10 2012 16:12:02 ] [var/cache/ini/file-33c0d0b2750379ea6bbc0a7c3b47cab4.php]
[ Aug 10 2012 16:12:02 ] [var/cache/ini/debug-30b58d57277a91a861853a35747eb10e.php]
[ Aug 10 2012 16:12:02 ] [var/cache/ini/site-433f7cc242d470975e768398162cf7d0.php]
[ Aug 10 2012 16:12:02 ] [var/cache/ini/site-9a0259b6b5dd633fbcff2375bdc9c850.php]
[ Aug 10 2012 16:12:02 ] [var/cache/ini/module-d75726b2c7483d5716c7b82862f0f2f0.php]
[ Aug 10 2012 16:12:02 ] [var/cache/ini/eng-GB-46df80d28661cfa2ca59bdb2c937dcd5.php]
[ Aug 10 2012 16:12:02 ] [var/cache/ini/file-8fdf26d6b6e099b5f85fb10d810b2b6b.php]
[ Aug 10 2012 16:12:02 ] [var/cache/ini/debug-32a845f52f9f673ad43b7ade9d0a687e.php]
[ Aug 10 2012 16:12:02 ] [var/cache/ini/template-ba272eb09636064c58e9a53fc8e9db74.php]
[ Aug 10 2012 16:12:02 ] [var/cache/ini/content-9c0e5324c617cda49f459825819ee75a.php]
[ Aug 10 2012 16:12:02 ] [var/cache/ini/override-102112121a0ee80c4508a26fafbda326.php]
[ Aug 10 2012 16:12:02 ] [var/cache/ini/design-dc0c8b17f6f3dbdb28c6940059280d26.php]
[ Aug 10 2012 16:12:02 ] [var/cache/ini/image-bc644ed9391eff7bf0c9c9bb99f665bc.php]
[ Aug 10 2012 16:12:02 ] [var/cache/ini/eztags-143974251d517fe350cc15fc6393783c.php]
[ Aug 10 2012 16:12:02 ] [var/ezdemo_site/cache/classidentifiers_425ec47d2558cb164c497c87da685f1e.php]
[ Aug 10 2012 16:12:03 ] [var/cache/ini/menu-6cb4bbb31e2307c4af2723df56e771ac.php]
[ Aug 10 2012 16:12:03 ] [var/cache/ini/ezjscore-92c7b57fc564e2a74555b6bd039e45ab.php]
[ Aug 10 2012 16:12:03 ] [var/cache/ini/site-d157db4ba0758283b52a3cc535caa428.php]
[ Aug 10 2012 16:13:55 ] [var/cache/ini/site-24f86389383c85d124010124c5ecb431.php]
[ Aug 10 2012 16:13:55 ] [var/cache/ini/module-86710f4cb9d7a3fdcd3719a0803da829.php]
[ Aug 10 2012 16:13:55 ] [var/cache/ini/file-4bf5af1ffaab90c9c02dd1f7fda9ed46.php]
[ Aug 10 2012 16:13:55 ] [var/cache/ini/debug-8be5e556adf7646316354c4f3bf6a80e.php]
[ Aug 10 2012 16:13:55 ] [var/cache/ini/eng-GB-e6ec3caad877b3dd7e47ab9d7ed439f5.php]
[ Aug 10 2012 16:13:55 ] [var/cache/ini/template-a8854a74c4a96f6e8768ffcc4e1daf91.php]
[ Aug 10 2012 16:13:55 ] [var/cache/ini/texttoimage-37b8cc1b063db55a1b40351d2cd37bba.php]
[ Aug 10 2012 16:13:55 ] [var/cache//active_extensions_92a65647ac70f146d2bafa3f1115fa74.php]
[ Aug 10 2012 16:13:55 ] [var/cache/ini/override-ccbd7225624dbcf1ce9c5b1e333eca9b.php]
[ Aug 10 2012 16:13:55 ] [var/cache/ini/design-161ddcab182717e49775384337773f2e.php]
[ Aug 10 2012 16:13:56 ] [var/cache/ini/menu-4031bc91b376949825088033a916284a.php]
[ Aug 10 2012 16:13:56 ] [var/cache/ini/ezjscore-739980d85580326d074c667467a59721.php]
[ Aug 10 2012 16:13:56 ] [var/cache/ini/admininterface-81bb32ab8cf0d98dd91ea1ccc514e2f2.php]
[ Aug 10 2012 16:13:56 ] [var/cache/ini/site-b82c8ea8d35a1c880f00aba9af3c504c.php]
[ Aug 10 2012 16:13:56 ] [var/cache/ini/site-9cb0e9631ed265dd09f7291efc783195.php]
[ Aug 10 2012 16:13:57 ] [var/cache/ini/site-c1623af31c16fc3ffee5a05097e95dd6.php]
[ Aug 10 2012 16:13:57 ] [var/cache/ini/i18n-678d2accc237fa9079b9b3abc491748f.php]
[ Aug 10 2012 16:13:57 ] [var/cache/ini/i18n-f7061ade0fe840d15a8c81f654b48eb1.php]
[ Aug 10 2012 16:13:57 ] [var/cache/ini/template-c6ee29cf29032e5b4d98caef606d8fbd.php]
[ Aug 10 2012 16:13:57 ] [var/cache/ini/file-33c0d0b2750379ea6bbc0a7c3b47cab4.php]
[ Aug 10 2012 16:13:57 ] [var/cache/ini/debug-30b58d57277a91a861853a35747eb10e.php]
[ Aug 10 2012 16:13:57 ] [var/cache/ini/site-433f7cc242d470975e768398162cf7d0.php]
[ Aug 10 2012 16:13:57 ] [var/cache/ini/site-9a0259b6b5dd633fbcff2375bdc9c850.php]
[ Aug 10 2012 16:13:57 ] [var/cache/ini/module-d75726b2c7483d5716c7b82862f0f2f0.php]
[ Aug 10 2012 16:13:57 ] [var/cache/ini/eng-GB-46df80d28661cfa2ca59bdb2c937dcd5.php]
[ Aug 10 2012 16:13:57 ] [var/cache/ini/file-8fdf26d6b6e099b5f85fb10d810b2b6b.php]
[ Aug 10 2012 16:13:57 ] [var/cache/ini/debug-32a845f52f9f673ad43b7ade9d0a687e.php]
[ Aug 10 2012 16:13:57 ] [var/cache/ini/template-ba272eb09636064c58e9a53fc8e9db74.php]
[ Aug 10 2012 16:13:57 ] [var/cache/ini/content-9c0e5324c617cda49f459825819ee75a.php]
[ Aug 10 2012 16:13:57 ] [var/cache/ini/override-102112121a0ee80c4508a26fafbda326.php]
[ Aug 10 2012 16:13:57 ] [var/cache/ini/design-dc0c8b17f6f3dbdb28c6940059280d26.php]
[ Aug 10 2012 16:13:58 ] [var/cache/ini/image-bc644ed9391eff7bf0c9c9bb99f665bc.php]
[ Aug 10 2012 16:13:58 ] [var/cache/ini/eztags-143974251d517fe350cc15fc6393783c.php]
[ Aug 10 2012 16:13:58 ] [var/ezdemo_site/cache/classidentifiers_425ec47d2558cb164c497c87da685f1e.php]
[ Aug 10 2012 16:13:58 ] [var/cache/ini/menu-6cb4bbb31e2307c4af2723df56e771ac.php]
[ Aug 10 2012 16:13:58 ] [var/cache/ini/ezjscore-92c7b57fc564e2a74555b6bd039e45ab.php]
[ Aug 10 2012 16:13:58 ] [var/cache/ini/site-d157db4ba0758283b52a3cc535caa428.php]
[ Aug 10 2012 16:15:25 ] [var/cache/ini/design-9867b280dffd90a38e1822d046eaf15f.php]
[ Aug 10 2012 16:15:26 ] [var/cache/ini/image-21edb77ed2e14bbc9692e4020ac13c63.php]
[ Aug 10 2012 16:15:26 ] [var/cache/ini/eztags-2bbef5d7cff40722196b6dc0b5fa75ce.php]
[ Aug 10 2012 16:15:26 ] [var/cache/ini/menu-fb62bc0071cd1bdf128ff76d4d26f435.php]
[ Aug 10 2012 16:15:26 ] [var/cache/ini/ezjscore-6cc9c0d8b233d5bf2533d15c38f306a4.php]
[ Aug 10 2012 16:29:38 ] [var/cache/ini/site-24f86389383c85d124010124c5ecb431.php]
[ Aug 10 2012 16:29:38 ] [var/cache/ini/module-86710f4cb9d7a3fdcd3719a0803da829.php]
[ Aug 10 2012 16:29:38 ] [var/cache/ini/file-4bf5af1ffaab90c9c02dd1f7fda9ed46.php]
[ Aug 10 2012 16:29:38 ] [var/cache/ini/debug-8be5e556adf7646316354c4f3bf6a80e.php]
[ Aug 10 2012 16:29:38 ] [var/cache/ini/eng-GB-e6ec3caad877b3dd7e47ab9d7ed439f5.php]
[ Aug 10 2012 16:29:38 ] [var/cache/ini/template-a8854a74c4a96f6e8768ffcc4e1daf91.php]
[ Aug 10 2012 16:29:38 ] [var/cache/ini/content-bb4793a7dbee4f055c973c15f9581599.php]
[ Aug 10 2012 16:29:39 ] [var/cache/ini/design-6823af881748d12bf64b544e2f80153b.php]
[ Aug 10 2012 16:29:39 ] [var/cache/ini/datatype-ddee2075d9a1d5f1ad74038b5ee8d1f4.php]
[ Aug 10 2012 16:29:39 ] [var/cache/ini/image-50678103c02322dc0c103136eef10824.php]
[ Aug 10 2012 16:29:39 ] [var/cache/ini/mime-ec5a38a15a4eec0c26aabd2a60d0c96f.php]
[ Aug 10 2012 16:29:39 ] [var/cache/ini/eztags-c4fc5a5fb5ae59f6b7493ad5049391a7.php]
[ Aug 10 2012 16:29:39 ] [var/cache/ini/menu-bb791c8dc1af5b2d904030143b2f79bd.php]
[ Aug 10 2012 16:29:39 ] [var/cache/ini/ezjscore-7ed3d57bc891c2267f66738668033c14.php]
[ Aug 10 2012 18:29:35 ] [var/ezdemo_site/cache/statelimitations_425ec47d2558cb164c497c87da685f1e.php]
[ Aug 10 2012 18:29:36 ] [var/ezdemo_site/cache/classattributeidentifiers_425ec47d2558cb164c497c87da685f1e.php]
[ Sep 03 2012 21:07:03 ] [var/cache/ini/mime-bf61581099c7743e0f531e2d9752b65a.php]
[ Sep 11 2012 18:16:45 ] [var/cache/ini/extendedattributefilter-b6c04c29486ce2be08ce34de28d3911c.php]
[ Sep 11 2012 18:22:11 ] [var/cache/ini/module-d75726b2c7483d5716c7b82862f0f2f0.php]
[ Sep 11 2012 18:22:16 ] [var/cache/ini/audit-ae01fa69a5122554d56940e0210bcf79.php]
[ Sep 11 2012 18:22:18 ] [var/cache/ini/workflow-09e6c20c1ecfdb7b27f63cddb0cd3391.php]
[ Sep 11 2012 18:22:18 ] [var/cache/ini/paymentgateways-289a772e55f7a0bf7b239852992d35fe.php]
[ Sep 11 2012 18:23:03 ] [var/cache/ini/module-86710f4cb9d7a3fdcd3719a0803da829.php]
[ Sep 11 2012 18:23:05 ] [var/cache/ini/audit-8ebbf2574891543c3067ce3529c51201.php]
[ Sep 11 2012 18:23:06 ] [var/cache/ini/dashboard-339f1638dc9e6891422a26e853bb6116.php]
[ Sep 11 2012 18:23:06 ] [var/cache/ini/contentstructuremenu-b45646ca67121778d946c7cc8ffb1c14.php]
[ Sep 11 2012 18:23:06 ] [var/cache/ini/icon-eb440f6c7c190d11090c180661cf3123.php]
[ Sep 11 2012 18:23:06 ] [var/cache/ini/icon-e6b5fee054008bd4e03b40ac285e1038.php]
[ Sep 11 2012 18:23:07 ] [var/cache/ini/admininterface-945464b28ab70510f6669004f6e6f7be.php]
[ Sep 11 2012 18:23:10 ] [var/cache/ini/workflow-7ecc1ad3c04af860e3228083854858e5.php]
[ Sep 11 2012 18:23:10 ] [var/cache/ini/icon-43f9740f7191d0155d7b4eb10a12315c.php]
[ Sep 11 2012 18:26:19 ] [var/cache/ini/texttoimage-37b8cc1b063db55a1b40351d2cd37bba.php]
[ Sep 11 2012 18:32:56 ] [var/cache/ini/country-8f7badbf2ad91ebf4d139f6dea764b25.php]
[ Sep 11 2012 18:34:46 ] [var/cache/ini/ezxml-45226a35e7f410b70c2a91b18e50ab06.php]
[ Sep 14 2012 18:00:04 ] [var/cache/ini/error-df1df90d198e823602ac661bc166be5b.php]
[ Sep 14 2012 18:12:07 ] [var/cache/ini/transform-9aede1992dd4270ad928788d5830f8ed.php]
[ Sep 14 2012 18:12:07 ] [var/ezdemo_site/cache/codepages/36e48c5d322c489dd3ee4e51ffda1494.php]
[ Sep 14 2012 18:12:07 ] [var/ezdemo_site/cache/trans/g-lowercase-635518252-utf-8.ctt.php]
[ Sep 14 2012 18:12:08 ] [var/cache/ini/units-b75342a965b845d57621a62e8adf051d.php]
[ Sep 14 2012 18:12:31 ] [var/ezdemo_site/cache/trans/g-urlalias-1350215278-utf-8.ctt.php]
[ Sep 14 2012 18:12:31 ] [var/ezdemo_site/cache/trans/g-urlalias_compat-289587731-utf-8.ctt.php]
[ Sep 14 2012 18:12:31 ] [var/ezdemo_site/cache/trans/g-search-1924056142-utf-8.ctt.php]
[ Sep 14 2012 18:12:31 ] [var/cache/ini/notification-e9e079df28defe1110575811e8ce5c99.php]
[ Sep 14 2012 18:22:36 ] [var/ezdemo_site/cache/trans/g-identifier-2166825758-utf-8.ctt.php]
[ Sep 14 2012 18:27:19 ] [var/ezdemo_site/cache/classidentifiers_425ec47d2558cb164c497c87da685f1e.php]
[ Sep 14 2012 18:27:19 ] [var/ezdemo_site/cache/classattributeidentifiers_425ec47d2558cb164c497c87da685f1e.php]
