[ Jul 18 2012 19:46:08 ] [::1] :
START URI: design:page_leftmenu.tpl, design/admin2/templates/page_leftmenu.tpl
[ Jul 18 2012 19:46:08 ] [::1] :
START URI: design:parts/setup/menu.tpl, design/admin2/templates/parts/setup/menu.tpl
[ Jul 18 2012 19:46:08 ] [::1] :
START URI: design:parts/ini_menu.tpl, design/admin2/templates/parts/ini_menu.tpl
[ Jul 18 2012 19:46:08 ] [::1] :
END URI: design:parts/ini_menu.tpl, design/admin2/templates/parts/ini_menu.tpl
[ Jul 18 2012 19:46:08 ] [::1] :
END URI: design:parts/setup/menu.tpl, design/admin2/templates/parts/setup/menu.tpl
[ Jul 18 2012 19:46:08 ] [::1] :
END URI: design:page_leftmenu.tpl, design/admin2/templates/page_leftmenu.tpl
[ Jul 18 2012 19:46:08 ] [::1] :
START URI: design:page_mainarea.tpl, design/standard/templates/page_mainarea.tpl
[ Jul 18 2012 19:46:08 ] [::1] :
START URI: design:page_warning.tpl, design/standard/templates/page_warning.tpl
[ Jul 18 2012 19:46:08 ] [::1] :
END URI: design:page_warning.tpl, design/standard/templates/page_warning.tpl
[ Jul 18 2012 19:46:08 ] [::1] :
END URI: design:page_mainarea.tpl, design/standard/templates/page_mainarea.tpl
[ Jul 18 2012 19:46:08 ] [::1] :
START URI: design:page_copyright.tpl, design/admin2/templates/page_copyright.tpl
[ Jul 18 2012 19:46:08 ] [::1] :
END URI: design:page_copyright.tpl, design/admin2/templates/page_copyright.tpl
[ Jul 18 2012 19:46:08 ] [::1] :
START URI: design:popupmenu/popup_menu.tpl, design/admin2/templates/popupmenu/popup_menu.tpl
[ Jul 18 2012 19:46:08 ] [::1] :
START URI: design:popupmenu/popup_context_menu.tpl, design/admin2/templates/popupmenu/popup_context_menu.tpl
[ Jul 18 2012 19:46:08 ] [::1] :
START URI: design:node/ezflcontextmenu.tpl, extension/ezflow/design/standard/templates/node/ezflcontextmenu.tpl
[ Jul 18 2012 19:46:08 ] [::1] :
END URI: design:node/ezflcontextmenu.tpl, extension/ezflow/design/standard/templates/node/ezflcontextmenu.tpl
[ Jul 18 2012 19:46:08 ] [::1] :
START URI: design:node/oocontextmenu.tpl, extension/ezodf/design/standard/templates/node/oocontextmenu.tpl
[ Jul 18 2012 19:46:08 ] [::1] :
END URI: design:node/oocontextmenu.tpl, extension/ezodf/design/standard/templates/node/oocontextmenu.tpl
[ Jul 18 2012 19:46:08 ] [::1] :
START URI: design:node/ezmucontextmenu.tpl, extension/ezmultiupload/design/standard/templates/node/ezmucontextmenu.tpl
[ Jul 18 2012 19:46:08 ] [::1] :
END URI: design:node/ezmucontextmenu.tpl, extension/ezmultiupload/design/standard/templates/node/ezmucontextmenu.tpl
[ Jul 18 2012 19:46:08 ] [::1] :
END URI: design:popupmenu/popup_context_menu.tpl, design/admin2/templates/popupmenu/popup_context_menu.tpl
[ Jul 18 2012 19:46:08 ] [::1] :
START URI: design:popupmenu/popup_subitems_menu.tpl, design/admin2/templates/popupmenu/popup_subitems_menu.tpl
[ Jul 18 2012 19:46:08 ] [::1] :
START URI: design:node/ezflsubitemscontextmenu.tpl, extension/ezflow/design/standard/templates/node/ezflsubitemscontextmenu.tpl
[ Jul 18 2012 19:46:08 ] [::1] :
END URI: design:node/ezflsubitemscontextmenu.tpl, extension/ezflow/design/standard/templates/node/ezflsubitemscontextmenu.tpl
[ Jul 18 2012 19:46:08 ] [::1] :
START URI: design:node/oosubitemscontextmenu.tpl, extension/ezodf/design/standard/templates/node/oosubitemscontextmenu.tpl
[ Jul 18 2012 19:46:08 ] [::1] :
END URI: design:node/oosubitemscontextmenu.tpl, extension/ezodf/design/standard/templates/node/oosubitemscontextmenu.tpl
[ Jul 18 2012 19:46:08 ] [::1] :
START URI: design:node/ezmusubitemscontextmenu.tpl, extension/ezmultiupload/design/standard/templates/node/ezmusubitemscontextmenu.tpl
[ Jul 18 2012 19:46:08 ] [::1] :
END URI: design:node/ezmusubitemscontextmenu.tpl, extension/ezmultiupload/design/standard/templates/node/ezmusubitemscontextmenu.tpl
[ Jul 18 2012 19:46:08 ] [::1] :
END URI: design:popupmenu/popup_subitems_menu.tpl, design/admin2/templates/popupmenu/popup_subitems_menu.tpl
[ Jul 18 2012 19:46:08 ] [::1] :
START URI: design:popupmenu/popup_class_menu.tpl, design/admin2/templates/popupmenu/popup_class_menu.tpl
[ Jul 18 2012 19:46:08 ] [::1] :
END URI: design:popupmenu/popup_class_menu.tpl, design/admin2/templates/popupmenu/popup_class_menu.tpl
[ Jul 18 2012 19:46:08 ] [::1] :
START URI: design:popupmenu/popup_bookmark_menu.tpl, design/admin2/templates/popupmenu/popup_bookmark_menu.tpl
[ Jul 18 2012 19:46:08 ] [::1] :
END URI: design:popupmenu/popup_bookmark_menu.tpl, design/admin2/templates/popupmenu/popup_bookmark_menu.tpl
[ Jul 18 2012 19:46:08 ] [::1] :
START URI: design:node/ezflcontextsubmenu.tpl, extension/ezflow/design/standard/templates/node/ezflcontextsubmenu.tpl
[ Jul 18 2012 19:46:08 ] [::1] :
END URI: design:node/ezflcontextsubmenu.tpl, extension/ezflow/design/standard/templates/node/ezflcontextsubmenu.tpl
[ Jul 18 2012 19:46:08 ] [::1] :
START URI: design:popupmenu/popup_tag_menu.tpl, extension/eztags/design/admin2/templates/popupmenu/popup_tag_menu.tpl
[ Jul 18 2012 19:46:08 ] [::1] :
END URI: design:popupmenu/popup_tag_menu.tpl, extension/eztags/design/admin2/templates/popupmenu/popup_tag_menu.tpl
[ Jul 18 2012 19:46:08 ] [::1] :
START URI: design:node/oocontextsubmenu.tpl, extension/ezodf/design/standard/templates/node/oocontextsubmenu.tpl
[ Jul 18 2012 19:46:08 ] [::1] :
END URI: design:node/oocontextsubmenu.tpl, extension/ezodf/design/standard/templates/node/oocontextsubmenu.tpl
[ Jul 18 2012 19:46:08 ] [::1] :
START URI: design:popupmenu/popup_sub_createhere_menu.tpl, design/admin2/templates/popupmenu/popup_sub_createhere_menu.tpl
[ Jul 18 2012 19:46:08 ] [::1] :
END URI: design:popupmenu/popup_sub_createhere_menu.tpl, design/admin2/templates/popupmenu/popup_sub_createhere_menu.tpl
[ Jul 18 2012 19:46:08 ] [::1] :
START URI: design:popupmenu/popup_sub_edit_menu.tpl, design/admin2/templates/popupmenu/popup_sub_edit_menu.tpl
[ Jul 18 2012 19:46:08 ] [::1] :
END URI: design:popupmenu/popup_sub_edit_menu.tpl, design/admin2/templates/popupmenu/popup_sub_edit_menu.tpl
[ Jul 18 2012 19:46:08 ] [::1] :
START URI: design:popupmenu/popup_sub_advance_menu.tpl, design/admin2/templates/popupmenu/popup_sub_advance_menu.tpl
[ Jul 18 2012 19:46:08 ] [::1] :
END URI: design:popupmenu/popup_sub_advance_menu.tpl, design/admin2/templates/popupmenu/popup_sub_advance_menu.tpl
[ Jul 18 2012 19:46:08 ] [::1] :
START URI: design:popupmenu/popup_sub_editclass_menu.tpl, design/admin2/templates/popupmenu/popup_sub_editclass_menu.tpl
[ Jul 18 2012 19:46:08 ] [::1] :
END URI: design:popupmenu/popup_sub_editclass_menu.tpl, design/admin2/templates/popupmenu/popup_sub_editclass_menu.tpl
[ Jul 18 2012 19:46:08 ] [::1] :
START URI: design:popupmenu/popup_sub_siteaccess_menus.tpl, design/admin2/templates/popupmenu/popup_sub_siteaccess_menus.tpl
[ Jul 18 2012 19:46:08 ] [::1] :
END URI: design:popupmenu/popup_sub_siteaccess_menus.tpl, design/admin2/templates/popupmenu/popup_sub_siteaccess_menus.tpl
[ Jul 18 2012 19:46:08 ] [::1] :
END URI: design:popupmenu/popup_menu.tpl, design/admin2/templates/popupmenu/popup_menu.tpl
[ Jul 18 2012 19:46:08 ] [::1] :
FETCH END URI: design:pagelayout.tpl, design/admin2/templates/pagelayout.tpl
[ Jul 18 2012 19:46:08 ] [::1] Timing Point: Script end
[ Jul 18 2012 19:46:08 ] [::1] :
FETCH START URI: design:setup/debug_toolbar.tpl, design/standard/templates/setup/debug_toolbar.tpl
[ Jul 18 2012 19:46:08 ] [::1] :
START URI: design:setup/clear_cache.tpl, design/standard/templates/setup/clear_cache.tpl
[ Jul 18 2012 19:46:08 ] [::1] :
END URI: design:setup/clear_cache.tpl, design/standard/templates/setup/clear_cache.tpl
[ Jul 18 2012 19:46:08 ] [::1] :
START URI: design:setup/quick_settings.tpl, design/admin2/templates/setup/quick_settings.tpl
[ Jul 18 2012 19:46:09 ] [::1] :
END URI: design:setup/quick_settings.tpl, design/admin2/templates/setup/quick_settings.tpl
[ Jul 18 2012 19:46:09 ] [::1] :
FETCH END URI: design:setup/debug_toolbar.tpl, design/standard/templates/setup/debug_toolbar.tpl
[ Jul 18 2012 19:46:12 ] [::1] Timing Point: Module start 'lookfor'
[ Jul 18 2012 19:46:12 ] [::1] :
FETCH START URI: design:lookfor/members.tpl, extension/silicon/design/siliconnexion/templates/lookfor/members.tpl
[ Jul 18 2012 19:46:12 ] [::1] :
FETCH END URI: design:lookfor/members.tpl, extension/silicon/design/siliconnexion/templates/lookfor/members.tpl
[ Jul 18 2012 19:46:12 ] [::1] Timing Point: Module end 'lookfor'
[ Jul 18 2012 19:46:12 ] [::1] :
FETCH START URI: design:pagelayout.tpl, design/siliconnexion/templates/pagelayout.tpl
[ Jul 18 2012 19:46:12 ] [::1] :
FETCH END URI: design:pagelayout.tpl, design/siliconnexion/templates/pagelayout.tpl
[ Jul 18 2012 19:46:12 ] [::1] Timing Point: Script end
[ Jul 18 2012 19:46:12 ] [::1] :
FETCH START URI: design:setup/debug_toolbar.tpl, design/standard/templates/setup/debug_toolbar.tpl
[ Jul 18 2012 19:46:12 ] [::1] :
START URI: design:setup/clear_cache.tpl, design/standard/templates/setup/clear_cache.tpl
[ Jul 18 2012 19:46:12 ] [::1] :
END URI: design:setup/clear_cache.tpl, design/standard/templates/setup/clear_cache.tpl
[ Jul 18 2012 19:46:12 ] [::1] :
START URI: design:setup/quick_settings.tpl, design/standard/templates/setup/quick_settings.tpl
[ Jul 18 2012 19:46:12 ] [::1] :
END URI: design:setup/quick_settings.tpl, design/standard/templates/setup/quick_settings.tpl
[ Jul 18 2012 19:46:12 ] [::1] :
FETCH END URI: design:setup/debug_toolbar.tpl, design/standard/templates/setup/debug_toolbar.tpl
[ Jul 18 2012 19:46:13 ] [::1] Timing Point: Module start 'ezjscore'
[ Jul 18 2012 19:46:13 ] [::1] :
FETCH START URI: design:searchResults/member.tpl, extension/silicon/design/siliconnexion/templates/searchResults/member.tpl
[ Jul 18 2012 19:46:13 ] [::1] :
FETCH END URI: design:searchResults/member.tpl, extension/silicon/design/siliconnexion/templates/searchResults/member.tpl
[ Jul 18 2012 19:46:13 ] [::1] :
FETCH START URI: design:searchResults/member.tpl, extension/silicon/design/siliconnexion/templates/searchResults/member.tpl
[ Jul 18 2012 19:46:13 ] [::1] :
FETCH END URI: design:searchResults/member.tpl, extension/silicon/design/siliconnexion/templates/searchResults/member.tpl
[ Jul 18 2012 19:46:13 ] [::1] :
FETCH START URI: design:searchResults/member.tpl, extension/silicon/design/siliconnexion/templates/searchResults/member.tpl
[ Jul 18 2012 19:46:13 ] [::1] :
FETCH END URI: design:searchResults/member.tpl, extension/silicon/design/siliconnexion/templates/searchResults/member.tpl
[ Jul 18 2012 19:46:13 ] [::1] :
FETCH START URI: design:searchResults/member.tpl, extension/silicon/design/siliconnexion/templates/searchResults/member.tpl
[ Jul 18 2012 19:46:13 ] [::1] :
FETCH END URI: design:searchResults/member.tpl, extension/silicon/design/siliconnexion/templates/searchResults/member.tpl
[ Jul 18 2012 19:47:14 ] [::1] Timing Point: Module start 'ezjscore'
[ Jul 18 2012 19:47:14 ] [::1] :
FETCH START URI: design:searchResults/member.tpl, extension/silicon/design/siliconnexion/templates/searchResults/member.tpl
[ Jul 18 2012 19:47:14 ] [::1] :
FETCH END URI: design:searchResults/member.tpl, extension/silicon/design/siliconnexion/templates/searchResults/member.tpl
[ Jul 18 2012 19:47:14 ] [::1] :
FETCH START URI: design:searchResults/member.tpl, extension/silicon/design/siliconnexion/templates/searchResults/member.tpl
[ Jul 18 2012 19:47:14 ] [::1] :
FETCH END URI: design:searchResults/member.tpl, extension/silicon/design/siliconnexion/templates/searchResults/member.tpl
[ Jul 18 2012 19:47:14 ] [::1] :
FETCH START URI: design:searchResults/member.tpl, extension/silicon/design/siliconnexion/templates/searchResults/member.tpl
[ Jul 18 2012 19:47:14 ] [::1] :
FETCH END URI: design:searchResults/member.tpl, extension/silicon/design/siliconnexion/templates/searchResults/member.tpl
[ Jul 18 2012 19:47:14 ] [::1] :
FETCH START URI: design:searchResults/member.tpl, extension/silicon/design/siliconnexion/templates/searchResults/member.tpl
[ Jul 18 2012 19:47:14 ] [::1] :
FETCH END URI: design:searchResults/member.tpl, extension/silicon/design/siliconnexion/templates/searchResults/member.tpl
