[ Jul 18 2012 19:36:43 ] [::1] :
eZTemplate: Loading template "searchResults/member.tpl" with resource "design"
[ Jul 18 2012 19:36:43 ] [::1] :
eZTemplate: Loading template "searchResults/member.tpl" with resource "design"
[ Jul 18 2012 19:36:46 ] [::1] Timing Point: Module start 'ezjscore'
[ Jul 18 2012 19:36:46 ] [::1] :
eZTemplate: Loading template "searchResults/member.tpl" with resource "design"
[ Jul 18 2012 19:36:46 ] [::1] :
extension/silicon/design/siliconnexion/templates/searchResults/member.tpl, utf-8
[ Jul 18 2012 19:36:46 ] [::1] :
eZTemplate: Loading template "searchResults/member.tpl" with resource "design"
[ Jul 18 2012 19:36:46 ] [::1] :
eZTemplate: Loading template "searchResults/member.tpl" with resource "design"
[ Jul 18 2012 19:36:46 ] [::1] :
eZTemplate: Loading template "searchResults/member.tpl" with resource "design"
[ Jul 18 2012 19:36:50 ] [::1] Timing Point: Module start 'ezjscore'
[ Jul 18 2012 19:36:50 ] [::1] :
eZTemplate: Loading template "searchResults/member.tpl" with resource "design"
[ Jul 18 2012 19:36:50 ] [::1] :
extension/silicon/design/siliconnexion/templates/searchResults/member.tpl, utf-8
[ Jul 18 2012 19:36:50 ] [::1] :
eZTemplate: Loading template "searchResults/member.tpl" with resource "design"
[ Jul 18 2012 19:36:50 ] [::1] :
eZTemplate: Loading template "searchResults/member.tpl" with resource "design"
[ Jul 18 2012 19:36:50 ] [::1] :
eZTemplate: Loading template "searchResults/member.tpl" with resource "design"
[ Jul 18 2012 19:44:01 ] [::1] Timing Point: Module start 'lookfor'
[ Jul 18 2012 19:44:01 ] [::1] :
eZTemplate: Loading template "lookfor/members.tpl" with resource "design"
[ Jul 18 2012 19:44:01 ] [::1] :
extension/silicon/design/siliconnexion/templates/lookfor/members.tpl, utf-8
[ Jul 18 2012 19:44:01 ] [::1] Timing Point: Module end 'lookfor'
[ Jul 18 2012 19:44:01 ] [::1] :
eZTemplate: Loading template "pagelayout.tpl" with resource "design"
[ Jul 18 2012 19:44:01 ] [::1] :
design/siliconnexion/templates/pagelayout.tpl, utf-8
[ Jul 18 2012 19:44:01 ] [::1] Timing Point: Script end
[ Jul 18 2012 19:44:01 ] [::1] :
eZTemplate: Loading template "setup/debug_toolbar.tpl" with resource "design"
[ Jul 18 2012 19:44:01 ] [::1] :
design/standard/templates/setup/debug_toolbar.tpl, utf-8
[ Jul 18 2012 19:44:01 ] [::1] :
eZTemplate: Loading template "setup/clear_cache.tpl" with resource "design"
[ Jul 18 2012 19:44:01 ] [::1] :
design/standard/templates/setup/clear_cache.tpl, utf-8
[ Jul 18 2012 19:44:02 ] [::1] :
eZTemplate: Loading template "setup/quick_settings.tpl" with resource "design"
[ Jul 18 2012 19:44:02 ] [::1] :
design/standard/templates/setup/quick_settings.tpl, utf-8
[ Jul 18 2012 19:44:02 ] [::1] Timing Point: Module start 'ezjscore'
[ Jul 18 2012 19:44:02 ] [::1] :
eZTemplate: Loading template "searchResults/member.tpl" with resource "design"
[ Jul 18 2012 19:44:02 ] [::1] :
extension/silicon/design/siliconnexion/templates/searchResults/member.tpl, utf-8
[ Jul 18 2012 19:44:02 ] [::1] :
eZTemplate: Loading template "searchResults/member.tpl" with resource "design"
[ Jul 18 2012 19:44:02 ] [::1] :
eZTemplate: Loading template "searchResults/member.tpl" with resource "design"
[ Jul 18 2012 19:44:02 ] [::1] :
eZTemplate: Loading template "searchResults/member.tpl" with resource "design"
[ Jul 18 2012 19:44:05 ] [::1] Timing Point: Module start 'ezjscore'
[ Jul 18 2012 19:44:05 ] [::1] :
Attribute filter returned false
[ Jul 18 2012 19:44:06 ] [::1] Timing Point: Module start 'ezjscore'
[ Jul 18 2012 19:44:06 ] [::1] :
Attribute filter returned false
[ Jul 18 2012 19:44:18 ] [::1] Timing Point: Module start 'setup'
[ Jul 18 2012 19:44:18 ] [::1] :
eZTemplate: Loading template "setup/cache.tpl" with resource "design"
[ Jul 18 2012 19:44:18 ] [::1] :
design/admin2/templates/setup/cache.tpl, utf-8
[ Jul 18 2012 19:44:18 ] [::1] Timing Point: Module end 'setup'
[ Jul 18 2012 19:44:18 ] [::1] :
eZTemplate: Loading template "pagelayout.tpl" with resource "design"
[ Jul 18 2012 19:44:18 ] [::1] :
design/admin2/templates/pagelayout.tpl, utf-8
[ Jul 18 2012 19:44:18 ] [::1] :
eZTemplate: Loading template "page_head.tpl" with resource "design"
[ Jul 18 2012 19:44:18 ] [::1] :
design/standard/templates/page_head.tpl, utf-8
[ Jul 18 2012 19:44:18 ] [::1] :
eZTemplate: Loading template "link.tpl" with resource "design"
[ Jul 18 2012 19:44:18 ] [::1] :
design/standard/templates/link.tpl, utf-8
[ Jul 18 2012 19:44:18 ] [::1] :
eZTemplate: Loading template "page_head_style.tpl" with resource "design"
[ Jul 18 2012 19:44:18 ] [::1] :
design/admin2/templates/page_head_style.tpl, utf-8
[ Jul 18 2012 19:44:18 ] [::1] :
eZTemplate: Loading template "page_head_style_inline.tpl" with resource "design"
[ Jul 18 2012 19:44:18 ] [::1] :
design/admin2/templates/page_head_style_inline.tpl, utf-8
[ Jul 18 2012 19:44:18 ] [::1] :
eZTemplate: Loading template "page_head_script.tpl" with resource "design"
[ Jul 18 2012 19:44:18 ] [::1] :
design/admin2/templates/page_head_script.tpl, utf-8
[ Jul 18 2012 19:44:18 ] [::1] :
eZTemplate: Loading template "page_header.tpl" with resource "design"
[ Jul 18 2012 19:44:18 ] [::1] :
design/admin2/templates/page_header.tpl, utf-8
[ Jul 18 2012 19:44:18 ] [::1] :
eZTemplate: Loading template "page_search.tpl" with resource "design"
[ Jul 18 2012 19:44:18 ] [::1] :
design/admin2/templates/page_search.tpl, utf-8
[ Jul 18 2012 19:44:18 ] [::1] :
eZTemplate: Loading template "page_topmenu.tpl" with resource "design"
[ Jul 18 2012 19:44:18 ] [::1] :
design/admin2/templates/page_topmenu.tpl, utf-8
[ Jul 18 2012 19:44:18 ] [::1] :
eZTemplate: Loading template "page_topmenuitem.tpl" with resource "design"
[ Jul 18 2012 19:44:18 ] [::1] :
design/admin2/templates/page_topmenuitem.tpl, utf-8
[ Jul 18 2012 19:44:18 ] [::1] :
eZTemplate: Loading template "page_topmenuitem.tpl" with resource "design"
[ Jul 18 2012 19:44:18 ] [::1] :
eZTemplate: Loading template "page_topmenuitem.tpl" with resource "design"
[ Jul 18 2012 19:44:18 ] [::1] :
eZTemplate: Loading template "page_topmenuitem.tpl" with resource "design"
[ Jul 18 2012 19:44:18 ] [::1] :
eZTemplate: Loading template "page_topmenuitem.tpl" with resource "design"
[ Jul 18 2012 19:44:18 ] [::1] :
eZTemplate: Loading template "page_topmenuitem.tpl" with resource "design"
[ Jul 18 2012 19:44:18 ] [::1] :
eZTemplate: Loading template "page_topmenuitem.tpl" with resource "design"
[ Jul 18 2012 19:44:18 ] [::1] :
eZTemplate: Loading template "page_toppath.tpl" with resource "design"
[ Jul 18 2012 19:44:18 ] [::1] :
design/admin2/templates/page_toppath.tpl, utf-8
[ Jul 18 2012 19:44:18 ] [::1] :
eZTemplate: Loading template "page_leftmenu.tpl" with resource "design"
[ Jul 18 2012 19:44:18 ] [::1] :
design/admin2/templates/page_leftmenu.tpl, utf-8
[ Jul 18 2012 19:44:18 ] [::1] :
eZTemplate: Loading template "parts/setup/menu.tpl" with resource "design"
[ Jul 18 2012 19:44:18 ] [::1] :
design/admin2/templates/parts/setup/menu.tpl, utf-8
[ Jul 18 2012 19:44:18 ] [::1] :
eZTemplate: Loading template "parts/ini_menu.tpl" with resource "design"
[ Jul 18 2012 19:44:18 ] [::1] :
design/admin2/templates/parts/ini_menu.tpl, utf-8
[ Jul 18 2012 19:44:18 ] [::1] :
eZTemplate: Loading template "page_mainarea.tpl" with resource "design"
[ Jul 18 2012 19:44:18 ] [::1] :
design/standard/templates/page_mainarea.tpl, utf-8
[ Jul 18 2012 19:44:18 ] [::1] :
eZTemplate: Loading template "page_warning.tpl" with resource "design"
[ Jul 18 2012 19:44:18 ] [::1] :
design/standard/templates/page_warning.tpl, utf-8
[ Jul 18 2012 19:44:18 ] [::1] :
eZTemplate: Loading template "page_copyright.tpl" with resource "design"
[ Jul 18 2012 19:44:18 ] [::1] :
design/admin2/templates/page_copyright.tpl, utf-8
[ Jul 18 2012 19:44:18 ] [::1] :
eZTemplate: Loading template "popupmenu/popup_menu.tpl" with resource "design"
[ Jul 18 2012 19:44:18 ] [::1] :
design/admin2/templates/popupmenu/popup_menu.tpl, utf-8
[ Jul 18 2012 19:44:18 ] [::1] :
eZTemplate: Loading template "popupmenu/popup_context_menu.tpl" with resource "design"
[ Jul 18 2012 19:44:18 ] [::1] :
design/admin2/templates/popupmenu/popup_context_menu.tpl, utf-8
[ Jul 18 2012 19:44:18 ] [::1] :
eZTemplate: Loading template "node/ezflcontextmenu.tpl" with resource "design"
[ Jul 18 2012 19:44:18 ] [::1] :
extension/ezflow/design/standard/templates/node/ezflcontextmenu.tpl, utf-8
[ Jul 18 2012 19:44:18 ] [::1] :
eZTemplate: Loading template "node/oocontextmenu.tpl" with resource "design"
[ Jul 18 2012 19:44:18 ] [::1] :
extension/ezodf/design/standard/templates/node/oocontextmenu.tpl, utf-8
[ Jul 18 2012 19:44:18 ] [::1] :
eZTemplate: Loading template "node/ezmucontextmenu.tpl" with resource "design"
[ Jul 18 2012 19:44:18 ] [::1] :
extension/ezmultiupload/design/standard/templates/node/ezmucontextmenu.tpl, utf-8
[ Jul 18 2012 19:44:18 ] [::1] :
eZTemplate: Loading template "popupmenu/popup_subitems_menu.tpl" with resource "design"
[ Jul 18 2012 19:44:18 ] [::1] :
design/admin2/templates/popupmenu/popup_subitems_menu.tpl, utf-8
[ Jul 18 2012 19:44:18 ] [::1] :
eZTemplate: Loading template "node/ezflsubitemscontextmenu.tpl" with resource "design"
[ Jul 18 2012 19:44:18 ] [::1] :
extension/ezflow/design/standard/templates/node/ezflsubitemscontextmenu.tpl, utf-8
[ Jul 18 2012 19:44:18 ] [::1] :
eZTemplate: Loading template "node/oosubitemscontextmenu.tpl" with resource "design"
[ Jul 18 2012 19:44:18 ] [::1] :
extension/ezodf/design/standard/templates/node/oosubitemscontextmenu.tpl, utf-8
[ Jul 18 2012 19:44:18 ] [::1] :
eZTemplate: Loading template "node/ezmusubitemscontextmenu.tpl" with resource "design"
[ Jul 18 2012 19:44:18 ] [::1] :
extension/ezmultiupload/design/standard/templates/node/ezmusubitemscontextmenu.tpl, utf-8
[ Jul 18 2012 19:44:18 ] [::1] :
eZTemplate: Loading template "popupmenu/popup_class_menu.tpl" with resource "design"
[ Jul 18 2012 19:44:18 ] [::1] :
design/admin2/templates/popupmenu/popup_class_menu.tpl, utf-8
[ Jul 18 2012 19:44:18 ] [::1] :
eZTemplate: Loading template "popupmenu/popup_bookmark_menu.tpl" with resource "design"
[ Jul 18 2012 19:44:18 ] [::1] :
design/admin2/templates/popupmenu/popup_bookmark_menu.tpl, utf-8
[ Jul 18 2012 19:44:18 ] [::1] :
eZTemplate: Loading template "node/ezflcontextsubmenu.tpl" with resource "design"
[ Jul 18 2012 19:44:18 ] [::1] :
extension/ezflow/design/standard/templates/node/ezflcontextsubmenu.tpl, utf-8
[ Jul 18 2012 19:44:18 ] [::1] :
eZTemplate: Loading template "popupmenu/popup_tag_menu.tpl" with resource "design"
[ Jul 18 2012 19:44:18 ] [::1] :
extension/eztags/design/admin2/templates/popupmenu/popup_tag_menu.tpl, utf-8
[ Jul 18 2012 19:44:18 ] [::1] :
eZTemplate: Loading template "node/oocontextsubmenu.tpl" with resource "design"
[ Jul 18 2012 19:44:18 ] [::1] :
extension/ezodf/design/standard/templates/node/oocontextsubmenu.tpl, utf-8
[ Jul 18 2012 19:44:18 ] [::1] :
eZTemplate: Loading template "popupmenu/popup_sub_createhere_menu.tpl" with resource "design"
[ Jul 18 2012 19:44:18 ] [::1] :
design/admin2/templates/popupmenu/popup_sub_createhere_menu.tpl, utf-8
[ Jul 18 2012 19:44:18 ] [::1] :
eZTemplate: Loading template "popupmenu/popup_sub_edit_menu.tpl" with resource "design"
[ Jul 18 2012 19:44:18 ] [::1] :
design/admin2/templates/popupmenu/popup_sub_edit_menu.tpl, utf-8
[ Jul 18 2012 19:44:18 ] [::1] :
eZTemplate: Loading template "popupmenu/popup_sub_advance_menu.tpl" with resource "design"
[ Jul 18 2012 19:44:18 ] [::1] :
design/admin2/templates/popupmenu/popup_sub_advance_menu.tpl, utf-8
[ Jul 18 2012 19:44:18 ] [::1] :
eZTemplate: Loading template "popupmenu/popup_sub_editclass_menu.tpl" with resource "design"
[ Jul 18 2012 19:44:18 ] [::1] :
design/admin2/templates/popupmenu/popup_sub_editclass_menu.tpl, utf-8
[ Jul 18 2012 19:44:18 ] [::1] :
eZTemplate: Loading template "popupmenu/popup_sub_siteaccess_menus.tpl" with resource "design"
[ Jul 18 2012 19:44:18 ] [::1] :
design/admin2/templates/popupmenu/popup_sub_siteaccess_menus.tpl, utf-8
[ Jul 18 2012 19:44:18 ] [::1] Timing Point: Script end
[ Jul 18 2012 19:44:18 ] [::1] :
eZTemplate: Loading template "setup/debug_toolbar.tpl" with resource "design"
[ Jul 18 2012 19:44:18 ] [::1] :
design/standard/templates/setup/debug_toolbar.tpl, utf-8
[ Jul 18 2012 19:44:18 ] [::1] :
eZTemplate: Loading template "setup/clear_cache.tpl" with resource "design"
[ Jul 18 2012 19:44:18 ] [::1] :
design/standard/templates/setup/clear_cache.tpl, utf-8
[ Jul 18 2012 19:44:19 ] [::1] :
eZTemplate: Loading template "setup/quick_settings.tpl" with resource "design"
[ Jul 18 2012 19:44:19 ] [::1] :
design/admin2/templates/setup/quick_settings.tpl, utf-8
[ Jul 18 2012 19:44:26 ] [::1] Timing Point: Module start 'setup'
[ Jul 18 2012 19:44:26 ] [::1] :
eZTemplate: Loading template "setup/extensions.tpl" with resource "design"
[ Jul 18 2012 19:44:26 ] [::1] :
design/admin2/templates/setup/extensions.tpl, utf-8
[ Jul 18 2012 19:44:26 ] [::1] Timing Point: Module end 'setup'
[ Jul 18 2012 19:44:26 ] [::1] :
eZTemplate: Loading template "pagelayout.tpl" with resource "design"
[ Jul 18 2012 19:44:26 ] [::1] :
design/admin2/templates/pagelayout.tpl, utf-8
[ Jul 18 2012 19:44:26 ] [::1] :
eZTemplate: Loading template "page_head.tpl" with resource "design"
[ Jul 18 2012 19:44:26 ] [::1] :
design/standard/templates/page_head.tpl, utf-8
[ Jul 18 2012 19:44:26 ] [::1] :
eZTemplate: Loading template "link.tpl" with resource "design"
[ Jul 18 2012 19:44:26 ] [::1] :
design/standard/templates/link.tpl, utf-8
[ Jul 18 2012 19:44:26 ] [::1] :
eZTemplate: Loading template "page_head_style.tpl" with resource "design"
[ Jul 18 2012 19:44:26 ] [::1] :
design/admin2/templates/page_head_style.tpl, utf-8
[ Jul 18 2012 19:44:26 ] [::1] :
eZTemplate: Loading template "page_head_style_inline.tpl" with resource "design"
[ Jul 18 2012 19:44:26 ] [::1] :
design/admin2/templates/page_head_style_inline.tpl, utf-8
[ Jul 18 2012 19:44:26 ] [::1] :
eZTemplate: Loading template "page_head_script.tpl" with resource "design"
[ Jul 18 2012 19:44:26 ] [::1] :
design/admin2/templates/page_head_script.tpl, utf-8
[ Jul 18 2012 19:44:26 ] [::1] :
eZTemplate: Loading template "page_header.tpl" with resource "design"
[ Jul 18 2012 19:44:26 ] [::1] :
design/admin2/templates/page_header.tpl, utf-8
[ Jul 18 2012 19:44:26 ] [::1] :
eZTemplate: Loading template "page_search.tpl" with resource "design"
[ Jul 18 2012 19:44:26 ] [::1] :
design/admin2/templates/page_search.tpl, utf-8
[ Jul 18 2012 19:44:26 ] [::1] :
eZTemplate: Loading template "page_topmenu.tpl" with resource "design"
[ Jul 18 2012 19:44:26 ] [::1] :
design/admin2/templates/page_topmenu.tpl, utf-8
[ Jul 18 2012 19:44:26 ] [::1] :
eZTemplate: Loading template "page_topmenuitem.tpl" with resource "design"
[ Jul 18 2012 19:44:26 ] [::1] :
design/admin2/templates/page_topmenuitem.tpl, utf-8
[ Jul 18 2012 19:44:26 ] [::1] :
eZTemplate: Loading template "page_topmenuitem.tpl" with resource "design"
[ Jul 18 2012 19:44:26 ] [::1] :
eZTemplate: Loading template "page_topmenuitem.tpl" with resource "design"
[ Jul 18 2012 19:44:26 ] [::1] :
eZTemplate: Loading template "page_topmenuitem.tpl" with resource "design"
[ Jul 18 2012 19:44:26 ] [::1] :
eZTemplate: Loading template "page_topmenuitem.tpl" with resource "design"
[ Jul 18 2012 19:44:26 ] [::1] :
eZTemplate: Loading template "page_topmenuitem.tpl" with resource "design"
[ Jul 18 2012 19:44:27 ] [::1] :
eZTemplate: Loading template "page_topmenuitem.tpl" with resource "design"
[ Jul 18 2012 19:44:27 ] [::1] :
eZTemplate: Loading template "page_toppath.tpl" with resource "design"
[ Jul 18 2012 19:44:27 ] [::1] :
design/admin2/templates/page_toppath.tpl, utf-8
[ Jul 18 2012 19:44:27 ] [::1] :
eZTemplate: Loading template "page_leftmenu.tpl" with resource "design"
[ Jul 18 2012 19:44:27 ] [::1] :
design/admin2/templates/page_leftmenu.tpl, utf-8
[ Jul 18 2012 19:44:27 ] [::1] :
eZTemplate: Loading template "parts/setup/menu.tpl" with resource "design"
[ Jul 18 2012 19:44:27 ] [::1] :
design/admin2/templates/parts/setup/menu.tpl, utf-8
[ Jul 18 2012 19:44:27 ] [::1] :
eZTemplate: Loading template "parts/ini_menu.tpl" with resource "design"
[ Jul 18 2012 19:44:27 ] [::1] :
design/admin2/templates/parts/ini_menu.tpl, utf-8
[ Jul 18 2012 19:44:27 ] [::1] :
eZTemplate: Loading template "page_mainarea.tpl" with resource "design"
[ Jul 18 2012 19:44:27 ] [::1] :
design/standard/templates/page_mainarea.tpl, utf-8
[ Jul 18 2012 19:44:27 ] [::1] :
eZTemplate: Loading template "page_warning.tpl" with resource "design"
[ Jul 18 2012 19:44:27 ] [::1] :
design/standard/templates/page_warning.tpl, utf-8
[ Jul 18 2012 19:44:27 ] [::1] :
eZTemplate: Loading template "page_copyright.tpl" with resource "design"
[ Jul 18 2012 19:44:27 ] [::1] :
design/admin2/templates/page_copyright.tpl, utf-8
[ Jul 18 2012 19:44:27 ] [::1] :
eZTemplate: Loading template "popupmenu/popup_menu.tpl" with resource "design"
[ Jul 18 2012 19:44:27 ] [::1] :
design/admin2/templates/popupmenu/popup_menu.tpl, utf-8
[ Jul 18 2012 19:44:27 ] [::1] :
eZTemplate: Loading template "popupmenu/popup_context_menu.tpl" with resource "design"
[ Jul 18 2012 19:44:27 ] [::1] :
design/admin2/templates/popupmenu/popup_context_menu.tpl, utf-8
[ Jul 18 2012 19:44:27 ] [::1] :
eZTemplate: Loading template "node/ezflcontextmenu.tpl" with resource "design"
[ Jul 18 2012 19:44:27 ] [::1] :
extension/ezflow/design/standard/templates/node/ezflcontextmenu.tpl, utf-8
[ Jul 18 2012 19:44:27 ] [::1] :
eZTemplate: Loading template "node/oocontextmenu.tpl" with resource "design"
[ Jul 18 2012 19:44:27 ] [::1] :
extension/ezodf/design/standard/templates/node/oocontextmenu.tpl, utf-8
[ Jul 18 2012 19:44:27 ] [::1] :
eZTemplate: Loading template "node/ezmucontextmenu.tpl" with resource "design"
[ Jul 18 2012 19:44:27 ] [::1] :
extension/ezmultiupload/design/standard/templates/node/ezmucontextmenu.tpl, utf-8
[ Jul 18 2012 19:44:27 ] [::1] :
eZTemplate: Loading template "popupmenu/popup_subitems_menu.tpl" with resource "design"
[ Jul 18 2012 19:44:27 ] [::1] :
design/admin2/templates/popupmenu/popup_subitems_menu.tpl, utf-8
[ Jul 18 2012 19:44:27 ] [::1] :
eZTemplate: Loading template "node/ezflsubitemscontextmenu.tpl" with resource "design"
[ Jul 18 2012 19:44:27 ] [::1] :
extension/ezflow/design/standard/templates/node/ezflsubitemscontextmenu.tpl, utf-8
[ Jul 18 2012 19:44:27 ] [::1] :
eZTemplate: Loading template "node/oosubitemscontextmenu.tpl" with resource "design"
[ Jul 18 2012 19:44:27 ] [::1] :
extension/ezodf/design/standard/templates/node/oosubitemscontextmenu.tpl, utf-8
[ Jul 18 2012 19:44:27 ] [::1] :
eZTemplate: Loading template "node/ezmusubitemscontextmenu.tpl" with resource "design"
[ Jul 18 2012 19:44:27 ] [::1] :
extension/ezmultiupload/design/standard/templates/node/ezmusubitemscontextmenu.tpl, utf-8
[ Jul 18 2012 19:44:27 ] [::1] :
eZTemplate: Loading template "popupmenu/popup_class_menu.tpl" with resource "design"
[ Jul 18 2012 19:44:27 ] [::1] :
design/admin2/templates/popupmenu/popup_class_menu.tpl, utf-8
[ Jul 18 2012 19:44:27 ] [::1] :
eZTemplate: Loading template "popupmenu/popup_bookmark_menu.tpl" with resource "design"
[ Jul 18 2012 19:44:27 ] [::1] :
design/admin2/templates/popupmenu/popup_bookmark_menu.tpl, utf-8
[ Jul 18 2012 19:44:27 ] [::1] :
eZTemplate: Loading template "node/ezflcontextsubmenu.tpl" with resource "design"
[ Jul 18 2012 19:44:27 ] [::1] :
extension/ezflow/design/standard/templates/node/ezflcontextsubmenu.tpl, utf-8
[ Jul 18 2012 19:44:27 ] [::1] :
eZTemplate: Loading template "popupmenu/popup_tag_menu.tpl" with resource "design"
[ Jul 18 2012 19:44:27 ] [::1] :
extension/eztags/design/admin2/templates/popupmenu/popup_tag_menu.tpl, utf-8
[ Jul 18 2012 19:44:27 ] [::1] :
eZTemplate: Loading template "node/oocontextsubmenu.tpl" with resource "design"
[ Jul 18 2012 19:44:27 ] [::1] :
extension/ezodf/design/standard/templates/node/oocontextsubmenu.tpl, utf-8
[ Jul 18 2012 19:44:27 ] [::1] :
eZTemplate: Loading template "popupmenu/popup_sub_createhere_menu.tpl" with resource "design"
[ Jul 18 2012 19:44:27 ] [::1] :
design/admin2/templates/popupmenu/popup_sub_createhere_menu.tpl, utf-8
[ Jul 18 2012 19:44:27 ] [::1] :
eZTemplate: Loading template "popupmenu/popup_sub_edit_menu.tpl" with resource "design"
[ Jul 18 2012 19:44:27 ] [::1] :
design/admin2/templates/popupmenu/popup_sub_edit_menu.tpl, utf-8
[ Jul 18 2012 19:44:27 ] [::1] :
eZTemplate: Loading template "popupmenu/popup_sub_advance_menu.tpl" with resource "design"
[ Jul 18 2012 19:44:27 ] [::1] :
design/admin2/templates/popupmenu/popup_sub_advance_menu.tpl, utf-8
[ Jul 18 2012 19:44:27 ] [::1] :
eZTemplate: Loading template "popupmenu/popup_sub_editclass_menu.tpl" with resource "design"
[ Jul 18 2012 19:44:27 ] [::1] :
design/admin2/templates/popupmenu/popup_sub_editclass_menu.tpl, utf-8
[ Jul 18 2012 19:44:27 ] [::1] :
eZTemplate: Loading template "popupmenu/popup_sub_siteaccess_menus.tpl" with resource "design"
[ Jul 18 2012 19:44:27 ] [::1] :
design/admin2/templates/popupmenu/popup_sub_siteaccess_menus.tpl, utf-8
[ Jul 18 2012 19:44:27 ] [::1] Timing Point: Script end
[ Jul 18 2012 19:44:27 ] [::1] :
eZTemplate: Loading template "setup/debug_toolbar.tpl" with resource "design"
[ Jul 18 2012 19:44:27 ] [::1] :
design/standard/templates/setup/debug_toolbar.tpl, utf-8
[ Jul 18 2012 19:44:27 ] [::1] :
eZTemplate: Loading template "setup/clear_cache.tpl" with resource "design"
[ Jul 18 2012 19:44:27 ] [::1] :
design/standard/templates/setup/clear_cache.tpl, utf-8
[ Jul 18 2012 19:44:27 ] [::1] :
eZTemplate: Loading template "setup/quick_settings.tpl" with resource "design"
[ Jul 18 2012 19:44:27 ] [::1] :
design/admin2/templates/setup/quick_settings.tpl, utf-8
[ Jul 18 2012 19:44:31 ] [::1] Timing Point: Module start 'setup'
[ Jul 18 2012 19:44:31 ] [::1] eZAutoloadGenerator:
Scanning for PHP-files.
[ Jul 18 2012 19:44:31 ] [::1] eZAutoloadGenerator:
Scan complete. Found 438 PHP files.
[ Jul 18 2012 19:44:31 ] [::1] eZAutoloadGenerator:
Searching for classes (tokenizing).
[ Jul 18 2012 19:44:31 ] [::1] :
eZTemplate: Loading template "setup/extensions.tpl" with resource "design"
[ Jul 18 2012 19:44:31 ] [::1] :
design/admin2/templates/setup/extensions.tpl, utf-8
[ Jul 18 2012 19:44:31 ] [::1] Timing Point: Module end 'setup'
[ Jul 18 2012 19:44:31 ] [::1] :
eZTemplate: Loading template "pagelayout.tpl" with resource "design"
[ Jul 18 2012 19:44:31 ] [::1] :
design/admin2/templates/pagelayout.tpl, utf-8
[ Jul 18 2012 19:44:31 ] [::1] :
eZTemplate: Loading template "page_head.tpl" with resource "design"
[ Jul 18 2012 19:44:31 ] [::1] :
design/standard/templates/page_head.tpl, utf-8
[ Jul 18 2012 19:44:31 ] [::1] :
eZTemplate: Loading template "link.tpl" with resource "design"
[ Jul 18 2012 19:44:31 ] [::1] :
design/standard/templates/link.tpl, utf-8
[ Jul 18 2012 19:44:31 ] [::1] :
eZTemplate: Loading template "page_head_style.tpl" with resource "design"
[ Jul 18 2012 19:44:31 ] [::1] :
design/admin2/templates/page_head_style.tpl, utf-8
[ Jul 18 2012 19:44:32 ] [::1] :
eZTemplate: Loading template "page_head_style_inline.tpl" with resource "design"
[ Jul 18 2012 19:44:32 ] [::1] :
design/admin2/templates/page_head_style_inline.tpl, utf-8
[ Jul 18 2012 19:44:32 ] [::1] :
eZTemplate: Loading template "page_head_script.tpl" with resource "design"
[ Jul 18 2012 19:44:32 ] [::1] :
design/admin2/templates/page_head_script.tpl, utf-8
[ Jul 18 2012 19:44:32 ] [::1] :
eZTemplate: Loading template "page_header.tpl" with resource "design"
[ Jul 18 2012 19:44:32 ] [::1] :
design/admin2/templates/page_header.tpl, utf-8
[ Jul 18 2012 19:44:32 ] [::1] :
eZTemplate: Loading template "page_search.tpl" with resource "design"
[ Jul 18 2012 19:44:32 ] [::1] :
design/admin2/templates/page_search.tpl, utf-8
[ Jul 18 2012 19:44:32 ] [::1] :
eZTemplate: Loading template "page_topmenu.tpl" with resource "design"
[ Jul 18 2012 19:44:32 ] [::1] :
design/admin2/templates/page_topmenu.tpl, utf-8
[ Jul 18 2012 19:44:32 ] [::1] :
eZTemplate: Loading template "page_topmenuitem.tpl" with resource "design"
[ Jul 18 2012 19:44:32 ] [::1] :
design/admin2/templates/page_topmenuitem.tpl, utf-8
[ Jul 18 2012 19:44:32 ] [::1] :
eZTemplate: Loading template "page_topmenuitem.tpl" with resource "design"
[ Jul 18 2012 19:44:32 ] [::1] :
eZTemplate: Loading template "page_topmenuitem.tpl" with resource "design"
[ Jul 18 2012 19:44:32 ] [::1] :
eZTemplate: Loading template "page_topmenuitem.tpl" with resource "design"
[ Jul 18 2012 19:44:32 ] [::1] :
eZTemplate: Loading template "page_topmenuitem.tpl" with resource "design"
[ Jul 18 2012 19:44:32 ] [::1] :
eZTemplate: Loading template "page_topmenuitem.tpl" with resource "design"
[ Jul 18 2012 19:44:32 ] [::1] :
eZTemplate: Loading template "page_topmenuitem.tpl" with resource "design"
[ Jul 18 2012 19:44:32 ] [::1] :
eZTemplate: Loading template "page_toppath.tpl" with resource "design"
[ Jul 18 2012 19:44:32 ] [::1] :
design/admin2/templates/page_toppath.tpl, utf-8
[ Jul 18 2012 19:44:32 ] [::1] :
eZTemplate: Loading template "page_leftmenu.tpl" with resource "design"
[ Jul 18 2012 19:44:32 ] [::1] :
design/admin2/templates/page_leftmenu.tpl, utf-8
[ Jul 18 2012 19:44:32 ] [::1] :
eZTemplate: Loading template "parts/setup/menu.tpl" with resource "design"
[ Jul 18 2012 19:44:32 ] [::1] :
design/admin2/templates/parts/setup/menu.tpl, utf-8
[ Jul 18 2012 19:44:32 ] [::1] :
eZTemplate: Loading template "parts/ini_menu.tpl" with resource "design"
[ Jul 18 2012 19:44:32 ] [::1] :
design/admin2/templates/parts/ini_menu.tpl, utf-8
[ Jul 18 2012 19:44:32 ] [::1] :
eZTemplate: Loading template "page_mainarea.tpl" with resource "design"
[ Jul 18 2012 19:44:32 ] [::1] :
design/standard/templates/page_mainarea.tpl, utf-8
[ Jul 18 2012 19:44:32 ] [::1] :
eZTemplate: Loading template "page_warning.tpl" with resource "design"
[ Jul 18 2012 19:44:32 ] [::1] :
design/standard/templates/page_warning.tpl, utf-8
[ Jul 18 2012 19:44:32 ] [::1] :
eZTemplate: Loading template "page_copyright.tpl" with resource "design"
[ Jul 18 2012 19:44:32 ] [::1] :
design/admin2/templates/page_copyright.tpl, utf-8
[ Jul 18 2012 19:44:32 ] [::1] :
eZTemplate: Loading template "popupmenu/popup_menu.tpl" with resource "design"
[ Jul 18 2012 19:44:32 ] [::1] :
design/admin2/templates/popupmenu/popup_menu.tpl, utf-8
[ Jul 18 2012 19:44:32 ] [::1] :
eZTemplate: Loading template "popupmenu/popup_context_menu.tpl" with resource "design"
[ Jul 18 2012 19:44:32 ] [::1] :
design/admin2/templates/popupmenu/popup_context_menu.tpl, utf-8
[ Jul 18 2012 19:44:32 ] [::1] :
eZTemplate: Loading template "node/ezflcontextmenu.tpl" with resource "design"
[ Jul 18 2012 19:44:32 ] [::1] :
extension/ezflow/design/standard/templates/node/ezflcontextmenu.tpl, utf-8
[ Jul 18 2012 19:44:32 ] [::1] :
eZTemplate: Loading template "node/oocontextmenu.tpl" with resource "design"
[ Jul 18 2012 19:44:32 ] [::1] :
extension/ezodf/design/standard/templates/node/oocontextmenu.tpl, utf-8
[ Jul 18 2012 19:44:32 ] [::1] :
eZTemplate: Loading template "node/ezmucontextmenu.tpl" with resource "design"
[ Jul 18 2012 19:44:32 ] [::1] :
extension/ezmultiupload/design/standard/templates/node/ezmucontextmenu.tpl, utf-8
[ Jul 18 2012 19:44:32 ] [::1] :
eZTemplate: Loading template "popupmenu/popup_subitems_menu.tpl" with resource "design"
[ Jul 18 2012 19:44:32 ] [::1] :
design/admin2/templates/popupmenu/popup_subitems_menu.tpl, utf-8
[ Jul 18 2012 19:44:32 ] [::1] :
eZTemplate: Loading template "node/ezflsubitemscontextmenu.tpl" with resource "design"
[ Jul 18 2012 19:44:32 ] [::1] :
extension/ezflow/design/standard/templates/node/ezflsubitemscontextmenu.tpl, utf-8
[ Jul 18 2012 19:44:32 ] [::1] :
eZTemplate: Loading template "node/oosubitemscontextmenu.tpl" with resource "design"
[ Jul 18 2012 19:44:32 ] [::1] :
extension/ezodf/design/standard/templates/node/oosubitemscontextmenu.tpl, utf-8
[ Jul 18 2012 19:44:32 ] [::1] :
eZTemplate: Loading template "node/ezmusubitemscontextmenu.tpl" with resource "design"
[ Jul 18 2012 19:44:32 ] [::1] :
extension/ezmultiupload/design/standard/templates/node/ezmusubitemscontextmenu.tpl, utf-8
[ Jul 18 2012 19:44:32 ] [::1] :
eZTemplate: Loading template "popupmenu/popup_class_menu.tpl" with resource "design"
[ Jul 18 2012 19:44:32 ] [::1] :
design/admin2/templates/popupmenu/popup_class_menu.tpl, utf-8
[ Jul 18 2012 19:44:32 ] [::1] :
eZTemplate: Loading template "popupmenu/popup_bookmark_menu.tpl" with resource "design"
[ Jul 18 2012 19:44:32 ] [::1] :
design/admin2/templates/popupmenu/popup_bookmark_menu.tpl, utf-8
[ Jul 18 2012 19:44:32 ] [::1] :
eZTemplate: Loading template "node/ezflcontextsubmenu.tpl" with resource "design"
[ Jul 18 2012 19:44:32 ] [::1] :
extension/ezflow/design/standard/templates/node/ezflcontextsubmenu.tpl, utf-8
[ Jul 18 2012 19:44:32 ] [::1] :
eZTemplate: Loading template "popupmenu/popup_tag_menu.tpl" with resource "design"
[ Jul 18 2012 19:44:32 ] [::1] :
extension/eztags/design/admin2/templates/popupmenu/popup_tag_menu.tpl, utf-8
[ Jul 18 2012 19:44:32 ] [::1] :
eZTemplate: Loading template "node/oocontextsubmenu.tpl" with resource "design"
[ Jul 18 2012 19:44:32 ] [::1] :
extension/ezodf/design/standard/templates/node/oocontextsubmenu.tpl, utf-8
[ Jul 18 2012 19:44:32 ] [::1] :
eZTemplate: Loading template "popupmenu/popup_sub_createhere_menu.tpl" with resource "design"
[ Jul 18 2012 19:44:32 ] [::1] :
design/admin2/templates/popupmenu/popup_sub_createhere_menu.tpl, utf-8
[ Jul 18 2012 19:44:32 ] [::1] :
eZTemplate: Loading template "popupmenu/popup_sub_edit_menu.tpl" with resource "design"
[ Jul 18 2012 19:44:32 ] [::1] :
design/admin2/templates/popupmenu/popup_sub_edit_menu.tpl, utf-8
[ Jul 18 2012 19:44:32 ] [::1] :
eZTemplate: Loading template "popupmenu/popup_sub_advance_menu.tpl" with resource "design"
[ Jul 18 2012 19:44:32 ] [::1] :
design/admin2/templates/popupmenu/popup_sub_advance_menu.tpl, utf-8
[ Jul 18 2012 19:44:32 ] [::1] :
eZTemplate: Loading template "popupmenu/popup_sub_editclass_menu.tpl" with resource "design"
[ Jul 18 2012 19:44:32 ] [::1] :
design/admin2/templates/popupmenu/popup_sub_editclass_menu.tpl, utf-8
[ Jul 18 2012 19:44:32 ] [::1] :
eZTemplate: Loading template "popupmenu/popup_sub_siteaccess_menus.tpl" with resource "design"
[ Jul 18 2012 19:44:32 ] [::1] :
design/admin2/templates/popupmenu/popup_sub_siteaccess_menus.tpl, utf-8
[ Jul 18 2012 19:44:32 ] [::1] Timing Point: Script end
[ Jul 18 2012 19:44:32 ] [::1] :
eZTemplate: Loading template "setup/debug_toolbar.tpl" with resource "design"
[ Jul 18 2012 19:44:32 ] [::1] :
design/standard/templates/setup/debug_toolbar.tpl, utf-8
[ Jul 18 2012 19:44:32 ] [::1] :
eZTemplate: Loading template "setup/clear_cache.tpl" with resource "design"
[ Jul 18 2012 19:44:32 ] [::1] :
design/standard/templates/setup/clear_cache.tpl, utf-8
[ Jul 18 2012 19:44:32 ] [::1] :
eZTemplate: Loading template "setup/quick_settings.tpl" with resource "design"
[ Jul 18 2012 19:44:32 ] [::1] :
design/admin2/templates/setup/quick_settings.tpl, utf-8
[ Jul 18 2012 19:44:35 ] [::1] Timing Point: Module start 'lookfor'
[ Jul 18 2012 19:44:35 ] [::1] :
eZTemplate: Loading template "lookfor/members.tpl" with resource "design"
[ Jul 18 2012 19:44:35 ] [::1] :
extension/silicon/design/siliconnexion/templates/lookfor/members.tpl, utf-8
[ Jul 18 2012 19:44:35 ] [::1] Timing Point: Module end 'lookfor'
[ Jul 18 2012 19:44:35 ] [::1] :
eZTemplate: Loading template "pagelayout.tpl" with resource "design"
[ Jul 18 2012 19:44:35 ] [::1] :
design/siliconnexion/templates/pagelayout.tpl, utf-8
[ Jul 18 2012 19:44:35 ] [::1] Timing Point: Script end
[ Jul 18 2012 19:44:35 ] [::1] :
eZTemplate: Loading template "setup/debug_toolbar.tpl" with resource "design"
[ Jul 18 2012 19:44:35 ] [::1] :
design/standard/templates/setup/debug_toolbar.tpl, utf-8
[ Jul 18 2012 19:44:35 ] [::1] :
eZTemplate: Loading template "setup/clear_cache.tpl" with resource "design"
[ Jul 18 2012 19:44:35 ] [::1] :
design/standard/templates/setup/clear_cache.tpl, utf-8
[ Jul 18 2012 19:44:35 ] [::1] :
eZTemplate: Loading template "setup/quick_settings.tpl" with resource "design"
[ Jul 18 2012 19:44:35 ] [::1] :
design/standard/templates/setup/quick_settings.tpl, utf-8
[ Jul 18 2012 19:44:35 ] [::1] Timing Point: Module start 'ezjscore'
[ Jul 18 2012 19:44:35 ] [::1] :
eZTemplate: Loading template "searchResults/member.tpl" with resource "design"
[ Jul 18 2012 19:44:36 ] [::1] :
extension/silicon/design/siliconnexion/templates/searchResults/member.tpl, utf-8
[ Jul 18 2012 19:44:36 ] [::1] :
eZTemplate: Loading template "searchResults/member.tpl" with resource "design"
[ Jul 18 2012 19:44:36 ] [::1] :
eZTemplate: Loading template "searchResults/member.tpl" with resource "design"
[ Jul 18 2012 19:44:36 ] [::1] :
eZTemplate: Loading template "searchResults/member.tpl" with resource "design"
[ Jul 18 2012 19:44:38 ] [::1] Timing Point: Module start 'ezjscore'
[ Jul 18 2012 19:44:38 ] [::1] :
Attribute filter returned false
[ Jul 18 2012 19:44:40 ] [::1] Timing Point: Module start 'ezjscore'
[ Jul 18 2012 19:44:40 ] [::1] :
Attribute filter returned false
[ Jul 18 2012 19:44:46 ] [::1] Timing Point: Module start 'ezjscore'
[ Jul 18 2012 19:44:46 ] [::1] :
Attribute filter returned false
[ Jul 18 2012 19:45:58 ] [::1] Timing Point: Module start 'setup'
[ Jul 18 2012 19:45:58 ] [::1] :
eZTemplate: Loading template "setup/cache.tpl" with resource "design"
[ Jul 18 2012 19:45:58 ] [::1] :
design/admin2/templates/setup/cache.tpl, utf-8
[ Jul 18 2012 19:45:58 ] [::1] Timing Point: Module end 'setup'
[ Jul 18 2012 19:45:58 ] [::1] :
eZTemplate: Loading template "pagelayout.tpl" with resource "design"
[ Jul 18 2012 19:45:58 ] [::1] :
design/admin2/templates/pagelayout.tpl, utf-8
[ Jul 18 2012 19:45:58 ] [::1] :
eZTemplate: Loading template "page_head.tpl" with resource "design"
[ Jul 18 2012 19:45:58 ] [::1] :
design/standard/templates/page_head.tpl, utf-8
[ Jul 18 2012 19:45:58 ] [::1] :
eZTemplate: Loading template "link.tpl" with resource "design"
[ Jul 18 2012 19:45:58 ] [::1] :
design/standard/templates/link.tpl, utf-8
[ Jul 18 2012 19:45:58 ] [::1] :
eZTemplate: Loading template "page_head_style.tpl" with resource "design"
[ Jul 18 2012 19:45:58 ] [::1] :
design/admin2/templates/page_head_style.tpl, utf-8
[ Jul 18 2012 19:45:58 ] [::1] :
eZTemplate: Loading template "page_head_style_inline.tpl" with resource "design"
[ Jul 18 2012 19:45:58 ] [::1] :
design/admin2/templates/page_head_style_inline.tpl, utf-8
[ Jul 18 2012 19:45:58 ] [::1] :
eZTemplate: Loading template "page_head_script.tpl" with resource "design"
[ Jul 18 2012 19:45:58 ] [::1] :
design/admin2/templates/page_head_script.tpl, utf-8
[ Jul 18 2012 19:45:58 ] [::1] :
eZTemplate: Loading template "page_header.tpl" with resource "design"
[ Jul 18 2012 19:45:58 ] [::1] :
design/admin2/templates/page_header.tpl, utf-8
[ Jul 18 2012 19:45:58 ] [::1] :
eZTemplate: Loading template "page_search.tpl" with resource "design"
[ Jul 18 2012 19:45:58 ] [::1] :
design/admin2/templates/page_search.tpl, utf-8
[ Jul 18 2012 19:45:58 ] [::1] :
eZTemplate: Loading template "page_topmenu.tpl" with resource "design"
[ Jul 18 2012 19:45:58 ] [::1] :
design/admin2/templates/page_topmenu.tpl, utf-8
[ Jul 18 2012 19:45:58 ] [::1] :
eZTemplate: Loading template "page_topmenuitem.tpl" with resource "design"
[ Jul 18 2012 19:45:58 ] [::1] :
design/admin2/templates/page_topmenuitem.tpl, utf-8
[ Jul 18 2012 19:45:58 ] [::1] :
eZTemplate: Loading template "page_topmenuitem.tpl" with resource "design"
[ Jul 18 2012 19:45:58 ] [::1] :
eZTemplate: Loading template "page_topmenuitem.tpl" with resource "design"
[ Jul 18 2012 19:45:58 ] [::1] :
eZTemplate: Loading template "page_topmenuitem.tpl" with resource "design"
[ Jul 18 2012 19:45:58 ] [::1] :
eZTemplate: Loading template "page_topmenuitem.tpl" with resource "design"
[ Jul 18 2012 19:45:58 ] [::1] :
eZTemplate: Loading template "page_topmenuitem.tpl" with resource "design"
[ Jul 18 2012 19:45:58 ] [::1] :
eZTemplate: Loading template "page_topmenuitem.tpl" with resource "design"
[ Jul 18 2012 19:45:58 ] [::1] :
eZTemplate: Loading template "page_toppath.tpl" with resource "design"
[ Jul 18 2012 19:45:58 ] [::1] :
design/admin2/templates/page_toppath.tpl, utf-8
[ Jul 18 2012 19:45:58 ] [::1] :
eZTemplate: Loading template "page_leftmenu.tpl" with resource "design"
[ Jul 18 2012 19:45:58 ] [::1] :
design/admin2/templates/page_leftmenu.tpl, utf-8
[ Jul 18 2012 19:45:58 ] [::1] :
eZTemplate: Loading template "parts/setup/menu.tpl" with resource "design"
[ Jul 18 2012 19:45:58 ] [::1] :
design/admin2/templates/parts/setup/menu.tpl, utf-8
[ Jul 18 2012 19:45:58 ] [::1] :
eZTemplate: Loading template "parts/ini_menu.tpl" with resource "design"
[ Jul 18 2012 19:45:58 ] [::1] :
design/admin2/templates/parts/ini_menu.tpl, utf-8
[ Jul 18 2012 19:45:58 ] [::1] :
eZTemplate: Loading template "page_mainarea.tpl" with resource "design"
[ Jul 18 2012 19:45:58 ] [::1] :
design/standard/templates/page_mainarea.tpl, utf-8
[ Jul 18 2012 19:45:58 ] [::1] :
eZTemplate: Loading template "page_warning.tpl" with resource "design"
[ Jul 18 2012 19:45:58 ] [::1] :
design/standard/templates/page_warning.tpl, utf-8
[ Jul 18 2012 19:45:58 ] [::1] :
eZTemplate: Loading template "page_copyright.tpl" with resource "design"
[ Jul 18 2012 19:45:58 ] [::1] :
design/admin2/templates/page_copyright.tpl, utf-8
[ Jul 18 2012 19:45:58 ] [::1] :
eZTemplate: Loading template "popupmenu/popup_menu.tpl" with resource "design"
[ Jul 18 2012 19:45:58 ] [::1] :
design/admin2/templates/popupmenu/popup_menu.tpl, utf-8
[ Jul 18 2012 19:45:58 ] [::1] :
eZTemplate: Loading template "popupmenu/popup_context_menu.tpl" with resource "design"
[ Jul 18 2012 19:45:58 ] [::1] :
design/admin2/templates/popupmenu/popup_context_menu.tpl, utf-8
[ Jul 18 2012 19:45:58 ] [::1] :
eZTemplate: Loading template "node/ezflcontextmenu.tpl" with resource "design"
[ Jul 18 2012 19:45:58 ] [::1] :
extension/ezflow/design/standard/templates/node/ezflcontextmenu.tpl, utf-8
[ Jul 18 2012 19:45:58 ] [::1] :
eZTemplate: Loading template "node/oocontextmenu.tpl" with resource "design"
[ Jul 18 2012 19:45:58 ] [::1] :
extension/ezodf/design/standard/templates/node/oocontextmenu.tpl, utf-8
[ Jul 18 2012 19:45:58 ] [::1] :
eZTemplate: Loading template "node/ezmucontextmenu.tpl" with resource "design"
[ Jul 18 2012 19:45:58 ] [::1] :
extension/ezmultiupload/design/standard/templates/node/ezmucontextmenu.tpl, utf-8
[ Jul 18 2012 19:45:58 ] [::1] :
eZTemplate: Loading template "popupmenu/popup_subitems_menu.tpl" with resource "design"
[ Jul 18 2012 19:45:58 ] [::1] :
design/admin2/templates/popupmenu/popup_subitems_menu.tpl, utf-8
[ Jul 18 2012 19:45:58 ] [::1] :
eZTemplate: Loading template "node/ezflsubitemscontextmenu.tpl" with resource "design"
[ Jul 18 2012 19:45:58 ] [::1] :
extension/ezflow/design/standard/templates/node/ezflsubitemscontextmenu.tpl, utf-8
[ Jul 18 2012 19:45:58 ] [::1] :
eZTemplate: Loading template "node/oosubitemscontextmenu.tpl" with resource "design"
[ Jul 18 2012 19:45:58 ] [::1] :
extension/ezodf/design/standard/templates/node/oosubitemscontextmenu.tpl, utf-8
[ Jul 18 2012 19:45:58 ] [::1] :
eZTemplate: Loading template "node/ezmusubitemscontextmenu.tpl" with resource "design"
[ Jul 18 2012 19:45:58 ] [::1] :
extension/ezmultiupload/design/standard/templates/node/ezmusubitemscontextmenu.tpl, utf-8
[ Jul 18 2012 19:45:58 ] [::1] :
eZTemplate: Loading template "popupmenu/popup_class_menu.tpl" with resource "design"
[ Jul 18 2012 19:45:58 ] [::1] :
design/admin2/templates/popupmenu/popup_class_menu.tpl, utf-8
[ Jul 18 2012 19:45:58 ] [::1] :
eZTemplate: Loading template "popupmenu/popup_bookmark_menu.tpl" with resource "design"
[ Jul 18 2012 19:45:58 ] [::1] :
design/admin2/templates/popupmenu/popup_bookmark_menu.tpl, utf-8
[ Jul 18 2012 19:45:58 ] [::1] :
eZTemplate: Loading template "node/ezflcontextsubmenu.tpl" with resource "design"
[ Jul 18 2012 19:45:58 ] [::1] :
extension/ezflow/design/standard/templates/node/ezflcontextsubmenu.tpl, utf-8
[ Jul 18 2012 19:45:58 ] [::1] :
eZTemplate: Loading template "popupmenu/popup_tag_menu.tpl" with resource "design"
[ Jul 18 2012 19:45:58 ] [::1] :
extension/eztags/design/admin2/templates/popupmenu/popup_tag_menu.tpl, utf-8
[ Jul 18 2012 19:45:58 ] [::1] :
eZTemplate: Loading template "node/oocontextsubmenu.tpl" with resource "design"
[ Jul 18 2012 19:45:58 ] [::1] :
extension/ezodf/design/standard/templates/node/oocontextsubmenu.tpl, utf-8
[ Jul 18 2012 19:45:58 ] [::1] :
eZTemplate: Loading template "popupmenu/popup_sub_createhere_menu.tpl" with resource "design"
[ Jul 18 2012 19:45:58 ] [::1] :
design/admin2/templates/popupmenu/popup_sub_createhere_menu.tpl, utf-8
[ Jul 18 2012 19:45:58 ] [::1] :
eZTemplate: Loading template "popupmenu/popup_sub_edit_menu.tpl" with resource "design"
[ Jul 18 2012 19:45:58 ] [::1] :
design/admin2/templates/popupmenu/popup_sub_edit_menu.tpl, utf-8
[ Jul 18 2012 19:45:58 ] [::1] :
eZTemplate: Loading template "popupmenu/popup_sub_advance_menu.tpl" with resource "design"
[ Jul 18 2012 19:45:58 ] [::1] :
design/admin2/templates/popupmenu/popup_sub_advance_menu.tpl, utf-8
[ Jul 18 2012 19:45:58 ] [::1] :
eZTemplate: Loading template "popupmenu/popup_sub_editclass_menu.tpl" with resource "design"
[ Jul 18 2012 19:45:58 ] [::1] :
design/admin2/templates/popupmenu/popup_sub_editclass_menu.tpl, utf-8
[ Jul 18 2012 19:45:58 ] [::1] :
eZTemplate: Loading template "popupmenu/popup_sub_siteaccess_menus.tpl" with resource "design"
[ Jul 18 2012 19:45:58 ] [::1] :
design/admin2/templates/popupmenu/popup_sub_siteaccess_menus.tpl, utf-8
[ Jul 18 2012 19:45:58 ] [::1] Timing Point: Script end
[ Jul 18 2012 19:45:58 ] [::1] :
eZTemplate: Loading template "setup/debug_toolbar.tpl" with resource "design"
[ Jul 18 2012 19:45:58 ] [::1] :
design/standard/templates/setup/debug_toolbar.tpl, utf-8
[ Jul 18 2012 19:45:58 ] [::1] :
eZTemplate: Loading template "setup/clear_cache.tpl" with resource "design"
[ Jul 18 2012 19:45:58 ] [::1] :
design/standard/templates/setup/clear_cache.tpl, utf-8
[ Jul 18 2012 19:45:58 ] [::1] :
eZTemplate: Loading template "setup/quick_settings.tpl" with resource "design"
[ Jul 18 2012 19:45:58 ] [::1] :
design/admin2/templates/setup/quick_settings.tpl, utf-8
[ Jul 18 2012 19:46:00 ] [::1] Timing Point: Module start 'setup'
[ Jul 18 2012 19:46:00 ] [::1] :
eZTemplate: Loading template "setup/cache.tpl" with resource "design"
[ Jul 18 2012 19:46:01 ] [::1] :
design/admin2/templates/setup/cache.tpl, utf-8
[ Jul 18 2012 19:46:01 ] [::1] Timing Point: Module end 'setup'
[ Jul 18 2012 19:46:01 ] [::1] :
eZTemplate: Loading template "pagelayout.tpl" with resource "design"
[ Jul 18 2012 19:46:01 ] [::1] :
design/admin2/templates/pagelayout.tpl, utf-8
[ Jul 18 2012 19:46:01 ] [::1] :
eZTemplate: Loading template "page_head.tpl" with resource "design"
[ Jul 18 2012 19:46:01 ] [::1] :
design/standard/templates/page_head.tpl, utf-8
[ Jul 18 2012 19:46:01 ] [::1] :
eZTemplate: Loading template "link.tpl" with resource "design"
[ Jul 18 2012 19:46:01 ] [::1] :
design/standard/templates/link.tpl, utf-8
[ Jul 18 2012 19:46:01 ] [::1] :
eZTemplate: Loading template "page_head_style.tpl" with resource "design"
[ Jul 18 2012 19:46:01 ] [::1] :
design/admin2/templates/page_head_style.tpl, utf-8
[ Jul 18 2012 19:46:02 ] [::1] :
eZTemplate: Loading template "page_head_style_inline.tpl" with resource "design"
[ Jul 18 2012 19:46:02 ] [::1] :
design/admin2/templates/page_head_style_inline.tpl, utf-8
[ Jul 18 2012 19:46:02 ] [::1] :
eZTemplate: Loading template "page_head_script.tpl" with resource "design"
[ Jul 18 2012 19:46:02 ] [::1] :
design/admin2/templates/page_head_script.tpl, utf-8
[ Jul 18 2012 19:46:02 ] [::1] :
eZTemplate: Loading template "page_header.tpl" with resource "design"
[ Jul 18 2012 19:46:02 ] [::1] :
design/admin2/templates/page_header.tpl, utf-8
[ Jul 18 2012 19:46:02 ] [::1] :
eZTemplate: Loading template "page_search.tpl" with resource "design"
[ Jul 18 2012 19:46:02 ] [::1] :
design/admin2/templates/page_search.tpl, utf-8
[ Jul 18 2012 19:46:02 ] [::1] :
eZTemplate: Loading template "page_topmenu.tpl" with resource "design"
[ Jul 18 2012 19:46:02 ] [::1] :
design/admin2/templates/page_topmenu.tpl, utf-8
[ Jul 18 2012 19:46:02 ] [::1] :
eZTemplate: Loading template "page_topmenuitem.tpl" with resource "design"
[ Jul 18 2012 19:46:02 ] [::1] :
design/admin2/templates/page_topmenuitem.tpl, utf-8
[ Jul 18 2012 19:46:02 ] [::1] :
eZTemplate: Loading template "page_topmenuitem.tpl" with resource "design"
[ Jul 18 2012 19:46:02 ] [::1] :
eZTemplate: Loading template "page_topmenuitem.tpl" with resource "design"
[ Jul 18 2012 19:46:02 ] [::1] :
eZTemplate: Loading template "page_topmenuitem.tpl" with resource "design"
[ Jul 18 2012 19:46:02 ] [::1] :
eZTemplate: Loading template "page_topmenuitem.tpl" with resource "design"
[ Jul 18 2012 19:46:02 ] [::1] :
eZTemplate: Loading template "page_topmenuitem.tpl" with resource "design"
[ Jul 18 2012 19:46:02 ] [::1] :
eZTemplate: Loading template "page_topmenuitem.tpl" with resource "design"
[ Jul 18 2012 19:46:02 ] [::1] :
eZTemplate: Loading template "page_toppath.tpl" with resource "design"
[ Jul 18 2012 19:46:02 ] [::1] :
design/admin2/templates/page_toppath.tpl, utf-8
[ Jul 18 2012 19:46:02 ] [::1] :
eZTemplate: Loading template "page_leftmenu.tpl" with resource "design"
[ Jul 18 2012 19:46:02 ] [::1] :
design/admin2/templates/page_leftmenu.tpl, utf-8
[ Jul 18 2012 19:46:02 ] [::1] :
eZTemplate: Loading template "parts/setup/menu.tpl" with resource "design"
[ Jul 18 2012 19:46:02 ] [::1] :
design/admin2/templates/parts/setup/menu.tpl, utf-8
[ Jul 18 2012 19:46:02 ] [::1] :
eZTemplate: Loading template "parts/ini_menu.tpl" with resource "design"
[ Jul 18 2012 19:46:02 ] [::1] :
design/admin2/templates/parts/ini_menu.tpl, utf-8
[ Jul 18 2012 19:46:02 ] [::1] :
eZTemplate: Loading template "page_mainarea.tpl" with resource "design"
[ Jul 18 2012 19:46:02 ] [::1] :
design/standard/templates/page_mainarea.tpl, utf-8
[ Jul 18 2012 19:46:02 ] [::1] :
eZTemplate: Loading template "page_warning.tpl" with resource "design"
[ Jul 18 2012 19:46:02 ] [::1] :
design/standard/templates/page_warning.tpl, utf-8
[ Jul 18 2012 19:46:02 ] [::1] :
eZTemplate: Loading template "page_copyright.tpl" with resource "design"
[ Jul 18 2012 19:46:02 ] [::1] :
design/admin2/templates/page_copyright.tpl, utf-8
[ Jul 18 2012 19:46:02 ] [::1] :
eZTemplate: Loading template "popupmenu/popup_menu.tpl" with resource "design"
[ Jul 18 2012 19:46:02 ] [::1] :
design/admin2/templates/popupmenu/popup_menu.tpl, utf-8
[ Jul 18 2012 19:46:02 ] [::1] :
eZTemplate: Loading template "popupmenu/popup_context_menu.tpl" with resource "design"
[ Jul 18 2012 19:46:02 ] [::1] :
design/admin2/templates/popupmenu/popup_context_menu.tpl, utf-8
[ Jul 18 2012 19:46:02 ] [::1] :
eZTemplate: Loading template "node/ezflcontextmenu.tpl" with resource "design"
[ Jul 18 2012 19:46:02 ] [::1] :
extension/ezflow/design/standard/templates/node/ezflcontextmenu.tpl, utf-8
[ Jul 18 2012 19:46:02 ] [::1] :
eZTemplate: Loading template "node/oocontextmenu.tpl" with resource "design"
[ Jul 18 2012 19:46:02 ] [::1] :
extension/ezodf/design/standard/templates/node/oocontextmenu.tpl, utf-8
[ Jul 18 2012 19:46:02 ] [::1] :
eZTemplate: Loading template "node/ezmucontextmenu.tpl" with resource "design"
[ Jul 18 2012 19:46:02 ] [::1] :
extension/ezmultiupload/design/standard/templates/node/ezmucontextmenu.tpl, utf-8
[ Jul 18 2012 19:46:02 ] [::1] :
eZTemplate: Loading template "popupmenu/popup_subitems_menu.tpl" with resource "design"
[ Jul 18 2012 19:46:02 ] [::1] :
design/admin2/templates/popupmenu/popup_subitems_menu.tpl, utf-8
[ Jul 18 2012 19:46:02 ] [::1] :
eZTemplate: Loading template "node/ezflsubitemscontextmenu.tpl" with resource "design"
[ Jul 18 2012 19:46:02 ] [::1] :
extension/ezflow/design/standard/templates/node/ezflsubitemscontextmenu.tpl, utf-8
[ Jul 18 2012 19:46:02 ] [::1] :
eZTemplate: Loading template "node/oosubitemscontextmenu.tpl" with resource "design"
[ Jul 18 2012 19:46:02 ] [::1] :
extension/ezodf/design/standard/templates/node/oosubitemscontextmenu.tpl, utf-8
[ Jul 18 2012 19:46:02 ] [::1] :
eZTemplate: Loading template "node/ezmusubitemscontextmenu.tpl" with resource "design"
[ Jul 18 2012 19:46:02 ] [::1] :
extension/ezmultiupload/design/standard/templates/node/ezmusubitemscontextmenu.tpl, utf-8
[ Jul 18 2012 19:46:02 ] [::1] :
eZTemplate: Loading template "popupmenu/popup_class_menu.tpl" with resource "design"
[ Jul 18 2012 19:46:02 ] [::1] :
design/admin2/templates/popupmenu/popup_class_menu.tpl, utf-8
[ Jul 18 2012 19:46:02 ] [::1] :
eZTemplate: Loading template "popupmenu/popup_bookmark_menu.tpl" with resource "design"
[ Jul 18 2012 19:46:02 ] [::1] :
design/admin2/templates/popupmenu/popup_bookmark_menu.tpl, utf-8
[ Jul 18 2012 19:46:02 ] [::1] :
eZTemplate: Loading template "node/ezflcontextsubmenu.tpl" with resource "design"
[ Jul 18 2012 19:46:02 ] [::1] :
extension/ezflow/design/standard/templates/node/ezflcontextsubmenu.tpl, utf-8
[ Jul 18 2012 19:46:02 ] [::1] :
eZTemplate: Loading template "popupmenu/popup_tag_menu.tpl" with resource "design"
[ Jul 18 2012 19:46:02 ] [::1] :
extension/eztags/design/admin2/templates/popupmenu/popup_tag_menu.tpl, utf-8
[ Jul 18 2012 19:46:02 ] [::1] :
eZTemplate: Loading template "node/oocontextsubmenu.tpl" with resource "design"
[ Jul 18 2012 19:46:02 ] [::1] :
extension/ezodf/design/standard/templates/node/oocontextsubmenu.tpl, utf-8
[ Jul 18 2012 19:46:02 ] [::1] :
eZTemplate: Loading template "popupmenu/popup_sub_createhere_menu.tpl" with resource "design"
[ Jul 18 2012 19:46:02 ] [::1] :
design/admin2/templates/popupmenu/popup_sub_createhere_menu.tpl, utf-8
[ Jul 18 2012 19:46:02 ] [::1] :
eZTemplate: Loading template "popupmenu/popup_sub_edit_menu.tpl" with resource "design"
[ Jul 18 2012 19:46:02 ] [::1] :
design/admin2/templates/popupmenu/popup_sub_edit_menu.tpl, utf-8
[ Jul 18 2012 19:46:02 ] [::1] :
eZTemplate: Loading template "popupmenu/popup_sub_advance_menu.tpl" with resource "design"
[ Jul 18 2012 19:46:02 ] [::1] :
design/admin2/templates/popupmenu/popup_sub_advance_menu.tpl, utf-8
[ Jul 18 2012 19:46:02 ] [::1] :
eZTemplate: Loading template "popupmenu/popup_sub_editclass_menu.tpl" with resource "design"
[ Jul 18 2012 19:46:02 ] [::1] :
design/admin2/templates/popupmenu/popup_sub_editclass_menu.tpl, utf-8
[ Jul 18 2012 19:46:02 ] [::1] :
eZTemplate: Loading template "popupmenu/popup_sub_siteaccess_menus.tpl" with resource "design"
[ Jul 18 2012 19:46:02 ] [::1] :
design/admin2/templates/popupmenu/popup_sub_siteaccess_menus.tpl, utf-8
[ Jul 18 2012 19:46:02 ] [::1] Timing Point: Script end
[ Jul 18 2012 19:46:02 ] [::1] :
eZTemplate: Loading template "setup/debug_toolbar.tpl" with resource "design"
[ Jul 18 2012 19:46:02 ] [::1] :
design/standard/templates/setup/debug_toolbar.tpl, utf-8
[ Jul 18 2012 19:46:02 ] [::1] :
eZTemplate: Loading template "setup/clear_cache.tpl" with resource "design"
[ Jul 18 2012 19:46:02 ] [::1] :
design/standard/templates/setup/clear_cache.tpl, utf-8
[ Jul 18 2012 19:46:02 ] [::1] :
eZTemplate: Loading template "setup/quick_settings.tpl" with resource "design"
[ Jul 18 2012 19:46:02 ] [::1] :
design/admin2/templates/setup/quick_settings.tpl, utf-8
[ Jul 18 2012 19:46:04 ] [::1] Timing Point: Module start 'setup'
[ Jul 18 2012 19:46:04 ] [::1] :
eZTemplate: Loading template "setup/extensions.tpl" with resource "design"
[ Jul 18 2012 19:46:04 ] [::1] :
design/admin2/templates/setup/extensions.tpl, utf-8
[ Jul 18 2012 19:46:04 ] [::1] Timing Point: Module end 'setup'
[ Jul 18 2012 19:46:04 ] [::1] :
eZTemplate: Loading template "pagelayout.tpl" with resource "design"
[ Jul 18 2012 19:46:04 ] [::1] :
design/admin2/templates/pagelayout.tpl, utf-8
[ Jul 18 2012 19:46:04 ] [::1] :
eZTemplate: Loading template "page_head.tpl" with resource "design"
[ Jul 18 2012 19:46:04 ] [::1] :
design/standard/templates/page_head.tpl, utf-8
[ Jul 18 2012 19:46:04 ] [::1] :
eZTemplate: Loading template "link.tpl" with resource "design"
[ Jul 18 2012 19:46:04 ] [::1] :
design/standard/templates/link.tpl, utf-8
[ Jul 18 2012 19:46:04 ] [::1] :
eZTemplate: Loading template "page_head_style.tpl" with resource "design"
[ Jul 18 2012 19:46:04 ] [::1] :
design/admin2/templates/page_head_style.tpl, utf-8
[ Jul 18 2012 19:46:04 ] [::1] :
eZTemplate: Loading template "page_head_style_inline.tpl" with resource "design"
[ Jul 18 2012 19:46:04 ] [::1] :
design/admin2/templates/page_head_style_inline.tpl, utf-8
[ Jul 18 2012 19:46:04 ] [::1] :
eZTemplate: Loading template "page_head_script.tpl" with resource "design"
[ Jul 18 2012 19:46:04 ] [::1] :
design/admin2/templates/page_head_script.tpl, utf-8
[ Jul 18 2012 19:46:04 ] [::1] :
eZTemplate: Loading template "page_header.tpl" with resource "design"
[ Jul 18 2012 19:46:04 ] [::1] :
design/admin2/templates/page_header.tpl, utf-8
[ Jul 18 2012 19:46:05 ] [::1] :
eZTemplate: Loading template "page_search.tpl" with resource "design"
[ Jul 18 2012 19:46:05 ] [::1] :
design/admin2/templates/page_search.tpl, utf-8
[ Jul 18 2012 19:46:05 ] [::1] :
eZTemplate: Loading template "page_topmenu.tpl" with resource "design"
[ Jul 18 2012 19:46:05 ] [::1] :
design/admin2/templates/page_topmenu.tpl, utf-8
[ Jul 18 2012 19:46:05 ] [::1] :
eZTemplate: Loading template "page_topmenuitem.tpl" with resource "design"
[ Jul 18 2012 19:46:05 ] [::1] :
design/admin2/templates/page_topmenuitem.tpl, utf-8
[ Jul 18 2012 19:46:05 ] [::1] :
eZTemplate: Loading template "page_topmenuitem.tpl" with resource "design"
[ Jul 18 2012 19:46:05 ] [::1] :
eZTemplate: Loading template "page_topmenuitem.tpl" with resource "design"
[ Jul 18 2012 19:46:05 ] [::1] :
eZTemplate: Loading template "page_topmenuitem.tpl" with resource "design"
[ Jul 18 2012 19:46:05 ] [::1] :
eZTemplate: Loading template "page_topmenuitem.tpl" with resource "design"
[ Jul 18 2012 19:46:05 ] [::1] :
eZTemplate: Loading template "page_topmenuitem.tpl" with resource "design"
[ Jul 18 2012 19:46:05 ] [::1] :
eZTemplate: Loading template "page_topmenuitem.tpl" with resource "design"
[ Jul 18 2012 19:46:05 ] [::1] :
eZTemplate: Loading template "page_toppath.tpl" with resource "design"
[ Jul 18 2012 19:46:05 ] [::1] :
design/admin2/templates/page_toppath.tpl, utf-8
[ Jul 18 2012 19:46:05 ] [::1] :
eZTemplate: Loading template "page_leftmenu.tpl" with resource "design"
[ Jul 18 2012 19:46:05 ] [::1] :
design/admin2/templates/page_leftmenu.tpl, utf-8
[ Jul 18 2012 19:46:05 ] [::1] :
eZTemplate: Loading template "parts/setup/menu.tpl" with resource "design"
[ Jul 18 2012 19:46:05 ] [::1] :
design/admin2/templates/parts/setup/menu.tpl, utf-8
[ Jul 18 2012 19:46:05 ] [::1] :
eZTemplate: Loading template "parts/ini_menu.tpl" with resource "design"
[ Jul 18 2012 19:46:05 ] [::1] :
design/admin2/templates/parts/ini_menu.tpl, utf-8
[ Jul 18 2012 19:46:05 ] [::1] :
eZTemplate: Loading template "page_mainarea.tpl" with resource "design"
[ Jul 18 2012 19:46:05 ] [::1] :
design/standard/templates/page_mainarea.tpl, utf-8
[ Jul 18 2012 19:46:05 ] [::1] :
eZTemplate: Loading template "page_warning.tpl" with resource "design"
[ Jul 18 2012 19:46:05 ] [::1] :
design/standard/templates/page_warning.tpl, utf-8
[ Jul 18 2012 19:46:05 ] [::1] :
eZTemplate: Loading template "page_copyright.tpl" with resource "design"
[ Jul 18 2012 19:46:05 ] [::1] :
design/admin2/templates/page_copyright.tpl, utf-8
[ Jul 18 2012 19:46:05 ] [::1] :
eZTemplate: Loading template "popupmenu/popup_menu.tpl" with resource "design"
[ Jul 18 2012 19:46:05 ] [::1] :
design/admin2/templates/popupmenu/popup_menu.tpl, utf-8
[ Jul 18 2012 19:46:05 ] [::1] :
eZTemplate: Loading template "popupmenu/popup_context_menu.tpl" with resource "design"
[ Jul 18 2012 19:46:05 ] [::1] :
design/admin2/templates/popupmenu/popup_context_menu.tpl, utf-8
[ Jul 18 2012 19:46:05 ] [::1] :
eZTemplate: Loading template "node/ezflcontextmenu.tpl" with resource "design"
[ Jul 18 2012 19:46:05 ] [::1] :
extension/ezflow/design/standard/templates/node/ezflcontextmenu.tpl, utf-8
[ Jul 18 2012 19:46:05 ] [::1] :
eZTemplate: Loading template "node/oocontextmenu.tpl" with resource "design"
[ Jul 18 2012 19:46:05 ] [::1] :
extension/ezodf/design/standard/templates/node/oocontextmenu.tpl, utf-8
[ Jul 18 2012 19:46:05 ] [::1] :
eZTemplate: Loading template "node/ezmucontextmenu.tpl" with resource "design"
[ Jul 18 2012 19:46:05 ] [::1] :
extension/ezmultiupload/design/standard/templates/node/ezmucontextmenu.tpl, utf-8
[ Jul 18 2012 19:46:05 ] [::1] :
eZTemplate: Loading template "popupmenu/popup_subitems_menu.tpl" with resource "design"
[ Jul 18 2012 19:46:05 ] [::1] :
design/admin2/templates/popupmenu/popup_subitems_menu.tpl, utf-8
[ Jul 18 2012 19:46:05 ] [::1] :
eZTemplate: Loading template "node/ezflsubitemscontextmenu.tpl" with resource "design"
[ Jul 18 2012 19:46:05 ] [::1] :
extension/ezflow/design/standard/templates/node/ezflsubitemscontextmenu.tpl, utf-8
[ Jul 18 2012 19:46:05 ] [::1] :
eZTemplate: Loading template "node/oosubitemscontextmenu.tpl" with resource "design"
[ Jul 18 2012 19:46:05 ] [::1] :
extension/ezodf/design/standard/templates/node/oosubitemscontextmenu.tpl, utf-8
[ Jul 18 2012 19:46:05 ] [::1] :
eZTemplate: Loading template "node/ezmusubitemscontextmenu.tpl" with resource "design"
[ Jul 18 2012 19:46:05 ] [::1] :
extension/ezmultiupload/design/standard/templates/node/ezmusubitemscontextmenu.tpl, utf-8
[ Jul 18 2012 19:46:05 ] [::1] :
eZTemplate: Loading template "popupmenu/popup_class_menu.tpl" with resource "design"
[ Jul 18 2012 19:46:05 ] [::1] :
design/admin2/templates/popupmenu/popup_class_menu.tpl, utf-8
[ Jul 18 2012 19:46:05 ] [::1] :
eZTemplate: Loading template "popupmenu/popup_bookmark_menu.tpl" with resource "design"
[ Jul 18 2012 19:46:05 ] [::1] :
design/admin2/templates/popupmenu/popup_bookmark_menu.tpl, utf-8
[ Jul 18 2012 19:46:05 ] [::1] :
eZTemplate: Loading template "node/ezflcontextsubmenu.tpl" with resource "design"
[ Jul 18 2012 19:46:05 ] [::1] :
extension/ezflow/design/standard/templates/node/ezflcontextsubmenu.tpl, utf-8
[ Jul 18 2012 19:46:05 ] [::1] :
eZTemplate: Loading template "popupmenu/popup_tag_menu.tpl" with resource "design"
[ Jul 18 2012 19:46:05 ] [::1] :
extension/eztags/design/admin2/templates/popupmenu/popup_tag_menu.tpl, utf-8
[ Jul 18 2012 19:46:05 ] [::1] :
eZTemplate: Loading template "node/oocontextsubmenu.tpl" with resource "design"
[ Jul 18 2012 19:46:05 ] [::1] :
extension/ezodf/design/standard/templates/node/oocontextsubmenu.tpl, utf-8
[ Jul 18 2012 19:46:05 ] [::1] :
eZTemplate: Loading template "popupmenu/popup_sub_createhere_menu.tpl" with resource "design"
[ Jul 18 2012 19:46:05 ] [::1] :
design/admin2/templates/popupmenu/popup_sub_createhere_menu.tpl, utf-8
[ Jul 18 2012 19:46:05 ] [::1] :
eZTemplate: Loading template "popupmenu/popup_sub_edit_menu.tpl" with resource "design"
[ Jul 18 2012 19:46:05 ] [::1] :
design/admin2/templates/popupmenu/popup_sub_edit_menu.tpl, utf-8
[ Jul 18 2012 19:46:05 ] [::1] :
eZTemplate: Loading template "popupmenu/popup_sub_advance_menu.tpl" with resource "design"
[ Jul 18 2012 19:46:05 ] [::1] :
design/admin2/templates/popupmenu/popup_sub_advance_menu.tpl, utf-8
[ Jul 18 2012 19:46:05 ] [::1] :
eZTemplate: Loading template "popupmenu/popup_sub_editclass_menu.tpl" with resource "design"
[ Jul 18 2012 19:46:05 ] [::1] :
design/admin2/templates/popupmenu/popup_sub_editclass_menu.tpl, utf-8
[ Jul 18 2012 19:46:05 ] [::1] :
eZTemplate: Loading template "popupmenu/popup_sub_siteaccess_menus.tpl" with resource "design"
[ Jul 18 2012 19:46:05 ] [::1] :
design/admin2/templates/popupmenu/popup_sub_siteaccess_menus.tpl, utf-8
[ Jul 18 2012 19:46:05 ] [::1] Timing Point: Script end
[ Jul 18 2012 19:46:05 ] [::1] :
eZTemplate: Loading template "setup/debug_toolbar.tpl" with resource "design"
[ Jul 18 2012 19:46:05 ] [::1] :
design/standard/templates/setup/debug_toolbar.tpl, utf-8
[ Jul 18 2012 19:46:05 ] [::1] :
eZTemplate: Loading template "setup/clear_cache.tpl" with resource "design"
[ Jul 18 2012 19:46:05 ] [::1] :
design/standard/templates/setup/clear_cache.tpl, utf-8
[ Jul 18 2012 19:46:05 ] [::1] :
eZTemplate: Loading template "setup/quick_settings.tpl" with resource "design"
[ Jul 18 2012 19:46:05 ] [::1] :
design/admin2/templates/setup/quick_settings.tpl, utf-8
[ Jul 18 2012 19:46:08 ] [::1] Timing Point: Module start 'setup'
[ Jul 18 2012 19:46:08 ] [::1] eZAutoloadGenerator:
Scanning for PHP-files.
[ Jul 18 2012 19:46:08 ] [::1] eZAutoloadGenerator:
Scan complete. Found 438 PHP files.
[ Jul 18 2012 19:46:08 ] [::1] eZAutoloadGenerator:
Searching for classes (tokenizing).
[ Jul 18 2012 19:46:08 ] [::1] :
eZTemplate: Loading template "setup/extensions.tpl" with resource "design"
[ Jul 18 2012 19:46:08 ] [::1] :
design/admin2/templates/setup/extensions.tpl, utf-8
[ Jul 18 2012 19:46:08 ] [::1] Timing Point: Module end 'setup'
[ Jul 18 2012 19:46:08 ] [::1] :
eZTemplate: Loading template "pagelayout.tpl" with resource "design"
[ Jul 18 2012 19:46:08 ] [::1] :
design/admin2/templates/pagelayout.tpl, utf-8
[ Jul 18 2012 19:46:08 ] [::1] :
eZTemplate: Loading template "page_head.tpl" with resource "design"
[ Jul 18 2012 19:46:08 ] [::1] :
design/standard/templates/page_head.tpl, utf-8
[ Jul 18 2012 19:46:08 ] [::1] :
eZTemplate: Loading template "link.tpl" with resource "design"
[ Jul 18 2012 19:46:08 ] [::1] :
design/standard/templates/link.tpl, utf-8
[ Jul 18 2012 19:46:08 ] [::1] :
eZTemplate: Loading template "page_head_style.tpl" with resource "design"
[ Jul 18 2012 19:46:08 ] [::1] :
design/admin2/templates/page_head_style.tpl, utf-8
[ Jul 18 2012 19:46:08 ] [::1] :
eZTemplate: Loading template "page_head_style_inline.tpl" with resource "design"
[ Jul 18 2012 19:46:08 ] [::1] :
design/admin2/templates/page_head_style_inline.tpl, utf-8
[ Jul 18 2012 19:46:08 ] [::1] :
eZTemplate: Loading template "page_head_script.tpl" with resource "design"
[ Jul 18 2012 19:46:08 ] [::1] :
design/admin2/templates/page_head_script.tpl, utf-8
[ Jul 18 2012 19:46:08 ] [::1] :
eZTemplate: Loading template "page_header.tpl" with resource "design"
[ Jul 18 2012 19:46:08 ] [::1] :
design/admin2/templates/page_header.tpl, utf-8
[ Jul 18 2012 19:46:08 ] [::1] :
eZTemplate: Loading template "page_search.tpl" with resource "design"
[ Jul 18 2012 19:46:08 ] [::1] :
design/admin2/templates/page_search.tpl, utf-8
[ Jul 18 2012 19:46:08 ] [::1] :
eZTemplate: Loading template "page_topmenu.tpl" with resource "design"
[ Jul 18 2012 19:46:08 ] [::1] :
design/admin2/templates/page_topmenu.tpl, utf-8
[ Jul 18 2012 19:46:08 ] [::1] :
eZTemplate: Loading template "page_topmenuitem.tpl" with resource "design"
[ Jul 18 2012 19:46:08 ] [::1] :
design/admin2/templates/page_topmenuitem.tpl, utf-8
[ Jul 18 2012 19:46:08 ] [::1] :
eZTemplate: Loading template "page_topmenuitem.tpl" with resource "design"
[ Jul 18 2012 19:46:08 ] [::1] :
eZTemplate: Loading template "page_topmenuitem.tpl" with resource "design"
[ Jul 18 2012 19:46:08 ] [::1] :
eZTemplate: Loading template "page_topmenuitem.tpl" with resource "design"
[ Jul 18 2012 19:46:08 ] [::1] :
eZTemplate: Loading template "page_topmenuitem.tpl" with resource "design"
[ Jul 18 2012 19:46:08 ] [::1] :
eZTemplate: Loading template "page_topmenuitem.tpl" with resource "design"
[ Jul 18 2012 19:46:08 ] [::1] :
eZTemplate: Loading template "page_topmenuitem.tpl" with resource "design"
[ Jul 18 2012 19:46:08 ] [::1] :
eZTemplate: Loading template "page_toppath.tpl" with resource "design"
[ Jul 18 2012 19:46:08 ] [::1] :
design/admin2/templates/page_toppath.tpl, utf-8
[ Jul 18 2012 19:46:08 ] [::1] :
eZTemplate: Loading template "page_leftmenu.tpl" with resource "design"
[ Jul 18 2012 19:46:08 ] [::1] :
design/admin2/templates/page_leftmenu.tpl, utf-8
[ Jul 18 2012 19:46:08 ] [::1] :
eZTemplate: Loading template "parts/setup/menu.tpl" with resource "design"
[ Jul 18 2012 19:46:08 ] [::1] :
design/admin2/templates/parts/setup/menu.tpl, utf-8
[ Jul 18 2012 19:46:08 ] [::1] :
eZTemplate: Loading template "parts/ini_menu.tpl" with resource "design"
[ Jul 18 2012 19:46:08 ] [::1] :
design/admin2/templates/parts/ini_menu.tpl, utf-8
[ Jul 18 2012 19:46:08 ] [::1] :
eZTemplate: Loading template "page_mainarea.tpl" with resource "design"
[ Jul 18 2012 19:46:08 ] [::1] :
design/standard/templates/page_mainarea.tpl, utf-8
[ Jul 18 2012 19:46:08 ] [::1] :
eZTemplate: Loading template "page_warning.tpl" with resource "design"
[ Jul 18 2012 19:46:08 ] [::1] :
design/standard/templates/page_warning.tpl, utf-8
[ Jul 18 2012 19:46:08 ] [::1] :
eZTemplate: Loading template "page_copyright.tpl" with resource "design"
[ Jul 18 2012 19:46:08 ] [::1] :
design/admin2/templates/page_copyright.tpl, utf-8
[ Jul 18 2012 19:46:08 ] [::1] :
eZTemplate: Loading template "popupmenu/popup_menu.tpl" with resource "design"
[ Jul 18 2012 19:46:08 ] [::1] :
design/admin2/templates/popupmenu/popup_menu.tpl, utf-8
[ Jul 18 2012 19:46:08 ] [::1] :
eZTemplate: Loading template "popupmenu/popup_context_menu.tpl" with resource "design"
[ Jul 18 2012 19:46:08 ] [::1] :
design/admin2/templates/popupmenu/popup_context_menu.tpl, utf-8
[ Jul 18 2012 19:46:08 ] [::1] :
eZTemplate: Loading template "node/ezflcontextmenu.tpl" with resource "design"
[ Jul 18 2012 19:46:08 ] [::1] :
extension/ezflow/design/standard/templates/node/ezflcontextmenu.tpl, utf-8
[ Jul 18 2012 19:46:08 ] [::1] :
eZTemplate: Loading template "node/oocontextmenu.tpl" with resource "design"
[ Jul 18 2012 19:46:08 ] [::1] :
extension/ezodf/design/standard/templates/node/oocontextmenu.tpl, utf-8
[ Jul 18 2012 19:46:08 ] [::1] :
eZTemplate: Loading template "node/ezmucontextmenu.tpl" with resource "design"
[ Jul 18 2012 19:46:08 ] [::1] :
extension/ezmultiupload/design/standard/templates/node/ezmucontextmenu.tpl, utf-8
[ Jul 18 2012 19:46:08 ] [::1] :
eZTemplate: Loading template "popupmenu/popup_subitems_menu.tpl" with resource "design"
[ Jul 18 2012 19:46:08 ] [::1] :
design/admin2/templates/popupmenu/popup_subitems_menu.tpl, utf-8
[ Jul 18 2012 19:46:08 ] [::1] :
eZTemplate: Loading template "node/ezflsubitemscontextmenu.tpl" with resource "design"
[ Jul 18 2012 19:46:08 ] [::1] :
extension/ezflow/design/standard/templates/node/ezflsubitemscontextmenu.tpl, utf-8
[ Jul 18 2012 19:46:08 ] [::1] :
eZTemplate: Loading template "node/oosubitemscontextmenu.tpl" with resource "design"
[ Jul 18 2012 19:46:08 ] [::1] :
extension/ezodf/design/standard/templates/node/oosubitemscontextmenu.tpl, utf-8
[ Jul 18 2012 19:46:08 ] [::1] :
eZTemplate: Loading template "node/ezmusubitemscontextmenu.tpl" with resource "design"
[ Jul 18 2012 19:46:08 ] [::1] :
extension/ezmultiupload/design/standard/templates/node/ezmusubitemscontextmenu.tpl, utf-8
[ Jul 18 2012 19:46:08 ] [::1] :
eZTemplate: Loading template "popupmenu/popup_class_menu.tpl" with resource "design"
[ Jul 18 2012 19:46:08 ] [::1] :
design/admin2/templates/popupmenu/popup_class_menu.tpl, utf-8
[ Jul 18 2012 19:46:08 ] [::1] :
eZTemplate: Loading template "popupmenu/popup_bookmark_menu.tpl" with resource "design"
[ Jul 18 2012 19:46:08 ] [::1] :
design/admin2/templates/popupmenu/popup_bookmark_menu.tpl, utf-8
[ Jul 18 2012 19:46:08 ] [::1] :
eZTemplate: Loading template "node/ezflcontextsubmenu.tpl" with resource "design"
[ Jul 18 2012 19:46:08 ] [::1] :
extension/ezflow/design/standard/templates/node/ezflcontextsubmenu.tpl, utf-8
[ Jul 18 2012 19:46:08 ] [::1] :
eZTemplate: Loading template "popupmenu/popup_tag_menu.tpl" with resource "design"
[ Jul 18 2012 19:46:08 ] [::1] :
extension/eztags/design/admin2/templates/popupmenu/popup_tag_menu.tpl, utf-8
[ Jul 18 2012 19:46:08 ] [::1] :
eZTemplate: Loading template "node/oocontextsubmenu.tpl" with resource "design"
[ Jul 18 2012 19:46:08 ] [::1] :
extension/ezodf/design/standard/templates/node/oocontextsubmenu.tpl, utf-8
[ Jul 18 2012 19:46:08 ] [::1] :
eZTemplate: Loading template "popupmenu/popup_sub_createhere_menu.tpl" with resource "design"
[ Jul 18 2012 19:46:08 ] [::1] :
design/admin2/templates/popupmenu/popup_sub_createhere_menu.tpl, utf-8
[ Jul 18 2012 19:46:08 ] [::1] :
eZTemplate: Loading template "popupmenu/popup_sub_edit_menu.tpl" with resource "design"
[ Jul 18 2012 19:46:08 ] [::1] :
design/admin2/templates/popupmenu/popup_sub_edit_menu.tpl, utf-8
[ Jul 18 2012 19:46:08 ] [::1] :
eZTemplate: Loading template "popupmenu/popup_sub_advance_menu.tpl" with resource "design"
[ Jul 18 2012 19:46:08 ] [::1] :
design/admin2/templates/popupmenu/popup_sub_advance_menu.tpl, utf-8
[ Jul 18 2012 19:46:08 ] [::1] :
eZTemplate: Loading template "popupmenu/popup_sub_editclass_menu.tpl" with resource "design"
[ Jul 18 2012 19:46:08 ] [::1] :
design/admin2/templates/popupmenu/popup_sub_editclass_menu.tpl, utf-8
[ Jul 18 2012 19:46:08 ] [::1] :
eZTemplate: Loading template "popupmenu/popup_sub_siteaccess_menus.tpl" with resource "design"
[ Jul 18 2012 19:46:08 ] [::1] :
design/admin2/templates/popupmenu/popup_sub_siteaccess_menus.tpl, utf-8
[ Jul 18 2012 19:46:08 ] [::1] Timing Point: Script end
[ Jul 18 2012 19:46:08 ] [::1] :
eZTemplate: Loading template "setup/debug_toolbar.tpl" with resource "design"
[ Jul 18 2012 19:46:08 ] [::1] :
design/standard/templates/setup/debug_toolbar.tpl, utf-8
[ Jul 18 2012 19:46:08 ] [::1] :
eZTemplate: Loading template "setup/clear_cache.tpl" with resource "design"
[ Jul 18 2012 19:46:08 ] [::1] :
design/standard/templates/setup/clear_cache.tpl, utf-8
[ Jul 18 2012 19:46:08 ] [::1] :
eZTemplate: Loading template "setup/quick_settings.tpl" with resource "design"
[ Jul 18 2012 19:46:08 ] [::1] :
design/admin2/templates/setup/quick_settings.tpl, utf-8
[ Jul 18 2012 19:46:12 ] [::1] Timing Point: Module start 'lookfor'
[ Jul 18 2012 19:46:12 ] [::1] :
eZTemplate: Loading template "lookfor/members.tpl" with resource "design"
[ Jul 18 2012 19:46:12 ] [::1] :
extension/silicon/design/siliconnexion/templates/lookfor/members.tpl, utf-8
[ Jul 18 2012 19:46:12 ] [::1] Timing Point: Module end 'lookfor'
[ Jul 18 2012 19:46:12 ] [::1] :
eZTemplate: Loading template "pagelayout.tpl" with resource "design"
[ Jul 18 2012 19:46:12 ] [::1] :
design/siliconnexion/templates/pagelayout.tpl, utf-8
[ Jul 18 2012 19:46:12 ] [::1] Timing Point: Script end
[ Jul 18 2012 19:46:12 ] [::1] :
eZTemplate: Loading template "setup/debug_toolbar.tpl" with resource "design"
[ Jul 18 2012 19:46:12 ] [::1] :
design/standard/templates/setup/debug_toolbar.tpl, utf-8
[ Jul 18 2012 19:46:12 ] [::1] :
eZTemplate: Loading template "setup/clear_cache.tpl" with resource "design"
[ Jul 18 2012 19:46:12 ] [::1] :
design/standard/templates/setup/clear_cache.tpl, utf-8
[ Jul 18 2012 19:46:12 ] [::1] :
eZTemplate: Loading template "setup/quick_settings.tpl" with resource "design"
[ Jul 18 2012 19:46:12 ] [::1] :
design/standard/templates/setup/quick_settings.tpl, utf-8
[ Jul 18 2012 19:46:12 ] [::1] Timing Point: Module start 'ezjscore'
[ Jul 18 2012 19:46:12 ] [::1] :
eZTemplate: Loading template "searchResults/member.tpl" with resource "design"
[ Jul 18 2012 19:46:13 ] [::1] :
extension/silicon/design/siliconnexion/templates/searchResults/member.tpl, utf-8
[ Jul 18 2012 19:46:13 ] [::1] :
eZTemplate: Loading template "searchResults/member.tpl" with resource "design"
[ Jul 18 2012 19:46:13 ] [::1] :
eZTemplate: Loading template "searchResults/member.tpl" with resource "design"
[ Jul 18 2012 19:46:13 ] [::1] :
eZTemplate: Loading template "searchResults/member.tpl" with resource "design"
[ Jul 18 2012 19:46:14 ] [::1] Timing Point: Module start 'ezjscore'
[ Jul 18 2012 19:46:14 ] [::1] :
Attribute filter returned false
[ Jul 18 2012 19:46:16 ] [::1] Timing Point: Module start 'ezjscore'
[ Jul 18 2012 19:46:16 ] [::1] :
Attribute filter returned false
[ Jul 18 2012 19:46:50 ] [::1] Timing Point: Module start 'ezjscore'
[ Jul 18 2012 19:46:50 ] [::1] :
Attribute filter returned false
[ Jul 18 2012 19:47:13 ] [::1] Timing Point: Module start 'ezjscore'
[ Jul 18 2012 19:47:13 ] [::1] :
eZTemplate: Loading template "searchResults/member.tpl" with resource "design"
[ Jul 18 2012 19:47:14 ] [::1] :
extension/silicon/design/siliconnexion/templates/searchResults/member.tpl, utf-8
[ Jul 18 2012 19:47:14 ] [::1] :
eZTemplate: Loading template "searchResults/member.tpl" with resource "design"
[ Jul 18 2012 19:47:14 ] [::1] :
eZTemplate: Loading template "searchResults/member.tpl" with resource "design"
[ Jul 18 2012 19:47:14 ] [::1] :
eZTemplate: Loading template "searchResults/member.tpl" with resource "design"
[ Jul 18 2012 19:48:11 ] [::1] Timing Point: Module start 'ezjscore'
[ Jul 18 2012 19:48:11 ] [::1] :
Attribute filter returned false
[ Jul 18 2012 19:48:40 ] [::1] Timing Point: Module start 'ezjscore'
[ Jul 18 2012 19:48:40 ] [::1] :
Attribute filter returned false
[ Jul 18 2012 19:49:16 ] [::1] Timing Point: Module start 'ezjscore'
[ Jul 18 2012 19:49:16 ] [::1] :
Attribute filter returned false
[ Jul 18 2012 19:49:27 ] [::1] Timing Point: Module start 'ezjscore'
[ Jul 18 2012 19:49:27 ] [::1] :
Attribute filter returned false
[ Jul 18 2012 19:49:49 ] [::1] Timing Point: Module start 'ezjscore'
[ Jul 18 2012 19:49:49 ] [::1] :
Attribute filter returned false
[ Jul 18 2012 19:49:54 ] [::1] Timing Point: Module start 'ezjscore'
[ Jul 18 2012 19:49:54 ] [::1] :
Attribute filter returned false
[ Jul 18 2012 19:50:14 ] [::1] Timing Point: Module start 'ezjscore'
[ Jul 18 2012 19:50:14 ] [::1] :
Attribute filter returned false
[ Jul 18 2012 19:50:56 ] [::1] Timing Point: Module start 'ezjscore'
[ Jul 18 2012 19:50:56 ] [::1] :
Attribute filter returned false
[ Jul 18 2012 19:51:03 ] [::1] Timing Point: Module start 'ezjscore'
[ Jul 18 2012 19:51:03 ] [::1] :
Attribute filter returned false
[ Jul 18 2012 19:54:05 ] [::1] Timing Point: Module start 'ezjscore'
[ Jul 18 2012 19:54:05 ] [::1] :
Attribute filter returned false
[ Jul 18 2012 20:02:18 ] [::1] Timing Point: Module start 'ezjscore'
[ Jul 18 2012 20:02:18 ] [::1] :
Attribute filter returned false
[ Jul 18 2012 20:02:20 ] [::1] Timing Point: Module start 'ezjscore'
[ Jul 18 2012 20:02:20 ] [::1] :
Attribute filter returned false
[ Jul 18 2012 20:03:46 ] [::1] Timing Point: Module start 'ezjscore'
[ Jul 18 2012 20:03:46 ] [::1] :
Attribute filter returned false
[ Jul 18 2012 20:04:46 ] [::1] Timing Point: Module start 'ezjscore'
[ Jul 18 2012 20:04:46 ] [::1] :
Attribute filter returned false
[ Jul 18 2012 20:05:26 ] [::1] Timing Point: Module start 'ezjscore'
[ Jul 18 2012 20:05:26 ] [::1] :
Attribute filter returned false
[ Jul 18 2012 20:05:49 ] [::1] Timing Point: Module start 'ezjscore'
[ Jul 18 2012 20:05:49 ] [::1] :
Attribute filter returned false
[ Jul 18 2012 20:05:52 ] [::1] Timing Point: Module start 'ezjscore'
[ Jul 18 2012 20:05:52 ] [::1] :
Attribute filter returned false
[ Jul 18 2012 20:06:03 ] [::1] Timing Point: Module start 'ezjscore'
[ Jul 18 2012 20:06:03 ] [::1] :
Attribute filter returned false
[ Jul 18 2012 20:06:09 ] [::1] Timing Point: Module start 'ezjscore'
[ Jul 18 2012 20:06:09 ] [::1] :
Attribute filter returned false
[ Jul 18 2012 20:07:19 ] [::1] Timing Point: Module start 'ezjscore'
[ Jul 18 2012 20:07:19 ] [::1] :
Attribute filter returned false
[ Jul 18 2012 20:07:37 ] [::1] Timing Point: Module start 'ezjscore'
[ Jul 18 2012 20:07:37 ] [::1] :
Attribute filter returned false
[ Jul 18 2012 20:08:01 ] [::1] Timing Point: Module start 'ezjscore'
[ Jul 18 2012 20:08:01 ] [::1] :
Attribute filter returned false
[ Jul 18 2012 20:08:19 ] [::1] Timing Point: Module start 'ezjscore'
[ Jul 18 2012 20:08:19 ] [::1] :
Attribute filter returned false
[ Jul 18 2012 20:08:49 ] [::1] Timing Point: Module start 'ezjscore'
[ Jul 18 2012 20:08:49 ] [::1] :
Attribute filter returned false
[ Jul 18 2012 20:08:50 ] [::1] Timing Point: Module start 'ezjscore'
[ Jul 18 2012 20:08:50 ] [::1] :
Attribute filter returned false
[ Jul 18 2012 20:09:12 ] [::1] Timing Point: Module start 'ezjscore'
[ Jul 18 2012 20:09:12 ] [::1] :
Attribute filter returned false
[ Jul 18 2012 20:09:13 ] [::1] Timing Point: Module start 'ezjscore'
[ Jul 18 2012 20:09:13 ] [::1] :
Attribute filter returned false
[ Jul 18 2012 20:09:45 ] [::1] Timing Point: Module start 'ezjscore'
[ Jul 18 2012 20:09:45 ] [::1] :
Attribute filter returned false
[ Jul 18 2012 20:09:53 ] [::1] Timing Point: Module start 'ezjscore'
[ Jul 18 2012 20:09:53 ] [::1] :
Attribute filter returned false
[ Jul 18 2012 20:14:08 ] [::1] Timing Point: Module start 'ezjscore'
[ Jul 18 2012 20:14:08 ] [::1] PHP: E_NOTICE:
Undefined variable: crit in /www/siliconnexion/extension/silicon/classes/ezjscorelookfor.php on line 21
[ Jul 18 2012 20:14:10 ] [::1] Timing Point: Module start 'ezjscore'
[ Jul 18 2012 20:14:10 ] [::1] PHP: E_NOTICE:
Undefined variable: crit in /www/siliconnexion/extension/silicon/classes/ezjscorelookfor.php on line 21
[ Jul 18 2012 20:14:58 ] [::1] Timing Point: Module start 'ezjscore'
[ Jul 18 2012 20:14:58 ] [::1] PHP: E_NOTICE:
Undefined variable: crit in /www/siliconnexion/extension/silicon/classes/ezjscorelookfor.php on line 21
[ Jul 18 2012 20:15:00 ] [::1] Timing Point: Module start 'ezjscore'
[ Jul 18 2012 20:15:00 ] [::1] PHP: E_NOTICE:
Undefined variable: crit in /www/siliconnexion/extension/silicon/classes/ezjscorelookfor.php on line 21
[ Jul 18 2012 20:15:33 ] [::1] Timing Point: Module start 'ezjscore'
[ Jul 18 2012 20:15:33 ] [::1] PHP: E_NOTICE:
Undefined index: 68 in /www/siliconnexion/extension/silicon/classes/ezjscorelookfor.php on line 7
[ Jul 18 2012 22:41:40 ] [::1] Timing Point: Module start 'ezjscore'
[ Jul 18 2012 22:41:40 ] [::1] :
Attribute filter returned false
[ Jul 18 2012 22:47:26 ] [::1] Timing Point: Module start 'ezjscore'
[ Jul 18 2012 22:47:26 ] [::1] :
Attribute filter returned false
[ Jul 18 2012 22:56:12 ] [::1] Timing Point: Module start 'ezjscore'
[ Jul 18 2012 22:56:12 ] [::1] :
Attribute filter returned false
[ Jul 18 2012 23:11:42 ] [::1] Timing Point: Module start 'setup'
[ Jul 18 2012 23:11:42 ] [::1] eZAutoloadGenerator:
Scanning for PHP-files.
[ Jul 18 2012 23:11:42 ] [::1] eZAutoloadGenerator:
Scan complete. Found 440 PHP files.
[ Jul 18 2012 23:11:42 ] [::1] eZAutoloadGenerator:
Searching for classes (tokenizing).
[ Jul 18 2012 23:40:24 ] [::1] Timing Point: Module start 'setup'
[ Jul 18 2012 23:40:24 ] [::1] eZAutoloadGenerator:
Scanning for PHP-files.
[ Jul 18 2012 23:40:24 ] [::1] eZAutoloadGenerator:
Scan complete. Found 440 PHP files.
[ Jul 18 2012 23:40:24 ] [::1] eZAutoloadGenerator:
Searching for classes (tokenizing).
[ Aug 10 2012 16:11:22 ] [::1] Timing Point: Module start 'setup'
[ Aug 10 2012 16:11:22 ] [::1] eZAutoloadGenerator:
Scanning for PHP-files.
[ Aug 10 2012 16:11:22 ] [::1] eZAutoloadGenerator:
Scan complete. Found 442 PHP files.
[ Aug 10 2012 16:11:22 ] [::1] eZAutoloadGenerator:
Searching for classes (tokenizing).
[ Sep 11 2012 18:24:02 ] [::1] Timing Point: Module start 'api'
[ Sep 11 2012 18:24:02 ] [::1] PHP: E_NOTICE:
Undefined variable: view_parameters in /www/siliconnexion/extension/silicon/modules/api/place.php on line 3
[ Sep 11 2012 18:24:06 ] [::1] Timing Point: Module start 'api'
[ Sep 11 2012 18:24:06 ] [::1] PHP: E_NOTICE:
Undefined variable: view_parameters in /www/siliconnexion/extension/silicon/modules/api/place.php on line 3
[ Sep 14 2012 18:01:09 ] [::1] Timing Point: Module start 'api'
[ Sep 14 2012 18:01:09 ] [::1] PHP: E_NOTICE:
Undefined variable: users in /www/siliconnexion/extension/silicon/modules/api/place.php on line 45
[ Sep 14 2012 18:19:29 ] [::1] Timing Point: Module start 'api'
[ Sep 14 2012 18:19:29 ] [::1] PHP: E_NOTICE:
Undefined variable: userDm in /www/siliconnexion/extension/silicon/modules/api/place.php on line 60
[ Sep 14 2012 18:31:12 ] [::1] Timing Point: Module start 'api'
[ Sep 14 2012 18:31:12 ] [::1] PHP: E_NOTICE:
Undefined variable: o in /www/siliconnexion/extension/silicon/modules/api/place.php on line 57
[ Sep 14 2012 18:31:12 ] [::1] PHP: E_NOTICE:
Undefined variable: o in /www/siliconnexion/extension/silicon/modules/api/place.php on line 58
[ Sep 14 2012 18:31:12 ] [::1] PHP: E_NOTICE:
Undefined variable: o in /www/siliconnexion/extension/silicon/modules/api/place.php on line 57
[ Sep 14 2012 18:31:12 ] [::1] PHP: E_NOTICE:
Undefined variable: o in /www/siliconnexion/extension/silicon/modules/api/place.php on line 58
[ Sep 14 2012 18:31:12 ] [::1] PHP: E_NOTICE:
Undefined variable: o in /www/siliconnexion/extension/silicon/modules/api/place.php on line 57
[ Sep 14 2012 18:31:12 ] [::1] PHP: E_NOTICE:
Undefined variable: o in /www/siliconnexion/extension/silicon/modules/api/place.php on line 58
[ Sep 14 2012 18:31:12 ] [::1] PHP: E_NOTICE:
Undefined variable: o in /www/siliconnexion/extension/silicon/modules/api/place.php on line 57
[ Sep 14 2012 18:31:12 ] [::1] PHP: E_NOTICE:
Undefined variable: o in /www/siliconnexion/extension/silicon/modules/api/place.php on line 58
[ Sep 14 2012 18:31:12 ] [::1] PHP: E_NOTICE:
Undefined variable: o in /www/siliconnexion/extension/silicon/modules/api/place.php on line 57
[ Sep 14 2012 18:31:12 ] [::1] PHP: E_NOTICE:
Undefined variable: o in /www/siliconnexion/extension/silicon/modules/api/place.php on line 58
[ Sep 14 2012 18:31:21 ] [::1] Timing Point: Module start 'api'
[ Sep 14 2012 18:31:21 ] [::1] PHP: E_NOTICE:
Undefined variable: o in /www/siliconnexion/extension/silicon/modules/api/place.php on line 57
[ Sep 14 2012 18:31:21 ] [::1] PHP: E_NOTICE:
Undefined variable: o in /www/siliconnexion/extension/silicon/modules/api/place.php on line 58
[ Sep 14 2012 18:31:21 ] [::1] PHP: E_NOTICE:
Undefined variable: o in /www/siliconnexion/extension/silicon/modules/api/place.php on line 57
[ Sep 14 2012 18:31:21 ] [::1] PHP: E_NOTICE:
Undefined variable: o in /www/siliconnexion/extension/silicon/modules/api/place.php on line 58
[ Sep 14 2012 18:31:21 ] [::1] PHP: E_NOTICE:
Undefined variable: o in /www/siliconnexion/extension/silicon/modules/api/place.php on line 57
[ Sep 14 2012 18:31:21 ] [::1] PHP: E_NOTICE:
Undefined variable: o in /www/siliconnexion/extension/silicon/modules/api/place.php on line 58
[ Sep 14 2012 18:31:21 ] [::1] PHP: E_NOTICE:
Undefined variable: o in /www/siliconnexion/extension/silicon/modules/api/place.php on line 57
[ Sep 14 2012 18:31:21 ] [::1] PHP: E_NOTICE:
Undefined variable: o in /www/siliconnexion/extension/silicon/modules/api/place.php on line 58
[ Sep 14 2012 18:31:21 ] [::1] PHP: E_NOTICE:
Undefined variable: o in /www/siliconnexion/extension/silicon/modules/api/place.php on line 57
[ Sep 14 2012 18:31:21 ] [::1] PHP: E_NOTICE:
Undefined variable: o in /www/siliconnexion/extension/silicon/modules/api/place.php on line 58
[ Sep 14 2012 18:31:29 ] [::1] Timing Point: Module start 'api'
[ Sep 14 2012 18:31:29 ] [::1] PHP: E_NOTICE:
Undefined variable: o in /www/siliconnexion/extension/silicon/modules/api/place.php on line 57
[ Sep 14 2012 18:31:29 ] [::1] PHP: E_NOTICE:
Undefined variable: o in /www/siliconnexion/extension/silicon/modules/api/place.php on line 58
[ Sep 14 2012 18:31:29 ] [::1] PHP: E_NOTICE:
Undefined variable: o in /www/siliconnexion/extension/silicon/modules/api/place.php on line 57
[ Sep 14 2012 18:31:29 ] [::1] PHP: E_NOTICE:
Undefined variable: o in /www/siliconnexion/extension/silicon/modules/api/place.php on line 58
[ Sep 14 2012 18:31:29 ] [::1] PHP: E_NOTICE:
Undefined variable: o in /www/siliconnexion/extension/silicon/modules/api/place.php on line 57
[ Sep 14 2012 18:31:29 ] [::1] PHP: E_NOTICE:
Undefined variable: o in /www/siliconnexion/extension/silicon/modules/api/place.php on line 58
[ Sep 14 2012 18:31:39 ] [::1] Timing Point: Module start 'api'
[ Sep 14 2012 18:31:39 ] [::1] PHP: E_NOTICE:
Undefined variable: o in /www/siliconnexion/extension/silicon/modules/api/place.php on line 57
[ Sep 14 2012 18:31:39 ] [::1] PHP: E_NOTICE:
Undefined variable: o in /www/siliconnexion/extension/silicon/modules/api/place.php on line 58
[ Sep 14 2012 18:31:39 ] [::1] PHP: E_NOTICE:
Undefined variable: o in /www/siliconnexion/extension/silicon/modules/api/place.php on line 57
[ Sep 14 2012 18:31:39 ] [::1] PHP: E_NOTICE:
Undefined variable: o in /www/siliconnexion/extension/silicon/modules/api/place.php on line 58
[ Sep 14 2012 18:31:52 ] [::1] Timing Point: Module start 'api'
[ Sep 14 2012 18:31:52 ] [::1] PHP: E_NOTICE:
Undefined variable: o in /www/siliconnexion/extension/silicon/modules/api/place.php on line 57
[ Sep 14 2012 18:31:52 ] [::1] PHP: E_NOTICE:
Undefined variable: o in /www/siliconnexion/extension/silicon/modules/api/place.php on line 58
[ Sep 14 2012 18:31:52 ] [::1] PHP: E_NOTICE:
Undefined variable: o in /www/siliconnexion/extension/silicon/modules/api/place.php on line 57
[ Sep 14 2012 18:31:52 ] [::1] PHP: E_NOTICE:
Undefined variable: o in /www/siliconnexion/extension/silicon/modules/api/place.php on line 58
[ Sep 14 2012 18:31:52 ] [::1] PHP: E_NOTICE:
Undefined variable: o in /www/siliconnexion/extension/silicon/modules/api/place.php on line 57
[ Sep 14 2012 18:31:52 ] [::1] PHP: E_NOTICE:
Undefined variable: o in /www/siliconnexion/extension/silicon/modules/api/place.php on line 58
[ Sep 14 2012 18:32:04 ] [::1] Timing Point: Module start 'api'
[ Sep 14 2012 18:32:04 ] [::1] PHP: E_NOTICE:
Undefined variable: o in /www/siliconnexion/extension/silicon/modules/api/place.php on line 59
[ Sep 14 2012 18:32:04 ] [::1] PHP: E_NOTICE:
Undefined variable: o in /www/siliconnexion/extension/silicon/modules/api/place.php on line 60
[ Sep 14 2012 18:32:04 ] [::1] PHP: E_NOTICE:
Undefined variable: o in /www/siliconnexion/extension/silicon/modules/api/place.php on line 59
[ Sep 14 2012 18:32:04 ] [::1] PHP: E_NOTICE:
Undefined variable: o in /www/siliconnexion/extension/silicon/modules/api/place.php on line 60
[ Sep 14 2012 18:32:04 ] [::1] PHP: E_NOTICE:
Undefined variable: o in /www/siliconnexion/extension/silicon/modules/api/place.php on line 59
[ Sep 14 2012 18:32:04 ] [::1] PHP: E_NOTICE:
Undefined variable: o in /www/siliconnexion/extension/silicon/modules/api/place.php on line 60
[ Sep 14 2012 18:32:27 ] [::1] Timing Point: Module start 'api'
[ Sep 14 2012 18:32:27 ] [::1] PHP: E_NOTICE:
Undefined variable: o in /www/siliconnexion/extension/silicon/modules/api/place.php on line 59
[ Sep 14 2012 18:32:27 ] [::1] PHP: E_NOTICE:
Undefined variable: o in /www/siliconnexion/extension/silicon/modules/api/place.php on line 60
[ Sep 14 2012 18:32:27 ] [::1] PHP: E_NOTICE:
Undefined variable: o in /www/siliconnexion/extension/silicon/modules/api/place.php on line 59
[ Sep 14 2012 18:32:27 ] [::1] PHP: E_NOTICE:
Undefined variable: o in /www/siliconnexion/extension/silicon/modules/api/place.php on line 60
[ Sep 14 2012 18:32:27 ] [::1] PHP: E_NOTICE:
Undefined variable: o in /www/siliconnexion/extension/silicon/modules/api/place.php on line 59
[ Sep 14 2012 18:32:27 ] [::1] PHP: E_NOTICE:
Undefined variable: o in /www/siliconnexion/extension/silicon/modules/api/place.php on line 60
