[ Jul 18 2012 23:44:25 ] [::1] Timing Point: Module start 'ezjscore'
[ Jul 18 2012 23:44:25 ] [::1] PHP: E_STRICT:
call_user_func() expects parameter 1 to be a valid callback, non-static method ORExtendedFilter::CreateSqlParts() should not be called statically in /www/siliconnexion/extension/nxc_extendedfilter/classes/nxcextendedattributefilter.php on line 37
[ Jul 18 2012 23:44:31 ] [::1] Timing Point: Module start 'ezjscore'
[ Jul 18 2012 23:44:31 ] [::1] PHP: E_STRICT:
call_user_func() expects parameter 1 to be a valid callback, non-static method ORExtendedFilter::CreateSqlParts() should not be called statically in /www/siliconnexion/extension/nxc_extendedfilter/classes/nxcextendedattributefilter.php on line 37
[ Jul 18 2012 23:52:05 ] [::1] Timing Point: Module start 'ezjscore'
[ Jul 18 2012 23:52:05 ] [::1] PHP: E_STRICT:
call_user_func() expects parameter 1 to be a valid callback, non-static method eZTagsAttributeFilter::createSqlParts() should not be called statically in /www/siliconnexion/extension/nxc_extendedfilter/classes/nxcextendedattributefilter.php on line 37
[ Jul 19 2012 00:01:04 ] [::1] Timing Point: Module start 'ezjscore'
[ Jul 19 2012 00:01:04 ] [::1] PHP: E_STRICT:
call_user_func() expects parameter 1 to be a valid callback, non-static method ORExtendedFilter::CreateSqlParts() should not be called statically in /www/siliconnexion/extension/nxc_extendedfilter/classes/nxcextendedattributefilter.php on line 37
[ Jul 19 2012 00:01:15 ] [::1] Timing Point: Module start 'ezjscore'
[ Jul 19 2012 00:01:15 ] [::1] PHP: E_STRICT:
call_user_func() expects parameter 1 to be a valid callback, non-static method ORExtendedFilter::CreateSqlParts() should not be called statically in /www/siliconnexion/extension/nxc_extendedfilter/classes/nxcextendedattributefilter.php on line 37
[ Jul 19 2012 00:04:37 ] [::1] Timing Point: Module start 'ezjscore'
[ Jul 19 2012 00:04:37 ] [::1] PHP: E_STRICT:
call_user_func() expects parameter 1 to be a valid callback, non-static method ORExtendedFilter::CreateSqlParts() should not be called statically in /www/siliconnexion/extension/nxc_extendedfilter/classes/nxcextendedattributefilter.php on line 37
[ Jul 19 2012 00:04:45 ] [::1] Timing Point: Module start 'ezjscore'
[ Jul 19 2012 00:04:45 ] [::1] PHP: E_STRICT:
call_user_func() expects parameter 1 to be a valid callback, non-static method ORExtendedFilter::CreateSqlParts() should not be called statically in /www/siliconnexion/extension/nxc_extendedfilter/classes/nxcextendedattributefilter.php on line 37
[ Jul 19 2012 00:56:46 ] [::1] Timing Point: Module start 'ezjscore'
[ Jul 19 2012 00:56:46 ] [::1] PHP: E_STRICT:
call_user_func() expects parameter 1 to be a valid callback, non-static method eZTagsAttributeFilter::createSqlParts() should not be called statically in /www/siliconnexion/extension/nxc_extendedfilter/classes/nxcextendedattributefilter.php on line 37
[ Jul 19 2012 00:56:51 ] [::1] Timing Point: Module start 'ezjscore'
[ Jul 19 2012 00:56:51 ] [::1] PHP: E_STRICT:
call_user_func() expects parameter 1 to be a valid callback, non-static method eZTagsAttributeFilter::createSqlParts() should not be called statically in /www/siliconnexion/extension/nxc_extendedfilter/classes/nxcextendedattributefilter.php on line 37
[ Jul 19 2012 00:56:52 ] [::1] Timing Point: Module start 'ezjscore'
[ Jul 19 2012 00:56:52 ] [::1] PHP: E_STRICT:
call_user_func() expects parameter 1 to be a valid callback, non-static method eZTagsAttributeFilter::createSqlParts() should not be called statically in /www/siliconnexion/extension/nxc_extendedfilter/classes/nxcextendedattributefilter.php on line 37
[ Jul 19 2012 00:59:36 ] [::1] Timing Point: Module start 'ezjscore'
[ Jul 19 2012 00:59:36 ] [::1] PHP: E_STRICT:
call_user_func() expects parameter 1 to be a valid callback, non-static method eZTagsAttributeFilter::createSqlParts() should not be called statically in /www/siliconnexion/extension/nxc_extendedfilter/classes/nxcextendedattributefilter.php on line 37
[ Jul 19 2012 00:59:46 ] [::1] Timing Point: Module start 'ezjscore'
[ Jul 19 2012 00:59:46 ] [::1] PHP: E_STRICT:
call_user_func() expects parameter 1 to be a valid callback, non-static method eZTagsAttributeFilter::createSqlParts() should not be called statically in /www/siliconnexion/extension/nxc_extendedfilter/classes/nxcextendedattributefilter.php on line 37
[ Jul 19 2012 00:59:52 ] [::1] Timing Point: Module start 'ezjscore'
[ Jul 19 2012 00:59:52 ] [::1] PHP: E_STRICT:
call_user_func() expects parameter 1 to be a valid callback, non-static method eZTagsAttributeFilter::createSqlParts() should not be called statically in /www/siliconnexion/extension/nxc_extendedfilter/classes/nxcextendedattributefilter.php on line 37
[ Jul 19 2012 10:48:04 ] [::1] Timing Point: Module start 'ezjscore'
[ Jul 19 2012 10:48:04 ] [::1] PHP: E_STRICT:
call_user_func() expects parameter 1 to be a valid callback, non-static method ORExtendedFilter::CreateSqlParts() should not be called statically in /www/siliconnexion/extension/nxc_extendedfilter/classes/nxcextendedattributefilter.php on line 37
[ Jul 19 2012 10:48:07 ] [::1] Timing Point: Module start 'ezjscore'
[ Jul 19 2012 10:48:07 ] [::1] PHP: E_STRICT:
call_user_func() expects parameter 1 to be a valid callback, non-static method ORExtendedFilter::CreateSqlParts() should not be called statically in /www/siliconnexion/extension/nxc_extendedfilter/classes/nxcextendedattributefilter.php on line 37
[ Jul 19 2012 12:08:24 ] [::1] Timing Point: Module start 'ezjscore'
[ Jul 19 2012 12:08:24 ] [::1] PHP: E_STRICT:
call_user_func() expects parameter 1 to be a valid callback, non-static method ORExtendedFilter::CreateSqlParts() should not be called statically in /www/siliconnexion/extension/nxc_extendedfilter/classes/nxcextendedattributefilter.php on line 37
[ Jul 19 2012 12:09:06 ] [::1] Timing Point: Module start 'ezjscore'
[ Jul 19 2012 12:09:06 ] [::1] PHP: E_STRICT:
call_user_func() expects parameter 1 to be a valid callback, non-static method eZTagsAttributeFilter::createSqlParts() should not be called statically in /www/siliconnexion/extension/nxc_extendedfilter/classes/nxcextendedattributefilter.php on line 37
[ Jul 19 2012 12:09:10 ] [::1] Timing Point: Module start 'ezjscore'
[ Jul 19 2012 12:09:10 ] [::1] PHP: E_STRICT:
call_user_func() expects parameter 1 to be a valid callback, non-static method eZTagsAttributeFilter::createSqlParts() should not be called statically in /www/siliconnexion/extension/nxc_extendedfilter/classes/nxcextendedattributefilter.php on line 37
[ Jul 19 2012 12:09:13 ] [::1] Timing Point: Module start 'ezjscore'
[ Jul 19 2012 12:09:13 ] [::1] PHP: E_STRICT:
call_user_func() expects parameter 1 to be a valid callback, non-static method eZTagsAttributeFilter::createSqlParts() should not be called statically in /www/siliconnexion/extension/nxc_extendedfilter/classes/nxcextendedattributefilter.php on line 37
[ Jul 19 2012 12:09:16 ] [::1] Timing Point: Module start 'ezjscore'
[ Jul 19 2012 12:09:16 ] [::1] PHP: E_STRICT:
call_user_func() expects parameter 1 to be a valid callback, non-static method eZTagsAttributeFilter::createSqlParts() should not be called statically in /www/siliconnexion/extension/nxc_extendedfilter/classes/nxcextendedattributefilter.php on line 37
[ Jul 19 2012 12:09:18 ] [::1] Timing Point: Module start 'ezjscore'
[ Jul 19 2012 12:09:18 ] [::1] PHP: E_STRICT:
call_user_func() expects parameter 1 to be a valid callback, non-static method eZTagsAttributeFilter::createSqlParts() should not be called statically in /www/siliconnexion/extension/nxc_extendedfilter/classes/nxcextendedattributefilter.php on line 37
[ Jul 19 2012 12:09:20 ] [::1] Timing Point: Module start 'ezjscore'
[ Jul 19 2012 12:09:20 ] [::1] PHP: E_STRICT:
call_user_func() expects parameter 1 to be a valid callback, non-static method eZTagsAttributeFilter::createSqlParts() should not be called statically in /www/siliconnexion/extension/nxc_extendedfilter/classes/nxcextendedattributefilter.php on line 37
[ Jul 19 2012 12:09:22 ] [::1] Timing Point: Module start 'ezjscore'
[ Jul 19 2012 12:09:22 ] [::1] PHP: E_STRICT:
call_user_func() expects parameter 1 to be a valid callback, non-static method eZTagsAttributeFilter::createSqlParts() should not be called statically in /www/siliconnexion/extension/nxc_extendedfilter/classes/nxcextendedattributefilter.php on line 37
[ Jul 19 2012 12:09:26 ] [::1] Timing Point: Module start 'ezjscore'
[ Jul 19 2012 12:09:26 ] [::1] PHP: E_STRICT:
call_user_func() expects parameter 1 to be a valid callback, non-static method eZTagsAttributeFilter::createSqlParts() should not be called statically in /www/siliconnexion/extension/nxc_extendedfilter/classes/nxcextendedattributefilter.php on line 37
[ Jul 19 2012 12:09:31 ] [::1] Timing Point: Module start 'ezjscore'
[ Jul 19 2012 12:09:31 ] [::1] PHP: E_STRICT:
call_user_func() expects parameter 1 to be a valid callback, non-static method ORExtendedFilter::CreateSqlParts() should not be called statically in /www/siliconnexion/extension/nxc_extendedfilter/classes/nxcextendedattributefilter.php on line 37
[ Jul 19 2012 12:09:31 ] [::1] PHP: E_STRICT:
call_user_func() expects parameter 1 to be a valid callback, non-static method eZTagsAttributeFilter::createSqlParts() should not be called statically in /www/siliconnexion/extension/nxc_extendedfilter/classes/nxcextendedattributefilter.php on line 37
[ Jul 19 2012 12:09:33 ] [::1] Timing Point: Module start 'ezjscore'
[ Jul 19 2012 12:09:33 ] [::1] PHP: E_STRICT:
call_user_func() expects parameter 1 to be a valid callback, non-static method eZTagsAttributeFilter::createSqlParts() should not be called statically in /www/siliconnexion/extension/nxc_extendedfilter/classes/nxcextendedattributefilter.php on line 37
[ Sep 11 2012 18:16:45 ] [::1] Timing Point: Module start 'ezjscore'
[ Sep 11 2012 18:16:46 ] [::1] PHP: E_STRICT:
call_user_func() expects parameter 1 to be a valid callback, non-static method eZTagsAttributeFilter::createSqlParts() should not be called statically in /www/siliconnexion/extension/nxc_extendedfilter/classes/nxcextendedattributefilter.php on line 37
[ Sep 12 2012 18:16:46 ] [127.0.0.1] Timing Point: Module start 'ezjscore'
[ Sep 12 2012 18:16:46 ] [127.0.0.1] PHP: E_STRICT:
call_user_func() expects parameter 1 to be a valid callback, non-static method ORExtendedFilter::CreateSqlParts() should not be called statically in /www/siliconnexion/extension/nxc_extendedfilter/classes/nxcextendedattributefilter.php on line 37
