[ Jul 10 2012 20:06:49 ] [::1] Timing Point: Module end 'content'
[ Jul 10 2012 20:06:49 ] [::1] eZTemplate:attribute_view_gui @ extension/ezdemo/design/ezdemo/templates/footer/address.tpl:3[4]:
Parameter attribute is not an object
[ Jul 10 2012 20:06:49 ] [::1] eZTemplate:attribute_view_gui @ extension/ezdemo/design/ezdemo/templates/footer/feedback_form.tpl:6[12]:
Parameter attribute is not an object
[ Jul 10 2012 20:06:49 ] [::1] eZTemplate:attribute_view_gui @ extension/ezdemo/design/ezdemo/templates/footer/feedback_form.tpl:10[12]:
Parameter attribute is not an object
[ Jul 10 2012 20:06:49 ] [::1] eZTemplate:attribute_view_gui @ extension/ezdemo/design/ezdemo/templates/footer/feedback_form.tpl:14[12]:
Parameter attribute is not an object
[ Jul 10 2012 20:06:49 ] [::1] eZTemplate:attribute_view_gui @ extension/ezdemo/design/ezdemo/templates/footer/feedback_form.tpl:18[12]:
Parameter attribute is not an object
[ Jul 10 2012 20:06:52 ] [::1] Timing Point: Module end 'content'
[ Jul 10 2012 20:06:52 ] [::1] eZTemplate:attribute_view_gui @ extension/ezdemo/design/ezdemo/templates/footer/address.tpl:3[4]:
Parameter attribute is not an object
[ Jul 10 2012 20:06:52 ] [::1] eZTemplate:attribute_view_gui @ extension/ezdemo/design/ezdemo/templates/footer/feedback_form.tpl:6[12]:
Parameter attribute is not an object
[ Jul 10 2012 20:06:52 ] [::1] eZTemplate:attribute_view_gui @ extension/ezdemo/design/ezdemo/templates/footer/feedback_form.tpl:10[12]:
Parameter attribute is not an object
[ Jul 10 2012 20:06:52 ] [::1] eZTemplate:attribute_view_gui @ extension/ezdemo/design/ezdemo/templates/footer/feedback_form.tpl:14[12]:
Parameter attribute is not an object
[ Jul 10 2012 20:06:52 ] [::1] eZTemplate:attribute_view_gui @ extension/ezdemo/design/ezdemo/templates/footer/feedback_form.tpl:18[12]:
Parameter attribute is not an object
[ Jul 10 2012 20:07:21 ] [::1] Timing Point: Module end 'content'
[ Jul 10 2012 20:07:21 ] [::1] eZTemplate:attribute_view_gui @ extension/ezdemo/design/ezdemo/templates/footer/address.tpl:3[4]:
Parameter attribute is not an object
[ Jul 10 2012 20:07:21 ] [::1] eZTemplate:attribute_view_gui @ extension/ezdemo/design/ezdemo/templates/footer/feedback_form.tpl:6[12]:
Parameter attribute is not an object
[ Jul 10 2012 20:07:21 ] [::1] eZTemplate:attribute_view_gui @ extension/ezdemo/design/ezdemo/templates/footer/feedback_form.tpl:10[12]:
Parameter attribute is not an object
[ Jul 10 2012 20:07:21 ] [::1] eZTemplate:attribute_view_gui @ extension/ezdemo/design/ezdemo/templates/footer/feedback_form.tpl:14[12]:
Parameter attribute is not an object
[ Jul 10 2012 20:07:21 ] [::1] eZTemplate:attribute_view_gui @ extension/ezdemo/design/ezdemo/templates/footer/feedback_form.tpl:18[12]:
Parameter attribute is not an object
[ Jul 10 2012 20:07:21 ] [::1] Timing Point: Module end 'content'
[ Jul 10 2012 20:07:21 ] [::1] eZTemplate:attribute_view_gui @ extension/ezdemo/design/ezdemo/templates/footer/address.tpl:3[4]:
Parameter attribute is not an object
[ Jul 10 2012 20:07:21 ] [::1] eZTemplate:attribute_view_gui @ extension/ezdemo/design/ezdemo/templates/footer/feedback_form.tpl:6[12]:
Parameter attribute is not an object
[ Jul 10 2012 20:07:21 ] [::1] eZTemplate:attribute_view_gui @ extension/ezdemo/design/ezdemo/templates/footer/feedback_form.tpl:10[12]:
Parameter attribute is not an object
[ Jul 10 2012 20:07:21 ] [::1] eZTemplate:attribute_view_gui @ extension/ezdemo/design/ezdemo/templates/footer/feedback_form.tpl:14[12]:
Parameter attribute is not an object
[ Jul 10 2012 20:07:21 ] [::1] eZTemplate:attribute_view_gui @ extension/ezdemo/design/ezdemo/templates/footer/feedback_form.tpl:18[12]:
Parameter attribute is not an object
[ Jul 10 2012 20:08:51 ] [::1] Timing Point: Module end 'content'
[ Jul 10 2012 20:08:51 ] [::1] eZTemplate:attribute_view_gui @ extension/ezdemo/design/ezdemo/templates/footer/address.tpl:3[4]:
Parameter attribute is not an object
[ Jul 10 2012 20:08:51 ] [::1] eZTemplate:attribute_view_gui @ extension/ezdemo/design/ezdemo/templates/footer/feedback_form.tpl:6[12]:
Parameter attribute is not an object
[ Jul 10 2012 20:08:51 ] [::1] eZTemplate:attribute_view_gui @ extension/ezdemo/design/ezdemo/templates/footer/feedback_form.tpl:10[12]:
Parameter attribute is not an object
[ Jul 10 2012 20:08:51 ] [::1] eZTemplate:attribute_view_gui @ extension/ezdemo/design/ezdemo/templates/footer/feedback_form.tpl:14[12]:
Parameter attribute is not an object
[ Jul 10 2012 20:08:51 ] [::1] eZTemplate:attribute_view_gui @ extension/ezdemo/design/ezdemo/templates/footer/feedback_form.tpl:18[12]:
Parameter attribute is not an object
[ Jul 10 2012 20:08:52 ] [::1] Timing Point: Module end 'content'
[ Jul 10 2012 20:08:52 ] [::1] eZTemplate:attribute_view_gui @ extension/ezdemo/design/ezdemo/templates/footer/address.tpl:3[4]:
Parameter attribute is not an object
[ Jul 10 2012 20:08:52 ] [::1] eZTemplate:attribute_view_gui @ extension/ezdemo/design/ezdemo/templates/footer/feedback_form.tpl:6[12]:
Parameter attribute is not an object
[ Jul 10 2012 20:08:52 ] [::1] eZTemplate:attribute_view_gui @ extension/ezdemo/design/ezdemo/templates/footer/feedback_form.tpl:10[12]:
Parameter attribute is not an object
[ Jul 10 2012 20:08:52 ] [::1] eZTemplate:attribute_view_gui @ extension/ezdemo/design/ezdemo/templates/footer/feedback_form.tpl:14[12]:
Parameter attribute is not an object
[ Jul 10 2012 20:08:52 ] [::1] eZTemplate:attribute_view_gui @ extension/ezdemo/design/ezdemo/templates/footer/feedback_form.tpl:18[12]:
Parameter attribute is not an object
[ Jul 10 2012 20:09:21 ] [::1] Timing Point: Module end 'content'
[ Jul 10 2012 20:09:21 ] [::1] eZTemplate @ extension/ezdemo/design/ezdemo/templates/pagelayout.tpl:15[0]:
Operator 'ezpagedata' is not registered
[ Jul 10 2012 20:09:21 ] [::1] eZTemplate:attribute_view_gui @ extension/ezdemo/design/ezdemo/templates/footer/address.tpl:3[4]:
Parameter attribute is not an object
[ Jul 10 2012 20:09:21 ] [::1] eZTemplate:attribute_view_gui @ extension/ezdemo/design/ezdemo/templates/footer/feedback_form.tpl:6[12]:
Parameter attribute is not an object
[ Jul 10 2012 20:09:21 ] [::1] eZTemplate:attribute_view_gui @ extension/ezdemo/design/ezdemo/templates/footer/feedback_form.tpl:10[12]:
Parameter attribute is not an object
[ Jul 10 2012 20:09:21 ] [::1] eZTemplate:attribute_view_gui @ extension/ezdemo/design/ezdemo/templates/footer/feedback_form.tpl:14[12]:
Parameter attribute is not an object
[ Jul 10 2012 20:09:21 ] [::1] eZTemplate:attribute_view_gui @ extension/ezdemo/design/ezdemo/templates/footer/feedback_form.tpl:18[12]:
Parameter attribute is not an object
[ Jul 10 2012 20:09:22 ] [::1] Timing Point: Module end 'content'
[ Jul 10 2012 20:09:22 ] [::1] eZTemplate @ extension/ezdemo/design/ezdemo/templates/pagelayout.tpl:15[0]:
Operator 'ezpagedata' is not registered
[ Jul 10 2012 20:09:22 ] [::1] eZTemplate:attribute_view_gui @ extension/ezdemo/design/ezdemo/templates/footer/address.tpl:3[4]:
Parameter attribute is not an object
[ Jul 10 2012 20:09:22 ] [::1] eZTemplate:attribute_view_gui @ extension/ezdemo/design/ezdemo/templates/footer/feedback_form.tpl:6[12]:
Parameter attribute is not an object
[ Jul 10 2012 20:09:22 ] [::1] eZTemplate:attribute_view_gui @ extension/ezdemo/design/ezdemo/templates/footer/feedback_form.tpl:10[12]:
Parameter attribute is not an object
[ Jul 10 2012 20:09:22 ] [::1] eZTemplate:attribute_view_gui @ extension/ezdemo/design/ezdemo/templates/footer/feedback_form.tpl:14[12]:
Parameter attribute is not an object
[ Jul 10 2012 20:09:22 ] [::1] eZTemplate:attribute_view_gui @ extension/ezdemo/design/ezdemo/templates/footer/feedback_form.tpl:18[12]:
Parameter attribute is not an object
[ Jul 10 2012 21:18:30 ] [::1] Timing Point: Module start 'lookfor'
[ Jul 10 2012 21:18:30 ] [::1] eZTemplate:
No template could be loaded for "lookfor/members.tpl" using resource "design"
[ Jul 10 2012 21:19:36 ] [::1] Timing Point: Module start 'lookfor'
[ Jul 10 2012 21:19:36 ] [::1] eZTemplate:
No template could be loaded for "lookfor/members.tpl" using resource "design"
[ Jul 10 2012 21:20:48 ] [::1] Timing Point: Module start 'lookfor'
[ Jul 10 2012 21:20:48 ] [::1] eZTemplate:
No template could be loaded for "lookfor/members.tpl" using resource "design"
[ Jul 10 2012 21:26:55 ] [::1] Timing Point: Module start 'lookfor'
[ Jul 10 2012 21:26:55 ] [::1] eZTemplate:
No template could be loaded for "lookfor/members.tpl" using resource "design"
[ Jul 10 2012 21:27:17 ] [::1] Timing Point: Module start 'lookfor'
[ Jul 10 2012 21:27:17 ] [::1] eZTemplate:
No template could be loaded for "lookfor/members.tpl" using resource "design"
[ Jul 10 2012 21:29:53 ] [::1] Timing Point: Module start 'lookfor'
[ Jul 10 2012 21:29:53 ] [::1] eZTemplate:
No template could be loaded for "lookfor/members.tpl" using resource "design"
[ Jul 10 2012 21:31:44 ] [::1] Timing Point: Module start 'lookfor'
[ Jul 10 2012 21:31:44 ] [::1] eZTemplate:
No template could be loaded for "lookfor/members.tpl" using resource "design"
[ Jul 10 2012 23:07:54 ] [::1] Timing Point: Module end 'setup'
[ Jul 10 2012 23:07:54 ] [::1] PHP: E_WARNING:
Invalid argument supplied for foreach() in /www/siliconnexion/extension/ezjscore/classes/ezjscpacker.php on line 461
[ Jul 10 2012 23:07:54 ] [::1] PHP: E_WARNING:
Invalid argument supplied for foreach() in /www/siliconnexion/extension/ezjscore/classes/ezjscpacker.php on line 461
[ Jul 10 2012 23:07:58 ] [::1] Timing Point: Module end 'lookfor'
[ Jul 10 2012 23:07:58 ] [::1] PHP: E_WARNING:
Invalid argument supplied for foreach() in /www/siliconnexion/extension/ezjscore/classes/ezjscpacker.php on line 461
[ Jul 10 2012 23:42:26 ] [::1] Timing Point: Module end 'content'
[ Jul 10 2012 23:42:26 ] [::1] PHP: E_WARNING:
Invalid argument supplied for foreach() in /www/siliconnexion/extension/ezjscore/classes/ezjscpacker.php on line 461
[ Jul 10 2012 23:42:32 ] [::1] Timing Point: Module start 'content'
[ Jul 10 2012 23:42:32 ] [::1] PHP: E_WARNING:
Invalid argument supplied for foreach() in /www/siliconnexion/extension/ezjscore/classes/ezjscpacker.php on line 461
[ Jul 10 2012 23:42:32 ] [::1] PHP: E_WARNING:
Invalid argument supplied for foreach() in /www/siliconnexion/extension/ezjscore/classes/ezjscpacker.php on line 461
[ Jul 10 2012 23:42:33 ] [::1] Timing Point: Module end 'content'
[ Jul 10 2012 23:42:33 ] [::1] PHP: E_WARNING:
Invalid argument supplied for foreach() in /www/siliconnexion/extension/ezjscore/classes/ezjscpacker.php on line 461
[ Jul 10 2012 23:55:11 ] [::1] Timing Point: Module end 'content'
[ Jul 10 2012 23:55:11 ] [::1] PHP: E_WARNING:
Invalid argument supplied for foreach() in /www/siliconnexion/extension/ezjscore/classes/ezjscpacker.php on line 461
[ Jul 10 2012 23:55:16 ] [::1] Timing Point: Module end 'content'
[ Jul 10 2012 23:55:16 ] [::1] PHP: E_WARNING:
Invalid argument supplied for foreach() in /www/siliconnexion/extension/ezjscore/classes/ezjscpacker.php on line 461
[ Jul 10 2012 23:55:17 ] [::1] PHP: E_WARNING:
Invalid argument supplied for foreach() in /www/siliconnexion/extension/ezjscore/classes/ezjscpacker.php on line 461
[ Jul 11 2012 00:04:36 ] [::1] Timing Point: Module end 'class'
[ Jul 11 2012 00:04:36 ] [::1] PHP: E_WARNING:
Invalid argument supplied for foreach() in /www/siliconnexion/extension/ezjscore/classes/ezjscpacker.php on line 461
[ Jul 11 2012 00:04:37 ] [::1] PHP: E_WARNING:
Invalid argument supplied for foreach() in /www/siliconnexion/extension/ezjscore/classes/ezjscpacker.php on line 461
[ Jul 18 2012 17:39:34 ] [::1] Timing Point: Module start 'lookfor'
[ Jul 18 2012 17:39:34 ] [::1] Insufficient permissions:
Function required:
 Module : lookfor
 Function : members
 ClassID : 
 MainNodeID : 
Policies that didn't match:

[ Jul 18 2012 17:47:22 ] [::1] Timing Point: Module end 'content'
[ Jul 18 2012 17:47:22 ] [::1] PHP: E_WARNING:
Invalid argument supplied for foreach() in /www/siliconnexion/extension/ezjscore/classes/ezjscpacker.php on line 461
[ Jul 18 2012 17:54:21 ] [::1] Timing Point: Module end 'content'
[ Jul 18 2012 17:54:21 ] [::1] PHP: E_WARNING:
Invalid argument supplied for foreach() in /www/siliconnexion/extension/ezjscore/classes/ezjscpacker.php on line 461
[ Jul 18 2012 17:54:22 ] [::1] PHP: E_WARNING:
Invalid argument supplied for foreach() in /www/siliconnexion/extension/ezjscore/classes/ezjscpacker.php on line 461
[ Jul 18 2012 19:46:02 ] [::1] Timing Point: Module end 'setup'
[ Jul 18 2012 19:46:02 ] [::1] PHP: E_WARNING:
Invalid argument supplied for foreach() in /www/siliconnexion/extension/ezjscore/classes/ezjscpacker.php on line 461
[ Jul 18 2012 19:46:02 ] [::1] PHP: E_WARNING:
Invalid argument supplied for foreach() in /www/siliconnexion/extension/ezjscore/classes/ezjscpacker.php on line 461
[ Jul 18 2012 19:46:12 ] [::1] Timing Point: Module end 'lookfor'
[ Jul 18 2012 19:46:12 ] [::1] PHP: E_WARNING:
Invalid argument supplied for foreach() in /www/siliconnexion/extension/ezjscore/classes/ezjscpacker.php on line 461
[ Jul 18 2012 19:48:23 ] [::1] Timing Point: Module end 'content'
[ Jul 18 2012 19:48:23 ] [::1] PHP: E_WARNING:
Invalid argument supplied for foreach() in /www/siliconnexion/extension/ezjscore/classes/ezjscpacker.php on line 461
[ Jul 18 2012 20:27:04 ] [::1] Timing Point: Module end 'class'
[ Jul 18 2012 20:27:04 ] [::1] PHP: E_WARNING:
Invalid argument supplied for foreach() in /www/siliconnexion/extension/ezjscore/classes/ezjscpacker.php on line 461
[ Jul 18 2012 20:27:05 ] [::1] PHP: E_WARNING:
Invalid argument supplied for foreach() in /www/siliconnexion/extension/ezjscore/classes/ezjscpacker.php on line 461
[ Jul 18 2012 20:38:17 ] [::1] Timing Point: Module end 'content'
[ Jul 18 2012 20:38:17 ] [::1] PHP: E_WARNING:
Invalid argument supplied for foreach() in /www/siliconnexion/extension/ezjscore/classes/ezjscpacker.php on line 461
[ Jul 18 2012 20:38:18 ] [::1] PHP: E_WARNING:
Invalid argument supplied for foreach() in /www/siliconnexion/extension/ezjscore/classes/ezjscpacker.php on line 461
[ Jul 18 2012 20:38:56 ] [::1] Timing Point: Module end 'content'
[ Jul 18 2012 20:38:56 ] [::1] PHP: E_WARNING:
Invalid argument supplied for foreach() in /www/siliconnexion/extension/ezjscore/classes/ezjscpacker.php on line 461
[ Jul 18 2012 22:48:28 ] [::1] Timing Point: Module end 'content'
[ Jul 18 2012 22:48:28 ] [::1] PHP: E_WARNING:
Invalid argument supplied for foreach() in /www/siliconnexion/extension/ezjscore/classes/ezjscpacker.php on line 461
[ Jul 18 2012 23:40:17 ] [::1] Timing Point: Module end 'setup'
[ Jul 18 2012 23:40:17 ] [::1] PHP: E_WARNING:
Invalid argument supplied for foreach() in /www/siliconnexion/extension/ezjscore/classes/ezjscpacker.php on line 461
[ Jul 18 2012 23:40:17 ] [::1] PHP: E_WARNING:
Invalid argument supplied for foreach() in /www/siliconnexion/extension/ezjscore/classes/ezjscpacker.php on line 461
[ Jul 18 2012 23:40:31 ] [::1] Timing Point: Module end 'lookfor'
[ Jul 18 2012 23:40:31 ] [::1] PHP: E_WARNING:
Invalid argument supplied for foreach() in /www/siliconnexion/extension/ezjscore/classes/ezjscpacker.php on line 461
[ Jul 19 2012 00:29:12 ] [::1] Timing Point: Module end 'lookfor'
[ Jul 19 2012 00:29:12 ] [::1] eZTemplate:ezdesign:
Design element stylesheets/jquery-ui-1.8.21.custom.css does not exist in any design
[ Jul 19 2012 00:29:12 ] [::1] eZTemplate:ezdesign:
Tried files: extension/silicon/design/siliconnexion/stylesheets/jquery-ui-1.8.21.custom.css, design/siliconnexion/stylesheets/jquery-ui-1.8.21.custom.css, extension/ezflow/design/ezflow/stylesheets/jquery-ui-1.8.21.custom.css, design/base/stylesheets/jquery-ui-1.8.21.custom.css, extension/ezmultiupload/design/standard/stylesheets/jquery-ui-1.8.21.custom.css, extension/ezjscore/design/standard/stylesheets/jquery-ui-1.8.21.custom.css, extension/ezodf/design/standard/stylesheets/jquery-ui-1.8.21.custom.css, extension/eztags/design/standard/stylesheets/jquery-ui-1.8.21.custom.css, extension/ezautosave/design/standard/stylesheets/jquery-ui-1.8.21.custom.css, extension/ezstarrating/design/standard/stylesheets/jquery-ui-1.8.21.custom.css, extension/ezgmaplocation/design/standard/stylesheets/jquery-ui-1.8.21.custom.css, extension/ezflow/design/standard/stylesheets/jquery-ui-1.8.21.custom.css, extension/ezcomments/design/standard/stylesheets/jquery-ui-1.8.21.custom.css, extension/ezie/design/standard/stylesheets/jquery-ui-1.8.21.custom.css, extension/ezoe/design/standard/stylesheets/jquery-ui-1.8.21.custom.css, extension/ezwt/design/standard/stylesheets/jquery-ui-1.8.21.custom.css, design/standard/stylesheets/jquery-ui-1.8.21.custom.css
[ Jul 19 2012 00:29:12 ] [::1] eZTemplate:ezdesign:
Design element javascript/jquery-ui-1.8.21.custom.min.js does not exist in any design
[ Jul 19 2012 00:29:12 ] [::1] eZTemplate:ezdesign:
Tried files: extension/silicon/design/siliconnexion/javascript/jquery-ui-1.8.21.custom.min.js, design/siliconnexion/javascript/jquery-ui-1.8.21.custom.min.js, extension/ezflow/design/ezflow/javascript/jquery-ui-1.8.21.custom.min.js, design/base/javascript/jquery-ui-1.8.21.custom.min.js, extension/ezmultiupload/design/standard/javascript/jquery-ui-1.8.21.custom.min.js, extension/ezjscore/design/standard/javascript/jquery-ui-1.8.21.custom.min.js, extension/ezodf/design/standard/javascript/jquery-ui-1.8.21.custom.min.js, extension/eztags/design/standard/javascript/jquery-ui-1.8.21.custom.min.js, extension/ezautosave/design/standard/javascript/jquery-ui-1.8.21.custom.min.js, extension/ezstarrating/design/standard/javascript/jquery-ui-1.8.21.custom.min.js, extension/ezgmaplocation/design/standard/javascript/jquery-ui-1.8.21.custom.min.js, extension/ezflow/design/standard/javascript/jquery-ui-1.8.21.custom.min.js, extension/ezcomments/design/standard/javascript/jquery-ui-1.8.21.custom.min.js, extension/ezie/design/standard/javascript/jquery-ui-1.8.21.custom.min.js, extension/ezoe/design/standard/javascript/jquery-ui-1.8.21.custom.min.js, extension/ezwt/design/standard/javascript/jquery-ui-1.8.21.custom.min.js, design/standard/javascript/jquery-ui-1.8.21.custom.min.js
[ Jul 19 2012 00:38:18 ] [::1] Timing Point: Module end 'lookfor'
[ Jul 19 2012 00:38:18 ] [::1] eZTemplate:ezdesign:
Design element stylesheets/jquery-ui-1.8.21.custom.css does not exist in any design
[ Jul 19 2012 00:38:18 ] [::1] eZTemplate:ezdesign:
Tried files: extension/silicon/design/siliconnexion/stylesheets/jquery-ui-1.8.21.custom.css, design/siliconnexion/stylesheets/jquery-ui-1.8.21.custom.css, extension/ezflow/design/ezflow/stylesheets/jquery-ui-1.8.21.custom.css, design/base/stylesheets/jquery-ui-1.8.21.custom.css, extension/ezmultiupload/design/standard/stylesheets/jquery-ui-1.8.21.custom.css, extension/ezjscore/design/standard/stylesheets/jquery-ui-1.8.21.custom.css, extension/ezodf/design/standard/stylesheets/jquery-ui-1.8.21.custom.css, extension/eztags/design/standard/stylesheets/jquery-ui-1.8.21.custom.css, extension/ezautosave/design/standard/stylesheets/jquery-ui-1.8.21.custom.css, extension/ezstarrating/design/standard/stylesheets/jquery-ui-1.8.21.custom.css, extension/ezgmaplocation/design/standard/stylesheets/jquery-ui-1.8.21.custom.css, extension/ezflow/design/standard/stylesheets/jquery-ui-1.8.21.custom.css, extension/ezcomments/design/standard/stylesheets/jquery-ui-1.8.21.custom.css, extension/ezie/design/standard/stylesheets/jquery-ui-1.8.21.custom.css, extension/ezoe/design/standard/stylesheets/jquery-ui-1.8.21.custom.css, extension/ezwt/design/standard/stylesheets/jquery-ui-1.8.21.custom.css, design/standard/stylesheets/jquery-ui-1.8.21.custom.css
[ Jul 19 2012 00:38:18 ] [::1] eZTemplate:ezdesign:
Design element javascript/jquery.tagssuggests.js does not exist in any design
[ Jul 19 2012 00:38:18 ] [::1] eZTemplate:ezdesign:
Tried files: extension/silicon/design/siliconnexion/javascript/jquery.tagssuggests.js, design/siliconnexion/javascript/jquery.tagssuggests.js, extension/ezflow/design/ezflow/javascript/jquery.tagssuggests.js, design/base/javascript/jquery.tagssuggests.js, extension/ezmultiupload/design/standard/javascript/jquery.tagssuggests.js, extension/ezjscore/design/standard/javascript/jquery.tagssuggests.js, extension/ezodf/design/standard/javascript/jquery.tagssuggests.js, extension/eztags/design/standard/javascript/jquery.tagssuggests.js, extension/ezautosave/design/standard/javascript/jquery.tagssuggests.js, extension/ezstarrating/design/standard/javascript/jquery.tagssuggests.js, extension/ezgmaplocation/design/standard/javascript/jquery.tagssuggests.js, extension/ezflow/design/standard/javascript/jquery.tagssuggests.js, extension/ezcomments/design/standard/javascript/jquery.tagssuggests.js, extension/ezie/design/standard/javascript/jquery.tagssuggests.js, extension/ezoe/design/standard/javascript/jquery.tagssuggests.js, extension/ezwt/design/standard/javascript/jquery.tagssuggests.js, design/standard/javascript/jquery.tagssuggests.js
[ Jul 19 2012 10:52:47 ] [::1] Timing Point: Module end 'content'
[ Jul 19 2012 10:52:47 ] [::1] PHP: E_WARNING:
Invalid argument supplied for foreach() in /www/siliconnexion/extension/ezjscore/classes/ezjscpacker.php on line 461
[ Jul 19 2012 10:53:53 ] [::1] Timing Point: Module start 'content'
[ Jul 19 2012 10:53:53 ] [::1] PHP: E_WARNING:
Invalid argument supplied for foreach() in /www/siliconnexion/extension/ezjscore/classes/ezjscpacker.php on line 461
[ Jul 19 2012 10:53:53 ] [::1] PHP: E_WARNING:
Invalid argument supplied for foreach() in /www/siliconnexion/extension/ezjscore/classes/ezjscpacker.php on line 461
[ Jul 19 2012 10:53:59 ] [::1] Timing Point: Module end 'content'
[ Jul 19 2012 10:53:59 ] [::1] PHP: E_WARNING:
Invalid argument supplied for foreach() in /www/siliconnexion/extension/ezjscore/classes/ezjscpacker.php on line 461
[ Jul 19 2012 11:24:30 ] [::1] Timing Point: Module start 'ezjscore'
[ Jul 19 2012 11:24:30 ] [::1] eZImageManager::convert:
The filter 'geometry/scaledownwidthonly' is not supported by any of the image handlers, will ignore this filter
[ Jul 19 2012 11:24:38 ] [::1] eZImageManager::convert:
The filter 'geometry/scaledownwidthonly' is not supported by any of the image handlers, will ignore this filter
[ Jul 19 2012 11:24:42 ] [::1] eZImageManager::convert:
The filter 'geometry/scaledownwidthonly' is not supported by any of the image handlers, will ignore this filter
[ Jul 19 2012 11:24:44 ] [::1] eZImageManager::convert:
The filter 'geometry/scaledownwidthonly' is not supported by any of the image handlers, will ignore this filter
[ Aug 10 2012 15:46:09 ] [::1] Timing Point: Module end 'setup'
[ Aug 10 2012 15:46:09 ] [::1] PHP: E_WARNING:
Invalid argument supplied for foreach() in /www/siliconnexion/extension/ezjscore/classes/ezjscpacker.php on line 461
[ Aug 10 2012 15:46:09 ] [::1] PHP: E_WARNING:
Invalid argument supplied for foreach() in /www/siliconnexion/extension/ezjscore/classes/ezjscpacker.php on line 461
[ Aug 10 2012 15:46:18 ] [::1] Timing Point: Module end 'user'
[ Aug 10 2012 15:46:18 ] [::1] PHP: E_WARNING:
Invalid argument supplied for foreach() in /www/siliconnexion/extension/ezjscore/classes/ezjscpacker.php on line 461
[ Aug 10 2012 15:56:08 ] [::1] Timing Point: Module end 'user'
[ Aug 10 2012 15:56:08 ] [::1] PHP: E_WARNING:
Invalid argument supplied for foreach() in /www/siliconnexion/extension/ezjscore/classes/ezjscpacker.php on line 461
[ Aug 10 2012 16:09:28 ] [::1] Timing Point: Module start 'user'
[ Aug 10 2012 16:09:28 ] [::1] eZTemplate @ design/siliconnexion/override/templates/content/datatype/edit/eztags.tpl:1[0]:
Operator 'tags_json' is not registered
[ Aug 10 2012 16:09:38 ] [::1] Timing Point: Module start 'user'
[ Aug 10 2012 16:09:38 ] [::1] eZTemplate @ design/siliconnexion/override/templates/content/datatype/edit/eztags.tpl:1[0]:
Operator 'tags_json' is not registered
[ Aug 10 2012 16:10:38 ] [::1] Timing Point: Module start 'user'
[ Aug 10 2012 16:10:38 ] [::1] eZTemplate @ design/siliconnexion/override/templates/content/datatype/edit/eztags.tpl:1[0]:
Operator 'tags_json' is not registered
[ Aug 10 2012 16:11:11 ] [::1] Timing Point: Module start 'user'
[ Aug 10 2012 16:11:11 ] [::1] eZTemplate @ design/siliconnexion/override/templates/content/datatype/edit/eztags.tpl:1[0]:
Operator 'tags_json' is not registered
[ Aug 10 2012 16:11:24 ] [::1] Timing Point: Module start 'user'
[ Aug 10 2012 16:11:24 ] [::1] eZTemplate @ design/siliconnexion/override/templates/content/datatype/edit/eztags.tpl:1[0]:
Operator 'tags_json' is not registered
[ Aug 10 2012 16:11:35 ] [::1] Timing Point: Module start 'user'
[ Aug 10 2012 16:11:35 ] [::1] eZTemplate @ design/siliconnexion/override/templates/content/datatype/edit/eztags.tpl:1[0]:
Operator 'tags_json' is not registered
[ Aug 10 2012 16:11:50 ] [::1] Timing Point: Module start 'user'
[ Aug 10 2012 16:11:50 ] [::1] eZTemplate @ design/siliconnexion/override/templates/content/datatype/edit/eztags.tpl:1[0]:
Operator 'tags_json' is not registered
[ Aug 10 2012 16:12:00 ] [::1] Timing Point: Module end 'setup'
[ Aug 10 2012 16:12:00 ] [::1] PHP: E_WARNING:
Invalid argument supplied for foreach() in /www/siliconnexion/extension/ezjscore/classes/ezjscpacker.php on line 461
[ Aug 10 2012 16:12:00 ] [::1] PHP: E_WARNING:
Invalid argument supplied for foreach() in /www/siliconnexion/extension/ezjscore/classes/ezjscpacker.php on line 461
[ Aug 10 2012 16:12:02 ] [::1] Timing Point: Module start 'user'
[ Aug 10 2012 16:12:02 ] [::1] eZTemplate @ design/siliconnexion/override/templates/content/datatype/edit/eztags.tpl:1[0]:
Operator 'tags_json' is not registered
[ Aug 10 2012 16:12:03 ] [::1] Timing Point: Module end 'user'
[ Aug 10 2012 16:12:03 ] [::1] PHP: E_WARNING:
Invalid argument supplied for foreach() in /www/siliconnexion/extension/ezjscore/classes/ezjscpacker.php on line 461
[ Aug 10 2012 16:13:56 ] [::1] Timing Point: Module end 'setup'
[ Aug 10 2012 16:13:56 ] [::1] PHP: E_WARNING:
Invalid argument supplied for foreach() in /www/siliconnexion/extension/ezjscore/classes/ezjscpacker.php on line 461
[ Aug 10 2012 16:13:56 ] [::1] PHP: E_WARNING:
Invalid argument supplied for foreach() in /www/siliconnexion/extension/ezjscore/classes/ezjscpacker.php on line 461
[ Aug 10 2012 16:13:58 ] [::1] Timing Point: Module end 'user'
[ Aug 10 2012 16:13:58 ] [::1] PHP: E_WARNING:
Invalid argument supplied for foreach() in /www/siliconnexion/extension/ezjscore/classes/ezjscpacker.php on line 461
[ Aug 10 2012 16:29:39 ] [::1] Timing Point: Module end 'user'
[ Aug 10 2012 16:29:39 ] [::1] PHP: E_WARNING:
Invalid argument supplied for foreach() in /www/siliconnexion/extension/ezjscore/classes/ezjscpacker.php on line 461
[ Aug 10 2012 16:29:39 ] [::1] PHP: E_WARNING:
Invalid argument supplied for foreach() in /www/siliconnexion/extension/ezjscore/classes/ezjscpacker.php on line 461
[ Sep 03 2012 21:07:00 ] [::1] Timing Point: Module end 'lookfor'
[ Sep 03 2012 21:07:00 ] [::1] PHP: E_WARNING:
Invalid argument supplied for foreach() in /www/siliconnexion/extension/ezjscore/classes/ezjscpacker.php on line 461
[ Sep 11 2012 18:23:11 ] [::1] Timing Point: Module end 'content'
[ Sep 11 2012 18:23:11 ] [::1] PHP: E_WARNING:
Invalid argument supplied for foreach() in /www/siliconnexion/extension/ezjscore/classes/ezjscpacker.php on line 461
[ Sep 14 2012 18:00:05 ] [::1] Timing Point: Module start 'api'
[ Sep 14 2012 18:00:05 ] [::1] Insufficient permissions:
Function required:
 Module : api
 Function : place
 ClassID : 
 MainNodeID : 
Policies that didn't match:

[ Sep 14 2012 18:11:55 ] [::1] Timing Point: Module end 'content'
[ Sep 14 2012 18:11:55 ] [::1] PHP: E_WARNING:
Invalid argument supplied for foreach() in /www/siliconnexion/extension/ezjscore/classes/ezjscpacker.php on line 461
[ Sep 14 2012 18:22:38 ] [::1] Timing Point: Module end 'class'
[ Sep 14 2012 18:22:38 ] [::1] PHP: E_WARNING:
Invalid argument supplied for foreach() in /www/siliconnexion/extension/ezjscore/classes/ezjscpacker.php on line 461
[ Sep 14 2012 18:22:38 ] [::1] PHP: E_WARNING:
Invalid argument supplied for foreach() in /www/siliconnexion/extension/ezjscore/classes/ezjscpacker.php on line 461
[ Sep 14 2012 21:12:36 ] [::1] Timing Point: Module start 'api'
[ Sep 14 2012 21:12:36 ] [::1] Insufficient permissions:
Function required:
 Module : api
 Function : place
 ClassID : 
 MainNodeID : 
Policies that didn't match:

